[0.222s] Invoking command in '/mnt/d/programming/ROS2/ROS2_WS/build/my_cpp_package': CMAKE_PREFIX_PATH=${CMAKE_PREFIX_PATH}:/mnt/d/Programming/ROS2/ROS2_WS/install/my_python_pkg:/opt/ros/foxy /usr/bin/cmake --build /mnt/d/programming/ROS2/ROS2_WS/build/my_cpp_package -- -j12 -l12
[0.672s] [ 83%] Built target cpp_node
[0.673s] [ 83%] Built target publisher
[0.681s] [100%] Built target subscriber
[1.145s] Invoked command in '/mnt/d/programming/ROS2/ROS2_WS/build/my_cpp_package' returned '0': CMAKE_PREFIX_PATH=${CMAKE_PREFIX_PATH}:/mnt/d/Programming/ROS2/ROS2_WS/install/my_python_pkg:/opt/ros/foxy /usr/bin/cmake --build /mnt/d/programming/ROS2/ROS2_WS/build/my_cpp_package -- -j12 -l12
[1.261s] Invoking command in '/mnt/d/programming/ROS2/ROS2_WS/build/my_cpp_package': CMAKE_PREFIX_PATH=${CMAKE_PREFIX_PATH}:/mnt/d/Programming/ROS2/ROS2_WS/install/my_python_pkg:/opt/ros/foxy /usr/bin/cmake --install /mnt/d/programming/ROS2/ROS2_WS/build/my_cpp_package
[1.276s] -- Install configuration: ""
[1.355s] -- Up-to-date: /mnt/d/Programming/ROS2/ROS2_WS/install/my_cpp_package/lib/my_cpp_package/cpp_node
[1.452s] -- Up-to-date: /mnt/d/Programming/ROS2/ROS2_WS/install/my_cpp_package/lib/my_cpp_package/publisher
[1.579s] -- Up-to-date: /mnt/d/Programming/ROS2/ROS2_WS/install/my_cpp_package/lib/my_cpp_package/subscriber
[1.671s] -- Up-to-date: /mnt/d/Programming/ROS2/ROS2_WS/install/my_cpp_package/share/ament_index/resource_index/package_run_dependencies/my_cpp_package
[1.723s] -- Up-to-date: /mnt/d/Programming/ROS2/ROS2_WS/install/my_cpp_package/share/ament_index/resource_index/parent_prefix_path/my_cpp_package
[1.753s] -- Up-to-date: /mnt/d/Programming/ROS2/ROS2_WS/install/my_cpp_package/share/my_cpp_package/environment/ament_prefix_path.sh
[1.803s] -- Up-to-date: /mnt/d/Programming/ROS2/ROS2_WS/install/my_cpp_package/share/my_cpp_package/environment/ament_prefix_path.dsv
[1.833s] -- Up-to-date: /mnt/d/Programming/ROS2/ROS2_WS/install/my_cpp_package/share/my_cpp_package/environment/path.sh
[1.878s] -- Up-to-date: /mnt/d/Programming/ROS2/ROS2_WS/install/my_cpp_package/share/my_cpp_package/environment/path.dsv
[1.922s] -- Up-to-date: /mnt/d/Programming/ROS2/ROS2_WS/install/my_cpp_package/share/my_cpp_package/local_setup.bash
[1.967s] -- Up-to-date: /mnt/d/Programming/ROS2/ROS2_WS/install/my_cpp_package/share/my_cpp_package/local_setup.sh
[2.009s] -- Up-to-date: /mnt/d/Programming/ROS2/ROS2_WS/install/my_cpp_package/share/my_cpp_package/local_setup.zsh
[2.035s] -- Up-to-date: /mnt/d/Programming/ROS2/ROS2_WS/install/my_cpp_package/share/my_cpp_package/local_setup.dsv
[2.078s] -- Installing: /mnt/d/Programming/ROS2/ROS2_WS/install/my_cpp_package/share/my_cpp_package/package.dsv
[2.205s] -- Up-to-date: /mnt/d/Programming/ROS2/ROS2_WS/install/my_cpp_package/share/ament_index/resource_index/packages/my_cpp_package
[2.260s] -- Up-to-date: /mnt/d/Programming/ROS2/ROS2_WS/install/my_cpp_package/share/my_cpp_package/cmake/my_cpp_packageConfig.cmake
[2.298s] -- Up-to-date: /mnt/d/Programming/ROS2/ROS2_WS/install/my_cpp_package/share/my_cpp_package/cmake/my_cpp_packageConfig-version.cmake
[2.334s] -- Up-to-date: /mnt/d/Programming/ROS2/ROS2_WS/install/my_cpp_package/share/my_cpp_package/package.xml
[2.355s] Invoked command in '/mnt/d/programming/ROS2/ROS2_WS/build/my_cpp_package' returned '0': CMAKE_PREFIX_PATH=${CMAKE_PREFIX_PATH}:/mnt/d/Programming/ROS2/ROS2_WS/install/my_python_pkg:/opt/ros/foxy /usr/bin/cmake --install /mnt/d/programming/ROS2/ROS2_WS/build/my_cpp_package
