[0.108s] Invoking command in '/mnt/d/Programming/ROS2/ROS2_WS/build/my_cpp_package': CMAKE_PREFIX_PATH=${CMAKE_PREFIX_PATH}:/mnt/d/Programming/ROS2/ROS2_WS/install/my_python_pkg:/opt/ros/foxy /usr/bin/cmake --build /mnt/d/Programming/ROS2/ROS2_WS/build/my_cpp_package -- -j12 -l12
[0.305s] -- Found ament_cmake: 0.9.9 (/opt/ros/foxy/share/ament_cmake/cmake)
[0.497s] -- Using PYTHON_EXECUTABLE: /usr/bin/python3
[1.212s] -- Found rclcpp: 2.4.0 (/opt/ros/foxy/share/rclcpp/cmake)
[1.482s] -- Using all available rosidl_typesupport_c: rosidl_typesupport_fastrtps_c;rosidl_typesupport_introspection_c
[1.489s] -- Found rosidl_adapter: 1.2.1 (/opt/ros/foxy/share/rosidl_adapter/cmake)
[6.597s] -- Using all available rosidl_typesupport_cpp: rosidl_typesupport_fastrtps_cpp;rosidl_typesupport_introspection_cpp
[6.687s] -- Found rmw_implementation_cmake: 1.0.3 (/opt/ros/foxy/share/rmw_implementation_cmake/cmake)
[6.699s] -- Using RMW implementation 'rmw_fastrtps_cpp' as default
[6.891s] -- Found example_interfaces: 0.9.1 (/opt/ros/foxy/share/example_interfaces/cmake)
[7.029s] CMake Error at /opt/ros/foxy/share/ament_cmake_target_dependencies/cmake/ament_target_dependencies.cmake:42 (message):
[7.032s]   ament_target_dependencies() the first argument must be a valid target name
[7.033s] Call Stack (most recent call first):
[7.034s]   CMakeLists.txt:28 (ament_target_dependencies)
[7.036s] 
[7.037s] 
[7.045s] -- Configuring incomplete, errors occurred!
[7.046s] See also "/mnt/d/Programming/ROS2/ROS2_WS/build/my_cpp_package/CMakeFiles/CMakeOutput.log".
[7.048s] See also "/mnt/d/Programming/ROS2/ROS2_WS/build/my_cpp_package/CMakeFiles/CMakeError.log".
[7.063s] make: *** [Makefile:354: cmake_check_build_system] Error 1
[7.065s] Invoked command in '/mnt/d/Programming/ROS2/ROS2_WS/build/my_cpp_package' returned '2': CMAKE_PREFIX_PATH=${CMAKE_PREFIX_PATH}:/mnt/d/Programming/ROS2/ROS2_WS/install/my_python_pkg:/opt/ros/foxy /usr/bin/cmake --build /mnt/d/Programming/ROS2/ROS2_WS/build/my_cpp_package -- -j12 -l12
