[0.428s] Invoking command in '/mnt/d/Programming/ROS2/ROS2_WS/build/my_cpp_package': CMAKE_PREFIX_PATH=/mnt/d/Programming/ROS2/ROS2_WS/install/my_interface_pkg:/mnt/d/Programming/ROS2/ROS2_WS/install/my_cpp_package:/mnt/d/Programming/ROS2/ROS2_WS/install/my_python_pkg:/opt/ros/foxy PYTHONPATH=/mnt/d/Programming/ROS2/ROS2_WS/install/my_interface_pkg/lib/python3.8/site-packages:/mnt/d/programming/ROS2/ROS2_WS/build/my_python_pkg:/mnt/d/Programming/ROS2/ROS2_WS/install/my_python_pkg/lib/python3.8/site-packages:/opt/ros/foxy/lib/python3.8/site-packages /usr/bin/cmake --build /mnt/d/Programming/ROS2/ROS2_WS/build/my_cpp_package -- -j12 -l12
[0.833s] -- Found ament_cmake: 0.9.9 (/opt/ros/foxy/share/ament_cmake/cmake)
[1.182s] -- Using PYTHON_EXECUTABLE: /usr/bin/python3
[2.194s] -- Found rclcpp: 2.4.0 (/opt/ros/foxy/share/rclcpp/cmake)
[2.454s] -- Using all available rosidl_typesupport_c: rosidl_typesupport_fastrtps_c;rosidl_typesupport_introspection_c
[2.458s] -- Found rosidl_adapter: 1.2.1 (/opt/ros/foxy/share/rosidl_adapter/cmake)
[6.954s] -- Using all available rosidl_typesupport_cpp: rosidl_typesupport_fastrtps_cpp;rosidl_typesupport_introspection_cpp
[7.043s] -- Found rmw_implementation_cmake: 1.0.3 (/opt/ros/foxy/share/rmw_implementation_cmake/cmake)
[7.055s] -- Using RMW implementation 'rmw_fastrtps_cpp' as default
[7.231s] -- Found example_interfaces: 0.9.1 (/opt/ros/foxy/share/example_interfaces/cmake)
[7.389s] -- Found my_interface_pkg: 0.0.0 (/mnt/d/Programming/ROS2/ROS2_WS/install/my_interface_pkg/share/my_interface_pkg/cmake)
[8.756s] -- Configuring done
[9.556s] -- Generating done
[9.705s] -- Build files have been written to: /mnt/d/Programming/ROS2/ROS2_WS/build/my_cpp_package
[10.115s] [35m[1mScanning dependencies of target number_publisher[0m
[10.270s] [35m[1mScanning dependencies of target hw_status_check_cpp[0m
[10.379s] [ 31%] Built target publisher
[10.383s] [ 37%] Built target cpp_node
[10.387s] [ 37%] Built target subscriber
[10.427s] [ 50%] Built target add_two_ints_server
[10.464s] [ 62%] Built target add_two_ints_client_no_oop
[10.554s] [ 75%] Built target add_two_ints_client_oop
[11.638s] [ 81%] [32mBuilding CXX object CMakeFiles/number_publisher.dir/src/number_publisher.cpp.o[0m
[12.230s] [ 87%] [32mBuilding CXX object CMakeFiles/hw_status_check_cpp.dir/src/hw_status_check_cpp.cpp.o[0m
[17.389s] [ 93%] [32m[1mLinking CXX executable number_publisher[0m
[19.627s] [100%] [32m[1mLinking CXX executable hw_status_check_cpp[0m
[20.040s] [100%] Built target number_publisher
[22.171s] [100%] Built target hw_status_check_cpp
[22.334s] Invoked command in '/mnt/d/Programming/ROS2/ROS2_WS/build/my_cpp_package' returned '0': CMAKE_PREFIX_PATH=/mnt/d/Programming/ROS2/ROS2_WS/install/my_interface_pkg:/mnt/d/Programming/ROS2/ROS2_WS/install/my_cpp_package:/mnt/d/Programming/ROS2/ROS2_WS/install/my_python_pkg:/opt/ros/foxy PYTHONPATH=/mnt/d/Programming/ROS2/ROS2_WS/install/my_interface_pkg/lib/python3.8/site-packages:/mnt/d/programming/ROS2/ROS2_WS/build/my_python_pkg:/mnt/d/Programming/ROS2/ROS2_WS/install/my_python_pkg/lib/python3.8/site-packages:/opt/ros/foxy/lib/python3.8/site-packages /usr/bin/cmake --build /mnt/d/Programming/ROS2/ROS2_WS/build/my_cpp_package -- -j12 -l12
[23.679s] Invoking command in '/mnt/d/Programming/ROS2/ROS2_WS/build/my_cpp_package': CMAKE_PREFIX_PATH=/mnt/d/Programming/ROS2/ROS2_WS/install/my_interface_pkg:/mnt/d/Programming/ROS2/ROS2_WS/install/my_cpp_package:/mnt/d/Programming/ROS2/ROS2_WS/install/my_python_pkg:/opt/ros/foxy PYTHONPATH=/mnt/d/Programming/ROS2/ROS2_WS/install/my_interface_pkg/lib/python3.8/site-packages:/mnt/d/programming/ROS2/ROS2_WS/build/my_python_pkg:/mnt/d/Programming/ROS2/ROS2_WS/install/my_python_pkg/lib/python3.8/site-packages:/opt/ros/foxy/lib/python3.8/site-packages /usr/bin/cmake --install /mnt/d/Programming/ROS2/ROS2_WS/build/my_cpp_package
[23.803s] -- Install configuration: ""
[23.839s] -- Up-to-date: /mnt/d/Programming/ROS2/ROS2_WS/install/my_cpp_package/lib/my_cpp_package/cpp_node
[23.905s] -- Up-to-date: /mnt/d/Programming/ROS2/ROS2_WS/install/my_cpp_package/lib/my_cpp_package/publisher
[23.975s] -- Up-to-date: /mnt/d/Programming/ROS2/ROS2_WS/install/my_cpp_package/lib/my_cpp_package/subscriber
[24.042s] -- Up-to-date: /mnt/d/Programming/ROS2/ROS2_WS/install/my_cpp_package/lib/my_cpp_package/add_two_ints_server
[24.110s] -- Up-to-date: /mnt/d/Programming/ROS2/ROS2_WS/install/my_cpp_package/lib/my_cpp_package/add_two_ints_client_no_oop
[24.181s] -- Up-to-date: /mnt/d/Programming/ROS2/ROS2_WS/install/my_cpp_package/lib/my_cpp_package/add_two_ints_client_oop
[24.245s] -- Installing: /mnt/d/Programming/ROS2/ROS2_WS/install/my_cpp_package/lib/my_cpp_package/hw_status_check_cpp
[24.358s] -- Set runtime path of "/mnt/d/Programming/ROS2/ROS2_WS/install/my_cpp_package/lib/my_cpp_package/hw_status_check_cpp" to ""
[24.376s] -- Installing: /mnt/d/Programming/ROS2/ROS2_WS/install/my_cpp_package/lib/my_cpp_package/number_publisher
[24.497s] -- Set runtime path of "/mnt/d/Programming/ROS2/ROS2_WS/install/my_cpp_package/lib/my_cpp_package/number_publisher" to ""
[24.524s] -- Up-to-date: /mnt/d/Programming/ROS2/ROS2_WS/install/my_cpp_package/share/ament_index/resource_index/package_run_dependencies/my_cpp_package
[24.555s] -- Installing: /mnt/d/Programming/ROS2/ROS2_WS/install/my_cpp_package/share/ament_index/resource_index/parent_prefix_path/my_cpp_package
[24.635s] -- Up-to-date: /mnt/d/Programming/ROS2/ROS2_WS/install/my_cpp_package/share/my_cpp_package/environment/ament_prefix_path.sh
[24.659s] -- Installing: /mnt/d/Programming/ROS2/ROS2_WS/install/my_cpp_package/share/my_cpp_package/environment/ament_prefix_path.dsv
[24.722s] -- Up-to-date: /mnt/d/Programming/ROS2/ROS2_WS/install/my_cpp_package/share/my_cpp_package/environment/path.sh
[24.742s] -- Installing: /mnt/d/Programming/ROS2/ROS2_WS/install/my_cpp_package/share/my_cpp_package/environment/path.dsv
[24.807s] -- Up-to-date: /mnt/d/Programming/ROS2/ROS2_WS/install/my_cpp_package/share/my_cpp_package/local_setup.bash
[24.827s] -- Up-to-date: /mnt/d/Programming/ROS2/ROS2_WS/install/my_cpp_package/share/my_cpp_package/local_setup.sh
[24.846s] -- Up-to-date: /mnt/d/Programming/ROS2/ROS2_WS/install/my_cpp_package/share/my_cpp_package/local_setup.zsh
[24.865s] -- Installing: /mnt/d/Programming/ROS2/ROS2_WS/install/my_cpp_package/share/my_cpp_package/local_setup.dsv
[24.920s] -- Installing: /mnt/d/Programming/ROS2/ROS2_WS/install/my_cpp_package/share/my_cpp_package/package.dsv
[24.989s] -- Up-to-date: /mnt/d/Programming/ROS2/ROS2_WS/install/my_cpp_package/share/ament_index/resource_index/packages/my_cpp_package
[25.007s] -- Up-to-date: /mnt/d/Programming/ROS2/ROS2_WS/install/my_cpp_package/share/my_cpp_package/cmake/my_cpp_packageConfig.cmake
[25.022s] -- Up-to-date: /mnt/d/Programming/ROS2/ROS2_WS/install/my_cpp_package/share/my_cpp_package/cmake/my_cpp_packageConfig-version.cmake
[25.041s] -- Up-to-date: /mnt/d/Programming/ROS2/ROS2_WS/install/my_cpp_package/share/my_cpp_package/package.xml
[25.054s] Invoked command in '/mnt/d/Programming/ROS2/ROS2_WS/build/my_cpp_package' returned '0': CMAKE_PREFIX_PATH=/mnt/d/Programming/ROS2/ROS2_WS/install/my_interface_pkg:/mnt/d/Programming/ROS2/ROS2_WS/install/my_cpp_package:/mnt/d/Programming/ROS2/ROS2_WS/install/my_python_pkg:/opt/ros/foxy PYTHONPATH=/mnt/d/Programming/ROS2/ROS2_WS/install/my_interface_pkg/lib/python3.8/site-packages:/mnt/d/programming/ROS2/ROS2_WS/build/my_python_pkg:/mnt/d/Programming/ROS2/ROS2_WS/install/my_python_pkg/lib/python3.8/site-packages:/opt/ros/foxy/lib/python3.8/site-packages /usr/bin/cmake --install /mnt/d/Programming/ROS2/ROS2_WS/build/my_cpp_package
