[0.230s] Invoking command in '/mnt/d/programming/ROS2/ROS2_WS/build/my_cpp_package': CMAKE_PREFIX_PATH=${CMAKE_PREFIX_PATH}:/mnt/d/Programming/ROS2/ROS2_WS/install/my_python_pkg:/opt/ros/foxy /usr/bin/cmake --build /mnt/d/programming/ROS2/ROS2_WS/build/my_cpp_package -- -j12 -l12
[0.736s] [100%] Built target cpp_node
[0.738s] [100%] Built target publisher
[0.740s] [100%] Built target subscriber
[1.239s] Invoked command in '/mnt/d/programming/ROS2/ROS2_WS/build/my_cpp_package' returned '0': CMAKE_PREFIX_PATH=${CMAKE_PREFIX_PATH}:/mnt/d/Programming/ROS2/ROS2_WS/install/my_python_pkg:/opt/ros/foxy /usr/bin/cmake --build /mnt/d/programming/ROS2/ROS2_WS/build/my_cpp_package -- -j12 -l12
[1.356s] Invoking command in '/mnt/d/programming/ROS2/ROS2_WS/build/my_cpp_package': CMAKE_PREFIX_PATH=${CMAKE_PREFIX_PATH}:/mnt/d/Programming/ROS2/ROS2_WS/install/my_python_pkg:/opt/ros/foxy /usr/bin/cmake --install /mnt/d/programming/ROS2/ROS2_WS/build/my_cpp_package
[1.372s] -- Install configuration: ""
[1.451s] -- Up-to-date: /mnt/d/Programming/ROS2/ROS2_WS/install/my_cpp_package/lib/my_cpp_package/cpp_node
[1.551s] -- Up-to-date: /mnt/d/Programming/ROS2/ROS2_WS/install/my_cpp_package/lib/my_cpp_package/publisher
[1.678s] -- Up-to-date: /mnt/d/Programming/ROS2/ROS2_WS/install/my_cpp_package/lib/my_cpp_package/subscriber
[1.770s] -- Up-to-date: /mnt/d/Programming/ROS2/ROS2_WS/install/my_cpp_package/share/ament_index/resource_index/package_run_dependencies/my_cpp_package
[1.842s] -- Up-to-date: /mnt/d/Programming/ROS2/ROS2_WS/install/my_cpp_package/share/ament_index/resource_index/parent_prefix_path/my_cpp_package
[1.870s] -- Up-to-date: /mnt/d/Programming/ROS2/ROS2_WS/install/my_cpp_package/share/my_cpp_package/environment/ament_prefix_path.sh
[1.909s] -- Up-to-date: /mnt/d/Programming/ROS2/ROS2_WS/install/my_cpp_package/share/my_cpp_package/environment/ament_prefix_path.dsv
[1.933s] -- Up-to-date: /mnt/d/Programming/ROS2/ROS2_WS/install/my_cpp_package/share/my_cpp_package/environment/path.sh
[1.967s] -- Up-to-date: /mnt/d/Programming/ROS2/ROS2_WS/install/my_cpp_package/share/my_cpp_package/environment/path.dsv
[2.003s] -- Up-to-date: /mnt/d/Programming/ROS2/ROS2_WS/install/my_cpp_package/share/my_cpp_package/local_setup.bash
[2.039s] -- Up-to-date: /mnt/d/Programming/ROS2/ROS2_WS/install/my_cpp_package/share/my_cpp_package/local_setup.sh
[2.072s] -- Up-to-date: /mnt/d/Programming/ROS2/ROS2_WS/install/my_cpp_package/share/my_cpp_package/local_setup.zsh
[2.097s] -- Up-to-date: /mnt/d/Programming/ROS2/ROS2_WS/install/my_cpp_package/share/my_cpp_package/local_setup.dsv
[2.136s] -- Installing: /mnt/d/Programming/ROS2/ROS2_WS/install/my_cpp_package/share/my_cpp_package/package.dsv
[2.286s] -- Up-to-date: /mnt/d/Programming/ROS2/ROS2_WS/install/my_cpp_package/share/ament_index/resource_index/packages/my_cpp_package
[2.336s] -- Up-to-date: /mnt/d/Programming/ROS2/ROS2_WS/install/my_cpp_package/share/my_cpp_package/cmake/my_cpp_packageConfig.cmake
[2.376s] -- Up-to-date: /mnt/d/Programming/ROS2/ROS2_WS/install/my_cpp_package/share/my_cpp_package/cmake/my_cpp_packageConfig-version.cmake
[2.403s] -- Up-to-date: /mnt/d/Programming/ROS2/ROS2_WS/install/my_cpp_package/share/my_cpp_package/package.xml
[2.428s] Invoked command in '/mnt/d/programming/ROS2/ROS2_WS/build/my_cpp_package' returned '0': CMAKE_PREFIX_PATH=${CMAKE_PREFIX_PATH}:/mnt/d/Programming/ROS2/ROS2_WS/install/my_python_pkg:/opt/ros/foxy /usr/bin/cmake --install /mnt/d/programming/ROS2/ROS2_WS/build/my_cpp_package
