[5.438s] Invoking command in '/mnt/d/Programming/ROS2/ROS2_WS/src/my_python_pkg': PYTHONPATH=/mnt/d/Programming/ROS2/ROS2_WS/install/my_python_pkg/lib/python3.8/site-packages:${PYTHONPATH} /usr/bin/python3 setup.py egg_info --egg-base ../../build/my_python_pkg build --build-base /mnt/d/Programming/ROS2/ROS2_WS/build/my_python_pkg/build install --prefix /mnt/d/Programming/ROS2/ROS2_WS/install/my_python_pkg --record /mnt/d/Programming/ROS2/ROS2_WS/build/my_python_pkg/install.log --single-version-externally-managed
[7.446s] running egg_info
[7.460s] writing ../../build/my_python_pkg/my_python_pkg.egg-info/PKG-INFO
[7.474s] writing dependency_links to ../../build/my_python_pkg/my_python_pkg.egg-info/dependency_links.txt
[7.486s] writing entry points to ../../build/my_python_pkg/my_python_pkg.egg-info/entry_points.txt
[7.497s] writing requirements to ../../build/my_python_pkg/my_python_pkg.egg-info/requires.txt
[7.503s] writing top-level names to ../../build/my_python_pkg/my_python_pkg.egg-info/top_level.txt
[7.714s] reading manifest file '../../build/my_python_pkg/my_python_pkg.egg-info/SOURCES.txt'
[7.850s] writing manifest file '../../build/my_python_pkg/my_python_pkg.egg-info/SOURCES.txt'
[7.856s] running build
[7.858s] running build_py
[7.891s] copying my_python_pkg/my_first_python_node.py -> /mnt/d/Programming/ROS2/ROS2_WS/build/my_python_pkg/build/lib/my_python_pkg
[7.959s] running install
[7.973s] running install_lib
[8.048s] copying /mnt/d/Programming/ROS2/ROS2_WS/build/my_python_pkg/build/lib/my_python_pkg/my_first_python_node.py -> /mnt/d/Programming/ROS2/ROS2_WS/install/my_python_pkg/lib/python3.8/site-packages/my_python_pkg
[8.156s] byte-compiling /mnt/d/Programming/ROS2/ROS2_WS/install/my_python_pkg/lib/python3.8/site-packages/my_python_pkg/my_first_python_node.py to my_first_python_node.cpython-38.pyc
[8.246s] running install_data
[8.295s] running install_egg_info
[8.318s] removing '/mnt/d/Programming/ROS2/ROS2_WS/install/my_python_pkg/lib/python3.8/site-packages/my_python_pkg-0.0.0-py3.8.egg-info' (and everything under it)
[8.408s] Copying ../../build/my_python_pkg/my_python_pkg.egg-info to /mnt/d/Programming/ROS2/ROS2_WS/install/my_python_pkg/lib/python3.8/site-packages/my_python_pkg-0.0.0-py3.8.egg-info
[8.797s] running install_scripts
[8.931s] Installing python_node script to /mnt/d/Programming/ROS2/ROS2_WS/install/my_python_pkg/lib/my_python_pkg
[8.956s] writing list of installed files to '/mnt/d/Programming/ROS2/ROS2_WS/build/my_python_pkg/install.log'
[8.997s] Invoked command in '/mnt/d/Programming/ROS2/ROS2_WS/src/my_python_pkg' returned '0': PYTHONPATH=/mnt/d/Programming/ROS2/ROS2_WS/install/my_python_pkg/lib/python3.8/site-packages:${PYTHONPATH} /usr/bin/python3 setup.py egg_info --egg-base ../../build/my_python_pkg build --build-base /mnt/d/Programming/ROS2/ROS2_WS/build/my_python_pkg/build install --prefix /mnt/d/Programming/ROS2/ROS2_WS/install/my_python_pkg --record /mnt/d/Programming/ROS2/ROS2_WS/build/my_python_pkg/install.log --single-version-externally-managed
