running develop
running egg_info
writing my_python_pkg.egg-info/PKG-INFO
writing dependency_links to my_python_pkg.egg-info/dependency_links.txt
writing entry points to my_python_pkg.egg-info/entry_points.txt
writing requirements to my_python_pkg.egg-info/requires.txt
writing top-level names to my_python_pkg.egg-info/top_level.txt
reading manifest file 'my_python_pkg.egg-info/SOURCES.txt'
writing manifest file 'my_python_pkg.egg-info/SOURCES.txt'
running build_ext
Creating /mnt/d/programming/ROS2/ROS2_WS/install/my_python_pkg/lib/python3.8/site-packages/my-python-pkg.egg-link (link to .)
Installing add_two_ints script to /mnt/d/programming/ROS2/ROS2_WS/install/my_python_pkg/lib/my_python_pkg
Installing add_two_ints_no_oop script to /mnt/d/programming/ROS2/ROS2_WS/install/my_python_pkg/lib/my_python_pkg
Installing add_two_ints_oop script to /mnt/d/programming/ROS2/ROS2_WS/install/my_python_pkg/lib/my_python_pkg
Installing hardware_status_publisher script to /mnt/d/programming/ROS2/ROS2_WS/install/my_python_pkg/lib/my_python_pkg
Installing publisher script to /mnt/d/programming/ROS2/ROS2_WS/install/my_python_pkg/lib/my_python_pkg
Installing python_node script to /mnt/d/programming/ROS2/ROS2_WS/install/my_python_pkg/lib/my_python_pkg
Installing subscriber script to /mnt/d/programming/ROS2/ROS2_WS/install/my_python_pkg/lib/my_python_pkg

Installed /mnt/d/programming/ROS2/ROS2_WS/build/my_python_pkg
running install_data
copying package.xml -> /mnt/d/programming/ROS2/ROS2_WS/install/my_python_pkg/share/my_python_pkg
