[0.111s] Invoking command in '/mnt/d/Programming/ROS2/ROS2_WS/build/my_cpp_package': CMAKE_PREFIX_PATH=${CMAKE_PREFIX_PATH}:/mnt/d/Programming/ROS2/ROS2_WS/install/my_python_pkg:/opt/ros/foxy /usr/bin/cmake --build /mnt/d/Programming/ROS2/ROS2_WS/build/my_cpp_package -- -j12 -l12
[0.253s] -- Found ament_cmake: 0.9.9 (/opt/ros/foxy/share/ament_cmake/cmake)
[0.395s] -- Using PYTHON_EXECUTABLE: /usr/bin/python3
[0.946s] -- Found rclcpp: 2.4.0 (/opt/ros/foxy/share/rclcpp/cmake)
[1.144s] -- Using all available rosidl_typesupport_c: rosidl_typesupport_fastrtps_c;rosidl_typesupport_introspection_c
[1.147s] -- Found rosidl_adapter: 1.2.1 (/opt/ros/foxy/share/rosidl_adapter/cmake)
[4.732s] -- Using all available rosidl_typesupport_cpp: rosidl_typesupport_fastrtps_cpp;rosidl_typesupport_introspection_cpp
[4.793s] -- Found rmw_implementation_cmake: 1.0.3 (/opt/ros/foxy/share/rmw_implementation_cmake/cmake)
[4.804s] -- Using RMW implementation 'rmw_fastrtps_cpp' as default
[4.947s] -- Found example_interfaces: 0.9.1 (/opt/ros/foxy/share/example_interfaces/cmake)
[5.493s] -- Configuring done
[5.863s] -- Generating done
[5.949s] -- Build files have been written to: /mnt/d/Programming/ROS2/ROS2_WS/build/my_cpp_package
[6.057s] [35m[1mScanning dependencies of target add_two_ints_client_no_oop[0m
[6.198s] [ 40%] Built target cpp_node
[6.199s] [ 40%] Built target subscriber
[6.215s] [ 60%] Built target add_two_ints_server
[6.226s] [ 80%] Built target publisher
[6.928s] [ 90%] [32mBuilding CXX object CMakeFiles/add_two_ints_client_no_oop.dir/src/add_two_ints_client_no_oop.cpp.o[0m
[8.017s] [01m[K/mnt/d/Programming/ROS2/ROS2_WS/src/my_cpp_package/src/add_two_ints_client_no_oop.cpp:[m[K In function ‘[01m[Kint main(int, char**)[m[K’:
[8.019s] [01m[K/mnt/d/Programming/ROS2/ROS2_WS/src/my_cpp_package/src/add_two_ints_client_no_oop.cpp:21:97:[m[K [01;35m[Kwarning: [m[K‘[01m[Kusing FutureReturnCode = enum class rclcpp::FutureReturnCode[m[K’ is deprecated: use rclcpp::FutureReturnCode instead [[01;35m[K]8;;https://gcc.gnu.org/onlinedocs/gcc/Warning-Options.html#index-Wdeprecated-declarations-Wdeprecated-declarations]8;;[m[K]
[8.020s]    21 |     if (rclcpp::spin_until_future_complete(node, future) == rclcpp::executor::FutureReturnCode::[01;35m[KSUCCESS[m[K)
[8.023s]       |                                                                                                 [01;35m[K^~~~~~~[m[K
[8.024s] In file included from [01m[K/opt/ros/foxy/include/rclcpp/executor.hpp:34[m[K,
[8.025s]                  from [01m[K/opt/ros/foxy/include/rclcpp/executors/multi_threaded_executor.hpp:26[m[K,
[8.026s]                  from [01m[K/opt/ros/foxy/include/rclcpp/executors.hpp:21[m[K,
[8.026s]                  from [01m[K/opt/ros/foxy/include/rclcpp/rclcpp.hpp:146[m[K,
[8.027s]                  from [01m[K/mnt/d/Programming/ROS2/ROS2_WS/src/my_cpp_package/src/add_two_ints_client_no_oop.cpp:1[m[K:
[8.028s] [01m[K/opt/ros/foxy/include/rclcpp/future_return_code.hpp:48:7:[m[K [01;36m[Knote: [m[Kdeclared here
[8.029s]    48 | using [01;36m[KFutureReturnCode[m[K [[deprecated("use rclcpp::FutureReturnCode instead")]] = FutureReturnCode;
[8.030s]       |       [01;36m[K^~~~~~~~~~~~~~~~[m[K
[9.414s] [100%] [32m[1mLinking CXX executable add_two_ints_client_no_oop[0m
[10.741s] [100%] Built target add_two_ints_client_no_oop
[10.799s] Invoked command in '/mnt/d/Programming/ROS2/ROS2_WS/build/my_cpp_package' returned '0': CMAKE_PREFIX_PATH=${CMAKE_PREFIX_PATH}:/mnt/d/Programming/ROS2/ROS2_WS/install/my_python_pkg:/opt/ros/foxy /usr/bin/cmake --build /mnt/d/Programming/ROS2/ROS2_WS/build/my_cpp_package -- -j12 -l12
[10.884s] Invoking command in '/mnt/d/Programming/ROS2/ROS2_WS/build/my_cpp_package': CMAKE_PREFIX_PATH=${CMAKE_PREFIX_PATH}:/mnt/d/Programming/ROS2/ROS2_WS/install/my_python_pkg:/opt/ros/foxy /usr/bin/cmake --install /mnt/d/Programming/ROS2/ROS2_WS/build/my_cpp_package
[10.899s] -- Install configuration: ""
[10.933s] -- Up-to-date: /mnt/d/Programming/ROS2/ROS2_WS/install/my_cpp_package/lib/my_cpp_package/cpp_node
[10.999s] -- Up-to-date: /mnt/d/Programming/ROS2/ROS2_WS/install/my_cpp_package/lib/my_cpp_package/publisher
[11.062s] -- Up-to-date: /mnt/d/Programming/ROS2/ROS2_WS/install/my_cpp_package/lib/my_cpp_package/subscriber
[11.135s] -- Up-to-date: /mnt/d/Programming/ROS2/ROS2_WS/install/my_cpp_package/lib/my_cpp_package/add_two_ints_server
[11.179s] -- Installing: /mnt/d/Programming/ROS2/ROS2_WS/install/my_cpp_package/lib/my_cpp_package/add_two_ints_client_no_oop
[11.277s] -- Set runtime path of "/mnt/d/Programming/ROS2/ROS2_WS/install/my_cpp_package/lib/my_cpp_package/add_two_ints_client_no_oop" to ""
[11.302s] -- Up-to-date: /mnt/d/Programming/ROS2/ROS2_WS/install/my_cpp_package/share/ament_index/resource_index/package_run_dependencies/my_cpp_package
[11.329s] -- Up-to-date: /mnt/d/Programming/ROS2/ROS2_WS/install/my_cpp_package/share/ament_index/resource_index/parent_prefix_path/my_cpp_package
[11.343s] -- Up-to-date: /mnt/d/Programming/ROS2/ROS2_WS/install/my_cpp_package/share/my_cpp_package/environment/ament_prefix_path.sh
[11.361s] -- Installing: /mnt/d/Programming/ROS2/ROS2_WS/install/my_cpp_package/share/my_cpp_package/environment/ament_prefix_path.dsv
[11.416s] -- Up-to-date: /mnt/d/Programming/ROS2/ROS2_WS/install/my_cpp_package/share/my_cpp_package/environment/path.sh
[11.433s] -- Installing: /mnt/d/Programming/ROS2/ROS2_WS/install/my_cpp_package/share/my_cpp_package/environment/path.dsv
[11.499s] -- Up-to-date: /mnt/d/Programming/ROS2/ROS2_WS/install/my_cpp_package/share/my_cpp_package/local_setup.bash
[11.516s] -- Up-to-date: /mnt/d/Programming/ROS2/ROS2_WS/install/my_cpp_package/share/my_cpp_package/local_setup.sh
[11.534s] -- Up-to-date: /mnt/d/Programming/ROS2/ROS2_WS/install/my_cpp_package/share/my_cpp_package/local_setup.zsh
[11.550s] -- Installing: /mnt/d/Programming/ROS2/ROS2_WS/install/my_cpp_package/share/my_cpp_package/local_setup.dsv
[11.606s] -- Installing: /mnt/d/Programming/ROS2/ROS2_WS/install/my_cpp_package/share/my_cpp_package/package.dsv
[11.670s] -- Up-to-date: /mnt/d/Programming/ROS2/ROS2_WS/install/my_cpp_package/share/ament_index/resource_index/packages/my_cpp_package
[11.694s] -- Up-to-date: /mnt/d/Programming/ROS2/ROS2_WS/install/my_cpp_package/share/my_cpp_package/cmake/my_cpp_packageConfig.cmake
[11.706s] -- Up-to-date: /mnt/d/Programming/ROS2/ROS2_WS/install/my_cpp_package/share/my_cpp_package/cmake/my_cpp_packageConfig-version.cmake
[11.725s] -- Up-to-date: /mnt/d/Programming/ROS2/ROS2_WS/install/my_cpp_package/share/my_cpp_package/package.xml
[11.736s] Invoked command in '/mnt/d/Programming/ROS2/ROS2_WS/build/my_cpp_package' returned '0': CMAKE_PREFIX_PATH=${CMAKE_PREFIX_PATH}:/mnt/d/Programming/ROS2/ROS2_WS/install/my_python_pkg:/opt/ros/foxy /usr/bin/cmake --install /mnt/d/Programming/ROS2/ROS2_WS/build/my_cpp_package
