[0.116s] Invoking command in '/mnt/d/Programming/ROS2/ROS2_WS/build/my_interface_pkg': CMAKE_PREFIX_PATH=${CMAKE_PREFIX_PATH}:/mnt/d/Programming/ROS2/ROS2_WS/install/my_python_pkg:/opt/ros/foxy /usr/bin/cmake /mnt/d/Programming/ROS2/ROS2_WS/src/my_interface_pkg -DCMAKE_INSTALL_PREFIX=/mnt/d/Programming/ROS2/ROS2_WS/install/my_interface_pkg
[0.615s] -- The C compiler identification is GNU 10.3.0
[1.179s] -- The CXX compiler identification is GNU 10.3.0
[1.454s] -- Check for working C compiler: /usr/bin/cc
[2.019s] -- Check for working C compiler: /usr/bin/cc -- works
[2.027s] -- Detecting C compiler ABI info
[2.514s] -- Detecting C compiler ABI info - done
[2.544s] -- Detecting C compile features
[2.546s] -- Detecting C compile features - done
[2.585s] -- Check for working CXX compiler: /usr/bin/c++
[3.036s] -- Check for working CXX compiler: /usr/bin/c++ -- works
[3.041s] -- Detecting CXX compiler ABI info
[3.563s] -- Detecting CXX compiler ABI info - done
[3.602s] -- Detecting CXX compile features
[3.604s] -- Detecting CXX compile features - done
[3.727s] -- Found ament_cmake: 0.9.9 (/opt/ros/foxy/share/ament_cmake/cmake)
[4.059s] -- Found PythonInterp: /usr/bin/python3 (found suitable version "3.8.10", minimum required is "3") 
[4.062s] -- Using PYTHON_EXECUTABLE: /usr/bin/python3
[5.544s] -- Found rosidl_default_generators: 1.0.1 (/opt/ros/foxy/share/rosidl_default_generators/cmake)
[5.635s] -- Using all available rosidl_typesupport_c: rosidl_typesupport_fastrtps_c;rosidl_typesupport_introspection_c
[5.828s] -- Found rosidl_adapter: 1.2.1 (/opt/ros/foxy/share/rosidl_adapter/cmake)
[7.640s] -- Found OpenSSL: /usr/lib/x86_64-linux-gnu/libcrypto.so (found version "1.1.1f")  
[8.873s] -- Found FastRTPS: /opt/ros/foxy/include  
[11.375s] -- Using all available rosidl_typesupport_cpp: rosidl_typesupport_fastrtps_cpp;rosidl_typesupport_introspection_cpp
[11.797s] -- Found PythonInterp: /usr/bin/python3 (found version "3.8.10") 
[12.764s] -- Found ament_cmake_ros: 0.9.2 (/opt/ros/foxy/share/ament_cmake_ros/cmake)
[17.795s] -- Using all available rosidl_typesupport_c: rosidl_typesupport_fastrtps_c;rosidl_typesupport_introspection_c
[18.076s] -- Using all available rosidl_typesupport_cpp: rosidl_typesupport_fastrtps_cpp;rosidl_typesupport_introspection_cpp
[18.263s] -- Found PythonInterp: /usr/bin/python3 (found suitable version "3.8.10", minimum required is "3.5") 
[18.347s] -- Found python_cmake_module: 0.8.1 (/opt/ros/foxy/share/python_cmake_module/cmake)
[18.996s] -- Found PythonLibs: /usr/lib/x86_64-linux-gnu/libpython3.8.so (found suitable version "3.8.10", minimum required is "3.5") 
[18.999s] -- Using PYTHON_EXECUTABLE: /usr/bin/python3
[19.002s] -- Using PYTHON_INCLUDE_DIRS: /usr/include/python3.8
[19.005s] -- Using PYTHON_LIBRARIES: /usr/lib/x86_64-linux-gnu/libpython3.8.so
[19.183s] -- Found PythonExtra: .so  
[20.276s] -- Configuring done
[21.230s] -- Generating done
[21.419s] -- Build files have been written to: /mnt/d/Programming/ROS2/ROS2_WS/build/my_interface_pkg
[21.426s] Invoked command in '/mnt/d/Programming/ROS2/ROS2_WS/build/my_interface_pkg' returned '0': CMAKE_PREFIX_PATH=${CMAKE_PREFIX_PATH}:/mnt/d/Programming/ROS2/ROS2_WS/install/my_python_pkg:/opt/ros/foxy /usr/bin/cmake /mnt/d/Programming/ROS2/ROS2_WS/src/my_interface_pkg -DCMAKE_INSTALL_PREFIX=/mnt/d/Programming/ROS2/ROS2_WS/install/my_interface_pkg
[21.439s] Invoking command in '/mnt/d/Programming/ROS2/ROS2_WS/build/my_interface_pkg': CMAKE_PREFIX_PATH=${CMAKE_PREFIX_PATH}:/mnt/d/Programming/ROS2/ROS2_WS/install/my_python_pkg:/opt/ros/foxy /usr/bin/cmake --build /mnt/d/Programming/ROS2/ROS2_WS/build/my_interface_pkg -- -j12 -l12
[21.685s] [35m[1mScanning dependencies of target my_interface_pkg__cpp[0m
[21.721s] [  3%] [34m[1mGenerating C code for ROS interfaces[0m
[21.794s] [  6%] [34m[1mGenerating C++ code for ROS interfaces[0m
[22.433s] [35m[1mScanning dependencies of target my_interface_pkg__rosidl_generator_c[0m
[22.494s] [  6%] Built target my_interface_pkg__cpp
[22.604s] [ 12%] [34m[1mGenerating C++ type support dispatch for ROS interfaces[0m
[22.606s] [ 12%] [34m[1mGenerating C++ introspection for ROS interfaces[0m
[22.635s] [ 16%] [34m[1mGenerating C++ type support for eProsima Fast-RTPS[0m
[22.856s] [ 19%] [32mBuilding C object CMakeFiles/my_interface_pkg__rosidl_generator_c.dir/rosidl_generator_c/my_interface_pkg/msg/detail/hardware_status__functions.c.o[0m
[23.276s] [ 22%] [32m[1mLinking C shared library libmy_interface_pkg__rosidl_generator_c.so[0m
[23.456s] [35m[1mScanning dependencies of target my_interface_pkg__rosidl_typesupport_cpp[0m
[23.532s] [35m[1mScanning dependencies of target my_interface_pkg__rosidl_typesupport_introspection_cpp[0m
[23.649s] [35m[1mScanning dependencies of target my_interface_pkg__rosidl_typesupport_fastrtps_cpp[0m
[23.673s] [ 22%] Built target my_interface_pkg__rosidl_generator_c
[23.774s] [ 25%] [34m[1mGenerating C type support dispatch for ROS interfaces[0m
[23.790s] [ 32%] [32mBuilding CXX object CMakeFiles/my_interface_pkg__rosidl_typesupport_cpp.dir/rosidl_typesupport_cpp/my_interface_pkg/msg/hardware_status__type_support.cpp.o[0m
[23.795s] [ 32%] [34m[1mGenerating C introspection for ROS interfaces[0m
[23.956s] [ 35%] [32mBuilding CXX object CMakeFiles/my_interface_pkg__rosidl_typesupport_introspection_cpp.dir/rosidl_typesupport_introspection_cpp/my_interface_pkg/msg/detail/hardware_status__type_support.cpp.o[0m
[24.278s] [ 38%] [32mBuilding CXX object CMakeFiles/my_interface_pkg__rosidl_typesupport_fastrtps_cpp.dir/rosidl_typesupport_fastrtps_cpp/my_interface_pkg/msg/detail/dds_fastrtps/hardware_status__type_support.cpp.o[0m
[24.599s] [ 41%] [32m[1mLinking CXX shared library libmy_interface_pkg__rosidl_typesupport_cpp.so[0m
[24.762s] [ 45%] [32m[1mLinking CXX shared library libmy_interface_pkg__rosidl_typesupport_introspection_cpp.so[0m
[24.772s] [35m[1mScanning dependencies of target my_interface_pkg__rosidl_typesupport_introspection_c[0m
[25.031s] [ 45%] Built target my_interface_pkg__rosidl_typesupport_cpp
[25.220s] [ 45%] Built target my_interface_pkg__rosidl_typesupport_introspection_cpp
[25.261s] [ 48%] [32mBuilding C object CMakeFiles/my_interface_pkg__rosidl_typesupport_introspection_c.dir/rosidl_typesupport_introspection_c/my_interface_pkg/msg/detail/hardware_status__type_support.c.o[0m
[25.268s] [35m[1mScanning dependencies of target my_interface_pkg__rosidl_typesupport_c[0m
[25.521s] [ 51%] [32mBuilding CXX object CMakeFiles/my_interface_pkg__rosidl_typesupport_c.dir/rosidl_typesupport_c/my_interface_pkg/msg/hardware_status__type_support.cpp.o[0m
[25.573s] [ 54%] [32m[1mLinking C shared library libmy_interface_pkg__rosidl_typesupport_introspection_c.so[0m
[25.685s] [ 58%] [32m[1mLinking CXX shared library libmy_interface_pkg__rosidl_typesupport_fastrtps_cpp.so[0m
[25.798s] [ 61%] [32m[1mLinking CXX shared library libmy_interface_pkg__rosidl_typesupport_c.so[0m
[26.015s] [ 61%] Built target my_interface_pkg__rosidl_typesupport_introspection_c
[26.122s] [ 61%] Built target my_interface_pkg__rosidl_typesupport_c
[26.171s] [ 61%] Built target my_interface_pkg__rosidl_typesupport_fastrtps_cpp
[26.232s] [ 64%] [34m[1mGenerating C type support for eProsima Fast-RTPS[0m
[26.796s] [35m[1mScanning dependencies of target my_interface_pkg__rosidl_typesupport_fastrtps_c[0m
[27.152s] [ 67%] [32mBuilding CXX object CMakeFiles/my_interface_pkg__rosidl_typesupport_fastrtps_c.dir/rosidl_typesupport_fastrtps_c/my_interface_pkg/msg/detail/hardware_status__type_support_c.cpp.o[0m
[28.139s] [ 70%] [32m[1mLinking CXX shared library libmy_interface_pkg__rosidl_typesupport_fastrtps_c.so[0m
[28.473s] [ 70%] Built target my_interface_pkg__rosidl_typesupport_fastrtps_c
[28.507s] [35m[1mScanning dependencies of target my_interface_pkg[0m
[28.561s] [ 70%] Built target my_interface_pkg
[28.613s] [35m[1mScanning dependencies of target my_interface_pkg__py[0m
[28.706s] [ 74%] [34m[1mGenerating Python code for ROS interfaces[0m
[29.694s] [ 74%] Built target my_interface_pkg__py
[29.743s] [35m[1mScanning dependencies of target my_interface_pkg__python[0m
[30.254s] [ 77%] [32mBuilding C object CMakeFiles/my_interface_pkg__python.dir/rosidl_generator_py/my_interface_pkg/msg/_hardware_status_s.c.o[0m
[30.690s] [ 80%] [32m[1mLinking C shared library rosidl_generator_py/my_interface_pkg/libmy_interface_pkg__python.so[0m
[30.936s] [ 80%] Built target my_interface_pkg__python
[31.011s] [35m[1mScanning dependencies of target my_interface_pkg__rosidl_typesupport_c__pyext[0m
[31.014s] [35m[1mScanning dependencies of target my_interface_pkg__rosidl_typesupport_introspection_c__pyext[0m
[31.018s] [35m[1mScanning dependencies of target my_interface_pkg__rosidl_typesupport_fastrtps_c__pyext[0m
[31.895s] [ 83%] [32mBuilding C object CMakeFiles/my_interface_pkg__rosidl_typesupport_c__pyext.dir/rosidl_generator_py/my_interface_pkg/_my_interface_pkg_s.ep.rosidl_typesupport_c.c.o[0m
[31.988s] [ 87%] [32mBuilding C object CMakeFiles/my_interface_pkg__rosidl_typesupport_introspection_c__pyext.dir/rosidl_generator_py/my_interface_pkg/_my_interface_pkg_s.ep.rosidl_typesupport_introspection_c.c.o[0m
[32.240s] [ 90%] [32mBuilding C object CMakeFiles/my_interface_pkg__rosidl_typesupport_fastrtps_c__pyext.dir/rosidl_generator_py/my_interface_pkg/_my_interface_pkg_s.ep.rosidl_typesupport_fastrtps_c.c.o[0m
[32.643s] [ 93%] [32m[1mLinking C shared library rosidl_generator_py/my_interface_pkg/my_interface_pkg_s__rosidl_typesupport_c.cpython-38-x86_64-linux-gnu.so[0m
[32.920s] [ 96%] [32m[1mLinking C shared library rosidl_generator_py/my_interface_pkg/my_interface_pkg_s__rosidl_typesupport_introspection_c.cpython-38-x86_64-linux-gnu.so[0m
[33.175s] [ 96%] Built target my_interface_pkg__rosidl_typesupport_c__pyext
[33.367s] [ 96%] Built target my_interface_pkg__rosidl_typesupport_introspection_c__pyext
[33.447s] [100%] [32m[1mLinking CXX shared library rosidl_generator_py/my_interface_pkg/my_interface_pkg_s__rosidl_typesupport_fastrtps_c.cpython-38-x86_64-linux-gnu.so[0m
[33.864s] [100%] Built target my_interface_pkg__rosidl_typesupport_fastrtps_c__pyext
[33.993s] Invoked command in '/mnt/d/Programming/ROS2/ROS2_WS/build/my_interface_pkg' returned '0': CMAKE_PREFIX_PATH=${CMAKE_PREFIX_PATH}:/mnt/d/Programming/ROS2/ROS2_WS/install/my_python_pkg:/opt/ros/foxy /usr/bin/cmake --build /mnt/d/Programming/ROS2/ROS2_WS/build/my_interface_pkg -- -j12 -l12
[34.119s] Invoking command in '/mnt/d/Programming/ROS2/ROS2_WS/build/my_interface_pkg': CMAKE_PREFIX_PATH=${CMAKE_PREFIX_PATH}:/mnt/d/Programming/ROS2/ROS2_WS/install/my_python_pkg:/opt/ros/foxy /usr/bin/cmake --install /mnt/d/Programming/ROS2/ROS2_WS/build/my_interface_pkg
[34.135s] -- Install configuration: ""
[34.172s] -- Installing: /mnt/d/Programming/ROS2/ROS2_WS/install/my_interface_pkg/share/ament_index/resource_index/rosidl_interfaces/my_interface_pkg
[34.261s] -- Installing: /mnt/d/Programming/ROS2/ROS2_WS/install/my_interface_pkg/include/my_interface_pkg
[34.286s] -- Installing: /mnt/d/Programming/ROS2/ROS2_WS/install/my_interface_pkg/include/my_interface_pkg/msg
[34.314s] -- Installing: /mnt/d/Programming/ROS2/ROS2_WS/install/my_interface_pkg/include/my_interface_pkg/msg/detail
[34.359s] -- Installing: /mnt/d/Programming/ROS2/ROS2_WS/install/my_interface_pkg/include/my_interface_pkg/msg/detail/hardware_status__functions.c
[34.449s] -- Installing: /mnt/d/Programming/ROS2/ROS2_WS/install/my_interface_pkg/include/my_interface_pkg/msg/detail/hardware_status__functions.h
[34.541s] -- Installing: /mnt/d/Programming/ROS2/ROS2_WS/install/my_interface_pkg/include/my_interface_pkg/msg/detail/hardware_status__struct.h
[34.622s] -- Installing: /mnt/d/Programming/ROS2/ROS2_WS/install/my_interface_pkg/include/my_interface_pkg/msg/detail/hardware_status__type_support.h
[34.711s] -- Installing: /mnt/d/Programming/ROS2/ROS2_WS/install/my_interface_pkg/include/my_interface_pkg/msg/hardware_status.h
[34.783s] -- Installing: /mnt/d/Programming/ROS2/ROS2_WS/install/my_interface_pkg/include/my_interface_pkg/msg/rosidl_generator_c__visibility_control.h
[34.864s] -- Installing: /mnt/d/Programming/ROS2/ROS2_WS/install/my_interface_pkg/share/my_interface_pkg/environment/library_path.sh
[34.932s] -- Installing: /mnt/d/Programming/ROS2/ROS2_WS/install/my_interface_pkg/share/my_interface_pkg/environment/library_path.dsv
[35.000s] -- Installing: /mnt/d/Programming/ROS2/ROS2_WS/install/my_interface_pkg/lib/libmy_interface_pkg__rosidl_generator_c.so
[35.092s] -- Set runtime path of "/mnt/d/Programming/ROS2/ROS2_WS/install/my_interface_pkg/lib/libmy_interface_pkg__rosidl_generator_c.so" to ""
[35.103s] -- Up-to-date: /mnt/d/Programming/ROS2/ROS2_WS/install/my_interface_pkg/include/my_interface_pkg
[35.123s] -- Up-to-date: /mnt/d/Programming/ROS2/ROS2_WS/install/my_interface_pkg/include/my_interface_pkg/msg
[35.146s] -- Up-to-date: /mnt/d/Programming/ROS2/ROS2_WS/install/my_interface_pkg/include/my_interface_pkg/msg/detail
[35.184s] -- Installing: /mnt/d/Programming/ROS2/ROS2_WS/install/my_interface_pkg/include/my_interface_pkg/msg/detail/hardware_status__rosidl_typesupport_fastrtps_c.h
[35.267s] -- Installing: /mnt/d/Programming/ROS2/ROS2_WS/install/my_interface_pkg/include/my_interface_pkg/msg/rosidl_typesupport_fastrtps_c__visibility_control.h
[35.333s] -- Installing: /mnt/d/Programming/ROS2/ROS2_WS/install/my_interface_pkg/lib/libmy_interface_pkg__rosidl_typesupport_fastrtps_c.so
[35.433s] -- Set runtime path of "/mnt/d/Programming/ROS2/ROS2_WS/install/my_interface_pkg/lib/libmy_interface_pkg__rosidl_typesupport_fastrtps_c.so" to ""
[35.444s] -- Up-to-date: /mnt/d/Programming/ROS2/ROS2_WS/install/my_interface_pkg/include/my_interface_pkg
[35.463s] -- Up-to-date: /mnt/d/Programming/ROS2/ROS2_WS/install/my_interface_pkg/include/my_interface_pkg/msg
[35.486s] -- Up-to-date: /mnt/d/Programming/ROS2/ROS2_WS/install/my_interface_pkg/include/my_interface_pkg/msg/detail
[35.519s] -- Installing: /mnt/d/Programming/ROS2/ROS2_WS/install/my_interface_pkg/include/my_interface_pkg/msg/detail/dds_fastrtps
[35.556s] -- Installing: /mnt/d/Programming/ROS2/ROS2_WS/install/my_interface_pkg/include/my_interface_pkg/msg/detail/hardware_status__rosidl_typesupport_fastrtps_cpp.hpp
[35.636s] -- Installing: /mnt/d/Programming/ROS2/ROS2_WS/install/my_interface_pkg/include/my_interface_pkg/msg/rosidl_typesupport_fastrtps_cpp__visibility_control.h
[35.709s] -- Installing: /mnt/d/Programming/ROS2/ROS2_WS/install/my_interface_pkg/lib/libmy_interface_pkg__rosidl_typesupport_fastrtps_cpp.so
[35.790s] -- Set runtime path of "/mnt/d/Programming/ROS2/ROS2_WS/install/my_interface_pkg/lib/libmy_interface_pkg__rosidl_typesupport_fastrtps_cpp.so" to ""
[35.797s] -- Up-to-date: /mnt/d/Programming/ROS2/ROS2_WS/install/my_interface_pkg/include/my_interface_pkg
[35.818s] -- Up-to-date: /mnt/d/Programming/ROS2/ROS2_WS/install/my_interface_pkg/include/my_interface_pkg/msg
[35.844s] -- Up-to-date: /mnt/d/Programming/ROS2/ROS2_WS/install/my_interface_pkg/include/my_interface_pkg/msg/detail
[35.876s] -- Installing: /mnt/d/Programming/ROS2/ROS2_WS/install/my_interface_pkg/include/my_interface_pkg/msg/detail/hardware_status__rosidl_typesupport_introspection_c.h
[35.973s] -- Installing: /mnt/d/Programming/ROS2/ROS2_WS/install/my_interface_pkg/include/my_interface_pkg/msg/detail/hardware_status__type_support.c
[36.055s] -- Installing: /mnt/d/Programming/ROS2/ROS2_WS/install/my_interface_pkg/include/my_interface_pkg/msg/rosidl_typesupport_introspection_c__visibility_control.h
[36.124s] -- Installing: /mnt/d/Programming/ROS2/ROS2_WS/install/my_interface_pkg/lib/libmy_interface_pkg__rosidl_typesupport_introspection_c.so
[36.217s] -- Set runtime path of "/mnt/d/Programming/ROS2/ROS2_WS/install/my_interface_pkg/lib/libmy_interface_pkg__rosidl_typesupport_introspection_c.so" to ""
[36.233s] -- Installing: /mnt/d/Programming/ROS2/ROS2_WS/install/my_interface_pkg/lib/libmy_interface_pkg__rosidl_typesupport_c.so
[36.317s] -- Set runtime path of "/mnt/d/Programming/ROS2/ROS2_WS/install/my_interface_pkg/lib/libmy_interface_pkg__rosidl_typesupport_c.so" to ""
[36.326s] -- Up-to-date: /mnt/d/Programming/ROS2/ROS2_WS/install/my_interface_pkg/include/my_interface_pkg
[36.347s] -- Up-to-date: /mnt/d/Programming/ROS2/ROS2_WS/install/my_interface_pkg/include/my_interface_pkg/msg
[36.369s] -- Up-to-date: /mnt/d/Programming/ROS2/ROS2_WS/install/my_interface_pkg/include/my_interface_pkg/msg/detail
[36.399s] -- Installing: /mnt/d/Programming/ROS2/ROS2_WS/install/my_interface_pkg/include/my_interface_pkg/msg/detail/hardware_status__builder.hpp
[36.489s] -- Installing: /mnt/d/Programming/ROS2/ROS2_WS/install/my_interface_pkg/include/my_interface_pkg/msg/detail/hardware_status__struct.hpp
[36.573s] -- Installing: /mnt/d/Programming/ROS2/ROS2_WS/install/my_interface_pkg/include/my_interface_pkg/msg/detail/hardware_status__traits.hpp
[36.656s] -- Installing: /mnt/d/Programming/ROS2/ROS2_WS/install/my_interface_pkg/include/my_interface_pkg/msg/hardware_status.hpp
[36.729s] -- Up-to-date: /mnt/d/Programming/ROS2/ROS2_WS/install/my_interface_pkg/include/my_interface_pkg
[36.751s] -- Up-to-date: /mnt/d/Programming/ROS2/ROS2_WS/install/my_interface_pkg/include/my_interface_pkg/msg
[36.776s] -- Up-to-date: /mnt/d/Programming/ROS2/ROS2_WS/install/my_interface_pkg/include/my_interface_pkg/msg/detail
[36.816s] -- Installing: /mnt/d/Programming/ROS2/ROS2_WS/install/my_interface_pkg/include/my_interface_pkg/msg/detail/hardware_status__rosidl_typesupport_introspection_cpp.hpp
[36.902s] -- Installing: /mnt/d/Programming/ROS2/ROS2_WS/install/my_interface_pkg/include/my_interface_pkg/msg/detail/hardware_status__type_support.cpp
[36.988s] -- Installing: /mnt/d/Programming/ROS2/ROS2_WS/install/my_interface_pkg/lib/libmy_interface_pkg__rosidl_typesupport_introspection_cpp.so
[37.076s] -- Set runtime path of "/mnt/d/Programming/ROS2/ROS2_WS/install/my_interface_pkg/lib/libmy_interface_pkg__rosidl_typesupport_introspection_cpp.so" to ""
[37.090s] -- Installing: /mnt/d/Programming/ROS2/ROS2_WS/install/my_interface_pkg/lib/libmy_interface_pkg__rosidl_typesupport_cpp.so
[37.188s] -- Set runtime path of "/mnt/d/Programming/ROS2/ROS2_WS/install/my_interface_pkg/lib/libmy_interface_pkg__rosidl_typesupport_cpp.so" to ""
[37.208s] -- Installing: /mnt/d/Programming/ROS2/ROS2_WS/install/my_interface_pkg/share/my_interface_pkg/environment/pythonpath.sh
[37.279s] -- Installing: /mnt/d/Programming/ROS2/ROS2_WS/install/my_interface_pkg/share/my_interface_pkg/environment/pythonpath.dsv
[37.369s] -- Installing: /mnt/d/Programming/ROS2/ROS2_WS/install/my_interface_pkg/lib/python3.8/site-packages/my_interface_pkg/__init__.py
[37.781s] Compiling '/mnt/d/Programming/ROS2/ROS2_WS/install/my_interface_pkg/lib/python3.8/site-packages/my_interface_pkg/__init__.py'...
[37.798s] -- Installing: /mnt/d/Programming/ROS2/ROS2_WS/install/my_interface_pkg/lib/python3.8/site-packages/my_interface_pkg/msg
[37.847s] -- Installing: /mnt/d/Programming/ROS2/ROS2_WS/install/my_interface_pkg/lib/python3.8/site-packages/my_interface_pkg/msg/_hardware_status.py
[37.950s] -- Installing: /mnt/d/Programming/ROS2/ROS2_WS/install/my_interface_pkg/lib/python3.8/site-packages/my_interface_pkg/msg/_hardware_status_s.c
[38.051s] -- Installing: /mnt/d/Programming/ROS2/ROS2_WS/install/my_interface_pkg/lib/python3.8/site-packages/my_interface_pkg/msg/__init__.py
[38.149s] -- Installing: /mnt/d/Programming/ROS2/ROS2_WS/install/my_interface_pkg/lib/python3.8/site-packages/my_interface_pkg/my_interface_pkg_s__rosidl_typesupport_fastrtps_c.cpython-38-x86_64-linux-gnu.so
[38.297s] -- Set runtime path of "/mnt/d/Programming/ROS2/ROS2_WS/install/my_interface_pkg/lib/python3.8/site-packages/my_interface_pkg/my_interface_pkg_s__rosidl_typesupport_fastrtps_c.cpython-38-x86_64-linux-gnu.so" to ""
[38.332s] -- Installing: /mnt/d/Programming/ROS2/ROS2_WS/install/my_interface_pkg/lib/python3.8/site-packages/my_interface_pkg/my_interface_pkg_s__rosidl_typesupport_introspection_c.cpython-38-x86_64-linux-gnu.so
[38.495s] -- Set runtime path of "/mnt/d/Programming/ROS2/ROS2_WS/install/my_interface_pkg/lib/python3.8/site-packages/my_interface_pkg/my_interface_pkg_s__rosidl_typesupport_introspection_c.cpython-38-x86_64-linux-gnu.so" to ""
[38.524s] -- Installing: /mnt/d/Programming/ROS2/ROS2_WS/install/my_interface_pkg/lib/python3.8/site-packages/my_interface_pkg/my_interface_pkg_s__rosidl_typesupport_c.cpython-38-x86_64-linux-gnu.so
[38.691s] -- Set runtime path of "/mnt/d/Programming/ROS2/ROS2_WS/install/my_interface_pkg/lib/python3.8/site-packages/my_interface_pkg/my_interface_pkg_s__rosidl_typesupport_c.cpython-38-x86_64-linux-gnu.so" to ""
[38.713s] -- Installing: /mnt/d/Programming/ROS2/ROS2_WS/install/my_interface_pkg/lib/libmy_interface_pkg__python.so
[38.815s] -- Set runtime path of "/mnt/d/Programming/ROS2/ROS2_WS/install/my_interface_pkg/lib/libmy_interface_pkg__python.so" to ""
[38.854s] -- Installing: /mnt/d/Programming/ROS2/ROS2_WS/install/my_interface_pkg/share/my_interface_pkg/msg/HardwareStatus.idl
[38.933s] -- Installing: /mnt/d/Programming/ROS2/ROS2_WS/install/my_interface_pkg/share/my_interface_pkg/msg/HardwareStatus.msg
[39.023s] -- Installing: /mnt/d/Programming/ROS2/ROS2_WS/install/my_interface_pkg/share/ament_index/resource_index/package_run_dependencies/my_interface_pkg
[39.137s] -- Installing: /mnt/d/Programming/ROS2/ROS2_WS/install/my_interface_pkg/share/ament_index/resource_index/parent_prefix_path/my_interface_pkg
[39.220s] -- Installing: /mnt/d/Programming/ROS2/ROS2_WS/install/my_interface_pkg/share/my_interface_pkg/environment/ament_prefix_path.sh
[39.283s] -- Installing: /mnt/d/Programming/ROS2/ROS2_WS/install/my_interface_pkg/share/my_interface_pkg/environment/ament_prefix_path.dsv
[39.347s] -- Installing: /mnt/d/Programming/ROS2/ROS2_WS/install/my_interface_pkg/share/my_interface_pkg/environment/path.sh
[39.408s] -- Installing: /mnt/d/Programming/ROS2/ROS2_WS/install/my_interface_pkg/share/my_interface_pkg/environment/path.dsv
[39.483s] -- Installing: /mnt/d/Programming/ROS2/ROS2_WS/install/my_interface_pkg/share/my_interface_pkg/local_setup.bash
[39.546s] -- Installing: /mnt/d/Programming/ROS2/ROS2_WS/install/my_interface_pkg/share/my_interface_pkg/local_setup.sh
[39.606s] -- Installing: /mnt/d/Programming/ROS2/ROS2_WS/install/my_interface_pkg/share/my_interface_pkg/local_setup.zsh
[39.670s] -- Installing: /mnt/d/Programming/ROS2/ROS2_WS/install/my_interface_pkg/share/my_interface_pkg/local_setup.dsv
[39.736s] -- Installing: /mnt/d/Programming/ROS2/ROS2_WS/install/my_interface_pkg/share/my_interface_pkg/package.dsv
[39.840s] -- Installing: /mnt/d/Programming/ROS2/ROS2_WS/install/my_interface_pkg/share/ament_index/resource_index/packages/my_interface_pkg
[39.957s] -- Installing: /mnt/d/Programming/ROS2/ROS2_WS/install/my_interface_pkg/share/my_interface_pkg/cmake/my_interface_pkg__rosidl_generator_cExport.cmake
[40.050s] -- Installing: /mnt/d/Programming/ROS2/ROS2_WS/install/my_interface_pkg/share/my_interface_pkg/cmake/my_interface_pkg__rosidl_generator_cExport-noconfig.cmake
[40.139s] -- Installing: /mnt/d/Programming/ROS2/ROS2_WS/install/my_interface_pkg/share/my_interface_pkg/cmake/my_interface_pkg__rosidl_typesupport_introspection_cExport.cmake
[40.238s] -- Installing: /mnt/d/Programming/ROS2/ROS2_WS/install/my_interface_pkg/share/my_interface_pkg/cmake/my_interface_pkg__rosidl_typesupport_introspection_cExport-noconfig.cmake
[40.337s] -- Installing: /mnt/d/Programming/ROS2/ROS2_WS/install/my_interface_pkg/share/my_interface_pkg/cmake/my_interface_pkg__rosidl_typesupport_cExport.cmake
[40.436s] -- Installing: /mnt/d/Programming/ROS2/ROS2_WS/install/my_interface_pkg/share/my_interface_pkg/cmake/my_interface_pkg__rosidl_typesupport_cExport-noconfig.cmake
[40.540s] -- Installing: /mnt/d/Programming/ROS2/ROS2_WS/install/my_interface_pkg/share/my_interface_pkg/cmake/my_interface_pkg__rosidl_generator_cppExport.cmake
[40.646s] -- Installing: /mnt/d/Programming/ROS2/ROS2_WS/install/my_interface_pkg/share/my_interface_pkg/cmake/my_interface_pkg__rosidl_typesupport_introspection_cppExport.cmake
[40.756s] -- Installing: /mnt/d/Programming/ROS2/ROS2_WS/install/my_interface_pkg/share/my_interface_pkg/cmake/my_interface_pkg__rosidl_typesupport_introspection_cppExport-noconfig.cmake
[40.854s] -- Installing: /mnt/d/Programming/ROS2/ROS2_WS/install/my_interface_pkg/share/my_interface_pkg/cmake/my_interface_pkg__rosidl_typesupport_cppExport.cmake
[40.962s] -- Installing: /mnt/d/Programming/ROS2/ROS2_WS/install/my_interface_pkg/share/my_interface_pkg/cmake/my_interface_pkg__rosidl_typesupport_cppExport-noconfig.cmake
[41.048s] -- Installing: /mnt/d/Programming/ROS2/ROS2_WS/install/my_interface_pkg/share/my_interface_pkg/cmake/rosidl_cmake-extras.cmake
[41.124s] -- Installing: /mnt/d/Programming/ROS2/ROS2_WS/install/my_interface_pkg/share/my_interface_pkg/cmake/ament_cmake_export_dependencies-extras.cmake
[41.197s] -- Installing: /mnt/d/Programming/ROS2/ROS2_WS/install/my_interface_pkg/share/my_interface_pkg/cmake/ament_cmake_export_libraries-extras.cmake
[41.267s] -- Installing: /mnt/d/Programming/ROS2/ROS2_WS/install/my_interface_pkg/share/my_interface_pkg/cmake/ament_cmake_export_targets-extras.cmake
[41.344s] -- Installing: /mnt/d/Programming/ROS2/ROS2_WS/install/my_interface_pkg/share/my_interface_pkg/cmake/ament_cmake_export_include_directories-extras.cmake
[41.419s] -- Installing: /mnt/d/Programming/ROS2/ROS2_WS/install/my_interface_pkg/share/my_interface_pkg/cmake/rosidl_cmake_export_typesupport_libraries-extras.cmake
[41.490s] -- Installing: /mnt/d/Programming/ROS2/ROS2_WS/install/my_interface_pkg/share/my_interface_pkg/cmake/rosidl_cmake_export_typesupport_targets-extras.cmake
[41.554s] -- Installing: /mnt/d/Programming/ROS2/ROS2_WS/install/my_interface_pkg/share/my_interface_pkg/cmake/my_interface_pkgConfig.cmake
[41.614s] -- Installing: /mnt/d/Programming/ROS2/ROS2_WS/install/my_interface_pkg/share/my_interface_pkg/cmake/my_interface_pkgConfig-version.cmake
[41.683s] -- Installing: /mnt/d/Programming/ROS2/ROS2_WS/install/my_interface_pkg/share/my_interface_pkg/package.xml
[41.756s] Invoked command in '/mnt/d/Programming/ROS2/ROS2_WS/build/my_interface_pkg' returned '0': CMAKE_PREFIX_PATH=${CMAKE_PREFIX_PATH}:/mnt/d/Programming/ROS2/ROS2_WS/install/my_python_pkg:/opt/ros/foxy /usr/bin/cmake --install /mnt/d/Programming/ROS2/ROS2_WS/build/my_interface_pkg
