[0.183s] Invoking command in '/mnt/d/Programming/ROS2/ROS2_WS/build/my_cpp_package': CMAKE_PREFIX_PATH=/opt/ros/foxy /usr/bin/cmake /mnt/d/Programming/ROS2/ROS2_WS/src/my_cpp_package -DCMAKE_INSTALL_PREFIX=/mnt/d/Programming/ROS2/ROS2_WS/install/my_cpp_package
[0.792s] -- The C compiler identification is GNU 10.3.0
[1.480s] -- The CXX compiler identification is GNU 10.3.0
[1.727s] -- Check for working C compiler: /usr/bin/cc
[2.443s] -- Check for working C compiler: /usr/bin/cc -- works
[2.453s] -- Detecting C compiler ABI info
[3.167s] -- Detecting C compiler ABI info - done
[3.230s] -- Detecting C compile features
[3.232s] -- Detecting C compile features - done
[3.299s] -- Check for working CXX compiler: /usr/bin/c++
[3.957s] -- Check for working CXX compiler: /usr/bin/c++ -- works
[3.964s] -- Detecting CXX compiler ABI info
[4.453s] -- Detecting CXX compiler ABI info - done
[4.487s] -- Detecting CXX compile features
[4.490s] -- Detecting CXX compile features - done
[4.543s] -- Found ament_cmake: 0.9.9 (/opt/ros/foxy/share/ament_cmake/cmake)
[4.576s] -- Found PythonInterp: /usr/bin/python3 (found suitable version "3.8.10", minimum required is "3") 
[4.578s] -- Using PYTHON_EXECUTABLE: /usr/bin/python3
[4.846s] -- Found rclcpp: 2.4.0 (/opt/ros/foxy/share/rclcpp/cmake)
[5.062s] -- Using all available rosidl_typesupport_c: rosidl_typesupport_fastrtps_c;rosidl_typesupport_introspection_c
[5.077s] -- Found rosidl_adapter: 1.2.1 (/opt/ros/foxy/share/rosidl_adapter/cmake)
[6.169s] -- Found OpenSSL: /usr/lib/x86_64-linux-gnu/libcrypto.so (found version "1.1.1f")  
[7.396s] -- Found FastRTPS: /opt/ros/foxy/include  
[9.518s] -- Using all available rosidl_typesupport_cpp: rosidl_typesupport_fastrtps_cpp;rosidl_typesupport_introspection_cpp
[9.604s] -- Found rmw_implementation_cmake: 1.0.3 (/opt/ros/foxy/share/rmw_implementation_cmake/cmake)
[9.608s] -- Using RMW implementation 'rmw_fastrtps_cpp' as default
[9.636s] -- Looking for pthread.h
[10.155s] -- Looking for pthread.h - found
[10.169s] -- Performing Test CMAKE_HAVE_LIBC_PTHREAD
[10.661s] -- Performing Test CMAKE_HAVE_LIBC_PTHREAD - Failed
[10.666s] -- Looking for pthread_create in pthreads
[11.123s] -- Looking for pthread_create in pthreads - not found
[11.129s] -- Looking for pthread_create in pthread
[11.623s] -- Looking for pthread_create in pthread - found
[11.628s] -- Found Threads: TRUE  
[11.808s] -- Found ament_lint_auto: 0.9.6 (/opt/ros/foxy/share/ament_lint_auto/cmake)
[12.098s] -- Added test 'copyright' to check source files copyright and LICENSE
[12.535s] -- Added test 'lint_cmake' to check CMake code style
[12.772s] -- Added test 'xmllint' to check XML markup files
[12.883s] -- Configuring done
[13.068s] -- Generating done
[13.128s] -- Build files have been written to: /mnt/d/Programming/ROS2/ROS2_WS/build/my_cpp_package
[13.135s] Invoked command in '/mnt/d/Programming/ROS2/ROS2_WS/build/my_cpp_package' returned '0': CMAKE_PREFIX_PATH=/opt/ros/foxy /usr/bin/cmake /mnt/d/Programming/ROS2/ROS2_WS/src/my_cpp_package -DCMAKE_INSTALL_PREFIX=/mnt/d/Programming/ROS2/ROS2_WS/install/my_cpp_package
[13.150s] Invoking command in '/mnt/d/Programming/ROS2/ROS2_WS/build/my_cpp_package': CMAKE_PREFIX_PATH=/opt/ros/foxy /usr/bin/cmake --build /mnt/d/Programming/ROS2/ROS2_WS/build/my_cpp_package -- -j12 -l12
[13.282s] Invoked command in '/mnt/d/Programming/ROS2/ROS2_WS/build/my_cpp_package' returned '0': CMAKE_PREFIX_PATH=/opt/ros/foxy /usr/bin/cmake --build /mnt/d/Programming/ROS2/ROS2_WS/build/my_cpp_package -- -j12 -l12
[13.346s] Invoking command in '/mnt/d/Programming/ROS2/ROS2_WS/build/my_cpp_package': CMAKE_PREFIX_PATH=/opt/ros/foxy /usr/bin/cmake --install /mnt/d/Programming/ROS2/ROS2_WS/build/my_cpp_package
[13.360s] -- Install configuration: ""
[13.395s] -- Installing: /mnt/d/Programming/ROS2/ROS2_WS/install/my_cpp_package/share/ament_index/resource_index/package_run_dependencies/my_cpp_package
[13.482s] -- Installing: /mnt/d/Programming/ROS2/ROS2_WS/install/my_cpp_package/share/ament_index/resource_index/parent_prefix_path/my_cpp_package
[13.563s] -- Installing: /mnt/d/Programming/ROS2/ROS2_WS/install/my_cpp_package/share/my_cpp_package/environment/ament_prefix_path.sh
[13.621s] -- Installing: /mnt/d/Programming/ROS2/ROS2_WS/install/my_cpp_package/share/my_cpp_package/environment/ament_prefix_path.dsv
[13.696s] -- Installing: /mnt/d/Programming/ROS2/ROS2_WS/install/my_cpp_package/share/my_cpp_package/environment/path.sh
[13.749s] -- Installing: /mnt/d/Programming/ROS2/ROS2_WS/install/my_cpp_package/share/my_cpp_package/environment/path.dsv
[13.811s] -- Installing: /mnt/d/Programming/ROS2/ROS2_WS/install/my_cpp_package/share/my_cpp_package/local_setup.bash
[13.861s] -- Installing: /mnt/d/Programming/ROS2/ROS2_WS/install/my_cpp_package/share/my_cpp_package/local_setup.sh
[13.919s] -- Installing: /mnt/d/Programming/ROS2/ROS2_WS/install/my_cpp_package/share/my_cpp_package/local_setup.zsh
[13.974s] -- Installing: /mnt/d/Programming/ROS2/ROS2_WS/install/my_cpp_package/share/my_cpp_package/local_setup.dsv
[14.025s] -- Installing: /mnt/d/Programming/ROS2/ROS2_WS/install/my_cpp_package/share/my_cpp_package/package.dsv
[14.102s] -- Installing: /mnt/d/Programming/ROS2/ROS2_WS/install/my_cpp_package/share/ament_index/resource_index/packages/my_cpp_package
[14.185s] -- Installing: /mnt/d/Programming/ROS2/ROS2_WS/install/my_cpp_package/share/my_cpp_package/cmake/my_cpp_packageConfig.cmake
[14.246s] -- Installing: /mnt/d/Programming/ROS2/ROS2_WS/install/my_cpp_package/share/my_cpp_package/cmake/my_cpp_packageConfig-version.cmake
[14.321s] -- Installing: /mnt/d/Programming/ROS2/ROS2_WS/install/my_cpp_package/share/my_cpp_package/package.xml
[14.367s] Invoked command in '/mnt/d/Programming/ROS2/ROS2_WS/build/my_cpp_package' returned '0': CMAKE_PREFIX_PATH=/opt/ros/foxy /usr/bin/cmake --install /mnt/d/Programming/ROS2/ROS2_WS/build/my_cpp_package
