[1.829s] Invoking command in '/mnt/d/Programming/ROS2/ROS2_WS/src/my_python_pkg': PYTHONPATH=/mnt/d/Programming/ROS2/ROS2_WS/install/my_python_pkg/lib/python3.8/site-packages:${PYTHONPATH} /usr/bin/python3 setup.py egg_info --egg-base ../../build/my_python_pkg build --build-base /mnt/d/Programming/ROS2/ROS2_WS/build/my_python_pkg/build install --prefix /mnt/d/Programming/ROS2/ROS2_WS/install/my_python_pkg --record /mnt/d/Programming/ROS2/ROS2_WS/build/my_python_pkg/install.log --single-version-externally-managed
[2.626s] running egg_info
[2.633s] writing ../../build/my_python_pkg/my_python_pkg.egg-info/PKG-INFO
[2.643s] writing dependency_links to ../../build/my_python_pkg/my_python_pkg.egg-info/dependency_links.txt
[2.651s] writing entry points to ../../build/my_python_pkg/my_python_pkg.egg-info/entry_points.txt
[2.657s] writing requirements to ../../build/my_python_pkg/my_python_pkg.egg-info/requires.txt
[2.660s] writing top-level names to ../../build/my_python_pkg/my_python_pkg.egg-info/top_level.txt
[2.765s] reading manifest file '../../build/my_python_pkg/my_python_pkg.egg-info/SOURCES.txt'
[2.851s] writing manifest file '../../build/my_python_pkg/my_python_pkg.egg-info/SOURCES.txt'
[2.855s] running build
[2.856s] running build_py
[2.875s] running install
[2.879s] running install_lib
[2.951s] running install_data
[2.986s] running install_egg_info
[3.000s] removing '/mnt/d/Programming/ROS2/ROS2_WS/install/my_python_pkg/lib/python3.8/site-packages/my_python_pkg-0.0.0-py3.8.egg-info' (and everything under it)
[3.081s] Copying ../../build/my_python_pkg/my_python_pkg.egg-info to /mnt/d/Programming/ROS2/ROS2_WS/install/my_python_pkg/lib/python3.8/site-packages/my_python_pkg-0.0.0-py3.8.egg-info
[3.386s] running install_scripts
[3.450s] writing list of installed files to '/mnt/d/Programming/ROS2/ROS2_WS/build/my_python_pkg/install.log'
[3.484s] Invoked command in '/mnt/d/Programming/ROS2/ROS2_WS/src/my_python_pkg' returned '0': PYTHONPATH=/mnt/d/Programming/ROS2/ROS2_WS/install/my_python_pkg/lib/python3.8/site-packages:${PYTHONPATH} /usr/bin/python3 setup.py egg_info --egg-base ../../build/my_python_pkg build --build-base /mnt/d/Programming/ROS2/ROS2_WS/build/my_python_pkg/build install --prefix /mnt/d/Programming/ROS2/ROS2_WS/install/my_python_pkg --record /mnt/d/Programming/ROS2/ROS2_WS/build/my_python_pkg/install.log --single-version-externally-managed
