[1.345s] Invoking command in '/mnt/d/Programming/ROS2/ROS2_WS/src/my_python_pkg': PYTHONPATH=/mnt/d/Programming/ROS2/ROS2_WS/install/my_python_pkg/lib/python3.8/site-packages:${PYTHONPATH} /usr/bin/python3 setup.py egg_info --egg-base ../../build/my_python_pkg build --build-base /mnt/d/Programming/ROS2/ROS2_WS/build/my_python_pkg/build install --prefix /mnt/d/Programming/ROS2/ROS2_WS/install/my_python_pkg --record /mnt/d/Programming/ROS2/ROS2_WS/build/my_python_pkg/install.log --single-version-externally-managed
[1.820s] running egg_info
[1.829s] creating ../../build/my_python_pkg/my_python_pkg.egg-info
[1.833s] writing ../../build/my_python_pkg/my_python_pkg.egg-info/PKG-INFO
[1.843s] writing dependency_links to ../../build/my_python_pkg/my_python_pkg.egg-info/dependency_links.txt
[1.853s] writing entry points to ../../build/my_python_pkg/my_python_pkg.egg-info/entry_points.txt
[1.859s] writing requirements to ../../build/my_python_pkg/my_python_pkg.egg-info/requires.txt
[1.862s] writing top-level names to ../../build/my_python_pkg/my_python_pkg.egg-info/top_level.txt
[1.875s] writing manifest file '../../build/my_python_pkg/my_python_pkg.egg-info/SOURCES.txt'
[1.947s] reading manifest file '../../build/my_python_pkg/my_python_pkg.egg-info/SOURCES.txt'
[1.996s] writing manifest file '../../build/my_python_pkg/my_python_pkg.egg-info/SOURCES.txt'
[1.998s] running build
[2.000s] running build_py
[2.005s] creating /mnt/d/Programming/ROS2/ROS2_WS/build/my_python_pkg/build
[2.008s] creating /mnt/d/Programming/ROS2/ROS2_WS/build/my_python_pkg/build/lib
[2.012s] creating /mnt/d/Programming/ROS2/ROS2_WS/build/my_python_pkg/build/lib/my_python_pkg
[2.020s] copying my_python_pkg/__init__.py -> /mnt/d/Programming/ROS2/ROS2_WS/build/my_python_pkg/build/lib/my_python_pkg
[2.036s] running install
[2.040s] running install_lib
[2.065s] creating /mnt/d/Programming/ROS2/ROS2_WS/install/my_python_pkg/lib/python3.8/site-packages/my_python_pkg
[2.080s] copying /mnt/d/Programming/ROS2/ROS2_WS/build/my_python_pkg/build/lib/my_python_pkg/__init__.py -> /mnt/d/Programming/ROS2/ROS2_WS/install/my_python_pkg/lib/python3.8/site-packages/my_python_pkg
[2.108s] byte-compiling /mnt/d/Programming/ROS2/ROS2_WS/install/my_python_pkg/lib/python3.8/site-packages/my_python_pkg/__init__.py to __init__.cpython-38.pyc
[2.136s] running install_data
[2.143s] creating /mnt/d/Programming/ROS2/ROS2_WS/install/my_python_pkg/share/ament_index
[2.147s] creating /mnt/d/Programming/ROS2/ROS2_WS/install/my_python_pkg/share/ament_index/resource_index
[2.152s] creating /mnt/d/Programming/ROS2/ROS2_WS/install/my_python_pkg/share/ament_index/resource_index/packages
[2.161s] copying resource/my_python_pkg -> /mnt/d/Programming/ROS2/ROS2_WS/install/my_python_pkg/share/ament_index/resource_index/packages
[2.182s] copying package.xml -> /mnt/d/Programming/ROS2/ROS2_WS/install/my_python_pkg/share/my_python_pkg
[2.193s] running install_egg_info
[2.206s] Copying ../../build/my_python_pkg/my_python_pkg.egg-info to /mnt/d/Programming/ROS2/ROS2_WS/install/my_python_pkg/lib/python3.8/site-packages/my_python_pkg-0.0.0-py3.8.egg-info
[2.416s] running install_scripts
[2.466s] writing list of installed files to '/mnt/d/Programming/ROS2/ROS2_WS/build/my_python_pkg/install.log'
[2.487s] Invoked command in '/mnt/d/Programming/ROS2/ROS2_WS/src/my_python_pkg' returned '0': PYTHONPATH=/mnt/d/Programming/ROS2/ROS2_WS/install/my_python_pkg/lib/python3.8/site-packages:${PYTHONPATH} /usr/bin/python3 setup.py egg_info --egg-base ../../build/my_python_pkg build --build-base /mnt/d/Programming/ROS2/ROS2_WS/build/my_python_pkg/build install --prefix /mnt/d/Programming/ROS2/ROS2_WS/install/my_python_pkg --record /mnt/d/Programming/ROS2/ROS2_WS/build/my_python_pkg/install.log --single-version-externally-managed
