[  3%] Built target my_interface_pkg__cpp
[ 12%] Built target my_interface_pkg__rosidl_generator_c
[ 22%] Built target my_interface_pkg__rosidl_typesupport_cpp
[ 32%] Built target my_interface_pkg__rosidl_typesupport_introspection_cpp
[ 41%] Built target my_interface_pkg__rosidl_typesupport_fastrtps_cpp
[ 51%] Built target my_interface_pkg__rosidl_typesupport_c
[ 61%] Built target my_interface_pkg__rosidl_typesupport_introspection_c
[ 70%] Built target my_interface_pkg__rosidl_typesupport_fastrtps_c
[ 70%] Built target my_interface_pkg
[ 74%] Built target my_interface_pkg__py
[ 80%] Built target my_interface_pkg__python
[ 93%] Built target my_interface_pkg__rosidl_typesupport_c__pyext
[ 93%] Built target my_interface_pkg__rosidl_typesupport_introspection_c__pyext
[100%] Built target my_interface_pkg__rosidl_typesupport_fastrtps_c__pyext
-- Install configuration: ""
-- Up-to-date: /mnt/d/Programming/ROS2/ROS2_WS/install/my_interface_pkg/share/ament_index/resource_index/rosidl_interfaces/my_interface_pkg
-- Up-to-date: /mnt/d/Programming/ROS2/ROS2_WS/install/my_interface_pkg/include/my_interface_pkg
-- Up-to-date: /mnt/d/Programming/ROS2/ROS2_WS/install/my_interface_pkg/include/my_interface_pkg/msg
-- Up-to-date: /mnt/d/Programming/ROS2/ROS2_WS/install/my_interface_pkg/include/my_interface_pkg/msg/detail
-- Up-to-date: /mnt/d/Programming/ROS2/ROS2_WS/install/my_interface_pkg/include/my_interface_pkg/msg/detail/hardware_status__functions.c
-- Up-to-date: /mnt/d/Programming/ROS2/ROS2_WS/install/my_interface_pkg/include/my_interface_pkg/msg/detail/hardware_status__functions.h
-- Up-to-date: /mnt/d/Programming/ROS2/ROS2_WS/install/my_interface_pkg/include/my_interface_pkg/msg/detail/hardware_status__struct.h
-- Up-to-date: /mnt/d/Programming/ROS2/ROS2_WS/install/my_interface_pkg/include/my_interface_pkg/msg/detail/hardware_status__type_support.h
-- Up-to-date: /mnt/d/Programming/ROS2/ROS2_WS/install/my_interface_pkg/include/my_interface_pkg/msg/hardware_status.h
-- Up-to-date: /mnt/d/Programming/ROS2/ROS2_WS/install/my_interface_pkg/include/my_interface_pkg/msg/rosidl_generator_c__visibility_control.h
-- Up-to-date: /mnt/d/Programming/ROS2/ROS2_WS/install/my_interface_pkg/share/my_interface_pkg/environment/library_path.sh
-- Up-to-date: /mnt/d/Programming/ROS2/ROS2_WS/install/my_interface_pkg/share/my_interface_pkg/environment/library_path.dsv
-- Up-to-date: /mnt/d/Programming/ROS2/ROS2_WS/install/my_interface_pkg/lib/libmy_interface_pkg__rosidl_generator_c.so
-- Up-to-date: /mnt/d/Programming/ROS2/ROS2_WS/install/my_interface_pkg/include/my_interface_pkg
-- Up-to-date: /mnt/d/Programming/ROS2/ROS2_WS/install/my_interface_pkg/include/my_interface_pkg/msg
-- Up-to-date: /mnt/d/Programming/ROS2/ROS2_WS/install/my_interface_pkg/include/my_interface_pkg/msg/detail
-- Up-to-date: /mnt/d/Programming/ROS2/ROS2_WS/install/my_interface_pkg/include/my_interface_pkg/msg/detail/hardware_status__rosidl_typesupport_fastrtps_c.h
-- Up-to-date: /mnt/d/Programming/ROS2/ROS2_WS/install/my_interface_pkg/include/my_interface_pkg/msg/rosidl_typesupport_fastrtps_c__visibility_control.h
-- Up-to-date: /mnt/d/Programming/ROS2/ROS2_WS/install/my_interface_pkg/lib/libmy_interface_pkg__rosidl_typesupport_fastrtps_c.so
-- Up-to-date: /mnt/d/Programming/ROS2/ROS2_WS/install/my_interface_pkg/include/my_interface_pkg
-- Up-to-date: /mnt/d/Programming/ROS2/ROS2_WS/install/my_interface_pkg/include/my_interface_pkg/msg
-- Up-to-date: /mnt/d/Programming/ROS2/ROS2_WS/install/my_interface_pkg/include/my_interface_pkg/msg/detail
-- Up-to-date: /mnt/d/Programming/ROS2/ROS2_WS/install/my_interface_pkg/include/my_interface_pkg/msg/detail/dds_fastrtps
-- Up-to-date: /mnt/d/Programming/ROS2/ROS2_WS/install/my_interface_pkg/include/my_interface_pkg/msg/detail/hardware_status__rosidl_typesupport_fastrtps_cpp.hpp
-- Up-to-date: /mnt/d/Programming/ROS2/ROS2_WS/install/my_interface_pkg/include/my_interface_pkg/msg/rosidl_typesupport_fastrtps_cpp__visibility_control.h
-- Up-to-date: /mnt/d/Programming/ROS2/ROS2_WS/install/my_interface_pkg/lib/libmy_interface_pkg__rosidl_typesupport_fastrtps_cpp.so
-- Up-to-date: /mnt/d/Programming/ROS2/ROS2_WS/install/my_interface_pkg/include/my_interface_pkg
-- Up-to-date: /mnt/d/Programming/ROS2/ROS2_WS/install/my_interface_pkg/include/my_interface_pkg/msg
-- Up-to-date: /mnt/d/Programming/ROS2/ROS2_WS/install/my_interface_pkg/include/my_interface_pkg/msg/detail
-- Up-to-date: /mnt/d/Programming/ROS2/ROS2_WS/install/my_interface_pkg/include/my_interface_pkg/msg/detail/hardware_status__rosidl_typesupport_introspection_c.h
-- Up-to-date: /mnt/d/Programming/ROS2/ROS2_WS/install/my_interface_pkg/include/my_interface_pkg/msg/detail/hardware_status__type_support.c
-- Up-to-date: /mnt/d/Programming/ROS2/ROS2_WS/install/my_interface_pkg/include/my_interface_pkg/msg/rosidl_typesupport_introspection_c__visibility_control.h
-- Up-to-date: /mnt/d/Programming/ROS2/ROS2_WS/install/my_interface_pkg/lib/libmy_interface_pkg__rosidl_typesupport_introspection_c.so
-- Up-to-date: /mnt/d/Programming/ROS2/ROS2_WS/install/my_interface_pkg/lib/libmy_interface_pkg__rosidl_typesupport_c.so
-- Up-to-date: /mnt/d/Programming/ROS2/ROS2_WS/install/my_interface_pkg/include/my_interface_pkg
-- Up-to-date: /mnt/d/Programming/ROS2/ROS2_WS/install/my_interface_pkg/include/my_interface_pkg/msg
-- Up-to-date: /mnt/d/Programming/ROS2/ROS2_WS/install/my_interface_pkg/include/my_interface_pkg/msg/detail
-- Up-to-date: /mnt/d/Programming/ROS2/ROS2_WS/install/my_interface_pkg/include/my_interface_pkg/msg/detail/hardware_status__builder.hpp
-- Up-to-date: /mnt/d/Programming/ROS2/ROS2_WS/install/my_interface_pkg/include/my_interface_pkg/msg/detail/hardware_status__struct.hpp
-- Up-to-date: /mnt/d/Programming/ROS2/ROS2_WS/install/my_interface_pkg/include/my_interface_pkg/msg/detail/hardware_status__traits.hpp
-- Up-to-date: /mnt/d/Programming/ROS2/ROS2_WS/install/my_interface_pkg/include/my_interface_pkg/msg/hardware_status.hpp
-- Up-to-date: /mnt/d/Programming/ROS2/ROS2_WS/install/my_interface_pkg/include/my_interface_pkg
-- Up-to-date: /mnt/d/Programming/ROS2/ROS2_WS/install/my_interface_pkg/include/my_interface_pkg/msg
-- Up-to-date: /mnt/d/Programming/ROS2/ROS2_WS/install/my_interface_pkg/include/my_interface_pkg/msg/detail
-- Up-to-date: /mnt/d/Programming/ROS2/ROS2_WS/install/my_interface_pkg/include/my_interface_pkg/msg/detail/hardware_status__rosidl_typesupport_introspection_cpp.hpp
-- Up-to-date: /mnt/d/Programming/ROS2/ROS2_WS/install/my_interface_pkg/include/my_interface_pkg/msg/detail/hardware_status__type_support.cpp
-- Up-to-date: /mnt/d/Programming/ROS2/ROS2_WS/install/my_interface_pkg/lib/libmy_interface_pkg__rosidl_typesupport_introspection_cpp.so
-- Up-to-date: /mnt/d/Programming/ROS2/ROS2_WS/install/my_interface_pkg/lib/libmy_interface_pkg__rosidl_typesupport_cpp.so
-- Up-to-date: /mnt/d/Programming/ROS2/ROS2_WS/install/my_interface_pkg/share/my_interface_pkg/environment/pythonpath.sh
-- Up-to-date: /mnt/d/Programming/ROS2/ROS2_WS/install/my_interface_pkg/share/my_interface_pkg/environment/pythonpath.dsv
-- Up-to-date: /mnt/d/Programming/ROS2/ROS2_WS/install/my_interface_pkg/lib/python3.8/site-packages/my_interface_pkg/__init__.py
-- Up-to-date: /mnt/d/Programming/ROS2/ROS2_WS/install/my_interface_pkg/lib/python3.8/site-packages/my_interface_pkg/msg
-- Up-to-date: /mnt/d/Programming/ROS2/ROS2_WS/install/my_interface_pkg/lib/python3.8/site-packages/my_interface_pkg/msg/_hardware_status.py
-- Up-to-date: /mnt/d/Programming/ROS2/ROS2_WS/install/my_interface_pkg/lib/python3.8/site-packages/my_interface_pkg/msg/_hardware_status_s.c
-- Up-to-date: /mnt/d/Programming/ROS2/ROS2_WS/install/my_interface_pkg/lib/python3.8/site-packages/my_interface_pkg/msg/__init__.py
-- Up-to-date: /mnt/d/Programming/ROS2/ROS2_WS/install/my_interface_pkg/lib/python3.8/site-packages/my_interface_pkg/my_interface_pkg_s__rosidl_typesupport_fastrtps_c.cpython-38-x86_64-linux-gnu.so
-- Up-to-date: /mnt/d/Programming/ROS2/ROS2_WS/install/my_interface_pkg/lib/python3.8/site-packages/my_interface_pkg/my_interface_pkg_s__rosidl_typesupport_introspection_c.cpython-38-x86_64-linux-gnu.so
-- Up-to-date: /mnt/d/Programming/ROS2/ROS2_WS/install/my_interface_pkg/lib/python3.8/site-packages/my_interface_pkg/my_interface_pkg_s__rosidl_typesupport_c.cpython-38-x86_64-linux-gnu.so
-- Up-to-date: /mnt/d/Programming/ROS2/ROS2_WS/install/my_interface_pkg/lib/libmy_interface_pkg__python.so
-- Up-to-date: /mnt/d/Programming/ROS2/ROS2_WS/install/my_interface_pkg/share/my_interface_pkg/msg/HardwareStatus.idl
-- Up-to-date: /mnt/d/Programming/ROS2/ROS2_WS/install/my_interface_pkg/share/my_interface_pkg/msg/HardwareStatus.msg
-- Up-to-date: /mnt/d/Programming/ROS2/ROS2_WS/install/my_interface_pkg/share/ament_index/resource_index/package_run_dependencies/my_interface_pkg
-- Up-to-date: /mnt/d/Programming/ROS2/ROS2_WS/install/my_interface_pkg/share/ament_index/resource_index/parent_prefix_path/my_interface_pkg
-- Up-to-date: /mnt/d/Programming/ROS2/ROS2_WS/install/my_interface_pkg/share/my_interface_pkg/environment/ament_prefix_path.sh
-- Up-to-date: /mnt/d/Programming/ROS2/ROS2_WS/install/my_interface_pkg/share/my_interface_pkg/environment/ament_prefix_path.dsv
-- Up-to-date: /mnt/d/Programming/ROS2/ROS2_WS/install/my_interface_pkg/share/my_interface_pkg/environment/path.sh
-- Up-to-date: /mnt/d/Programming/ROS2/ROS2_WS/install/my_interface_pkg/share/my_interface_pkg/environment/path.dsv
-- Up-to-date: /mnt/d/Programming/ROS2/ROS2_WS/install/my_interface_pkg/share/my_interface_pkg/local_setup.bash
-- Up-to-date: /mnt/d/Programming/ROS2/ROS2_WS/install/my_interface_pkg/share/my_interface_pkg/local_setup.sh
-- Up-to-date: /mnt/d/Programming/ROS2/ROS2_WS/install/my_interface_pkg/share/my_interface_pkg/local_setup.zsh
-- Up-to-date: /mnt/d/Programming/ROS2/ROS2_WS/install/my_interface_pkg/share/my_interface_pkg/local_setup.dsv
-- Installing: /mnt/d/Programming/ROS2/ROS2_WS/install/my_interface_pkg/share/my_interface_pkg/package.dsv
-- Up-to-date: /mnt/d/Programming/ROS2/ROS2_WS/install/my_interface_pkg/share/ament_index/resource_index/packages/my_interface_pkg
-- Up-to-date: /mnt/d/Programming/ROS2/ROS2_WS/install/my_interface_pkg/share/my_interface_pkg/cmake/my_interface_pkg__rosidl_generator_cExport.cmake
-- Up-to-date: /mnt/d/Programming/ROS2/ROS2_WS/install/my_interface_pkg/share/my_interface_pkg/cmake/my_interface_pkg__rosidl_generator_cExport-noconfig.cmake
-- Up-to-date: /mnt/d/Programming/ROS2/ROS2_WS/install/my_interface_pkg/share/my_interface_pkg/cmake/my_interface_pkg__rosidl_typesupport_introspection_cExport.cmake
-- Up-to-date: /mnt/d/Programming/ROS2/ROS2_WS/install/my_interface_pkg/share/my_interface_pkg/cmake/my_interface_pkg__rosidl_typesupport_introspection_cExport-noconfig.cmake
-- Up-to-date: /mnt/d/Programming/ROS2/ROS2_WS/install/my_interface_pkg/share/my_interface_pkg/cmake/my_interface_pkg__rosidl_typesupport_cExport.cmake
-- Up-to-date: /mnt/d/Programming/ROS2/ROS2_WS/install/my_interface_pkg/share/my_interface_pkg/cmake/my_interface_pkg__rosidl_typesupport_cExport-noconfig.cmake
-- Up-to-date: /mnt/d/Programming/ROS2/ROS2_WS/install/my_interface_pkg/share/my_interface_pkg/cmake/my_interface_pkg__rosidl_generator_cppExport.cmake
-- Up-to-date: /mnt/d/Programming/ROS2/ROS2_WS/install/my_interface_pkg/share/my_interface_pkg/cmake/my_interface_pkg__rosidl_typesupport_introspection_cppExport.cmake
-- Up-to-date: /mnt/d/Programming/ROS2/ROS2_WS/install/my_interface_pkg/share/my_interface_pkg/cmake/my_interface_pkg__rosidl_typesupport_introspection_cppExport-noconfig.cmake
-- Up-to-date: /mnt/d/Programming/ROS2/ROS2_WS/install/my_interface_pkg/share/my_interface_pkg/cmake/my_interface_pkg__rosidl_typesupport_cppExport.cmake
-- Up-to-date: /mnt/d/Programming/ROS2/ROS2_WS/install/my_interface_pkg/share/my_interface_pkg/cmake/my_interface_pkg__rosidl_typesupport_cppExport-noconfig.cmake
-- Up-to-date: /mnt/d/Programming/ROS2/ROS2_WS/install/my_interface_pkg/share/my_interface_pkg/cmake/rosidl_cmake-extras.cmake
-- Up-to-date: /mnt/d/Programming/ROS2/ROS2_WS/install/my_interface_pkg/share/my_interface_pkg/cmake/ament_cmake_export_dependencies-extras.cmake
-- Up-to-date: /mnt/d/Programming/ROS2/ROS2_WS/install/my_interface_pkg/share/my_interface_pkg/cmake/ament_cmake_export_libraries-extras.cmake
-- Up-to-date: /mnt/d/Programming/ROS2/ROS2_WS/install/my_interface_pkg/share/my_interface_pkg/cmake/ament_cmake_export_targets-extras.cmake
-- Up-to-date: /mnt/d/Programming/ROS2/ROS2_WS/install/my_interface_pkg/share/my_interface_pkg/cmake/ament_cmake_export_include_directories-extras.cmake
-- Up-to-date: /mnt/d/Programming/ROS2/ROS2_WS/install/my_interface_pkg/share/my_interface_pkg/cmake/rosidl_cmake_export_typesupport_libraries-extras.cmake
-- Up-to-date: /mnt/d/Programming/ROS2/ROS2_WS/install/my_interface_pkg/share/my_interface_pkg/cmake/rosidl_cmake_export_typesupport_targets-extras.cmake
-- Up-to-date: /mnt/d/Programming/ROS2/ROS2_WS/install/my_interface_pkg/share/my_interface_pkg/cmake/my_interface_pkgConfig.cmake
-- Up-to-date: /mnt/d/Programming/ROS2/ROS2_WS/install/my_interface_pkg/share/my_interface_pkg/cmake/my_interface_pkgConfig-version.cmake
-- Up-to-date: /mnt/d/Programming/ROS2/ROS2_WS/install/my_interface_pkg/share/my_interface_pkg/package.xml
