[0.133s] Invoking command in '/mnt/d/Programming/ROS2/ROS2_WS/build/my_interface_pkg': CMAKE_PREFIX_PATH=${CMAKE_PREFIX_PATH}:/mnt/d/Programming/ROS2/ROS2_WS/install/my_python_pkg:/opt/ros/foxy /usr/bin/cmake --build /mnt/d/Programming/ROS2/ROS2_WS/build/my_interface_pkg -- -j12 -l12
[0.506s] [  3%] Built target my_interface_pkg__cpp
[0.673s] [ 12%] Built target my_interface_pkg__rosidl_generator_c
[0.860s] [ 22%] Built target my_interface_pkg__rosidl_typesupport_cpp
[0.898s] [ 32%] Built target my_interface_pkg__rosidl_typesupport_introspection_cpp
[0.982s] [ 41%] Built target my_interface_pkg__rosidl_typesupport_fastrtps_cpp
[1.033s] [ 51%] Built target my_interface_pkg__rosidl_typesupport_c
[1.092s] [ 61%] Built target my_interface_pkg__rosidl_typesupport_introspection_c
[1.211s] [ 70%] Built target my_interface_pkg__rosidl_typesupport_fastrtps_c
[1.298s] [ 70%] Built target my_interface_pkg
[1.439s] [ 74%] Built target my_interface_pkg__py
[1.598s] [ 80%] Built target my_interface_pkg__python
[1.838s] [ 93%] Built target my_interface_pkg__rosidl_typesupport_c__pyext
[1.840s] [ 93%] Built target my_interface_pkg__rosidl_typesupport_introspection_c__pyext
[1.858s] [100%] Built target my_interface_pkg__rosidl_typesupport_fastrtps_c__pyext
[1.950s] Invoked command in '/mnt/d/Programming/ROS2/ROS2_WS/build/my_interface_pkg' returned '0': CMAKE_PREFIX_PATH=${CMAKE_PREFIX_PATH}:/mnt/d/Programming/ROS2/ROS2_WS/install/my_python_pkg:/opt/ros/foxy /usr/bin/cmake --build /mnt/d/Programming/ROS2/ROS2_WS/build/my_interface_pkg -- -j12 -l12
[2.074s] Invoking command in '/mnt/d/Programming/ROS2/ROS2_WS/build/my_interface_pkg': CMAKE_PREFIX_PATH=${CMAKE_PREFIX_PATH}:/mnt/d/Programming/ROS2/ROS2_WS/install/my_python_pkg:/opt/ros/foxy /usr/bin/cmake --install /mnt/d/Programming/ROS2/ROS2_WS/build/my_interface_pkg
[2.090s] -- Install configuration: ""
[2.117s] -- Up-to-date: /mnt/d/Programming/ROS2/ROS2_WS/install/my_interface_pkg/share/ament_index/resource_index/rosidl_interfaces/my_interface_pkg
[2.134s] -- Up-to-date: /mnt/d/Programming/ROS2/ROS2_WS/install/my_interface_pkg/include/my_interface_pkg
[2.153s] -- Up-to-date: /mnt/d/Programming/ROS2/ROS2_WS/install/my_interface_pkg/include/my_interface_pkg/msg
[2.171s] -- Up-to-date: /mnt/d/Programming/ROS2/ROS2_WS/install/my_interface_pkg/include/my_interface_pkg/msg/detail
[2.196s] -- Up-to-date: /mnt/d/Programming/ROS2/ROS2_WS/install/my_interface_pkg/include/my_interface_pkg/msg/detail/hardware_status__functions.c
[2.215s] -- Up-to-date: /mnt/d/Programming/ROS2/ROS2_WS/install/my_interface_pkg/include/my_interface_pkg/msg/detail/hardware_status__functions.h
[2.233s] -- Up-to-date: /mnt/d/Programming/ROS2/ROS2_WS/install/my_interface_pkg/include/my_interface_pkg/msg/detail/hardware_status__struct.h
[2.252s] -- Up-to-date: /mnt/d/Programming/ROS2/ROS2_WS/install/my_interface_pkg/include/my_interface_pkg/msg/detail/hardware_status__type_support.h
[2.269s] -- Up-to-date: /mnt/d/Programming/ROS2/ROS2_WS/install/my_interface_pkg/include/my_interface_pkg/msg/hardware_status.h
[2.287s] -- Up-to-date: /mnt/d/Programming/ROS2/ROS2_WS/install/my_interface_pkg/include/my_interface_pkg/msg/rosidl_generator_c__visibility_control.h
[2.300s] -- Up-to-date: /mnt/d/Programming/ROS2/ROS2_WS/install/my_interface_pkg/share/my_interface_pkg/environment/library_path.sh
[2.323s] -- Up-to-date: /mnt/d/Programming/ROS2/ROS2_WS/install/my_interface_pkg/share/my_interface_pkg/environment/library_path.dsv
[2.368s] -- Up-to-date: /mnt/d/Programming/ROS2/ROS2_WS/install/my_interface_pkg/lib/libmy_interface_pkg__rosidl_generator_c.so
[2.413s] -- Up-to-date: /mnt/d/Programming/ROS2/ROS2_WS/install/my_interface_pkg/include/my_interface_pkg
[2.434s] -- Up-to-date: /mnt/d/Programming/ROS2/ROS2_WS/install/my_interface_pkg/include/my_interface_pkg/msg
[2.456s] -- Up-to-date: /mnt/d/Programming/ROS2/ROS2_WS/install/my_interface_pkg/include/my_interface_pkg/msg/detail
[2.499s] -- Up-to-date: /mnt/d/Programming/ROS2/ROS2_WS/install/my_interface_pkg/include/my_interface_pkg/msg/detail/hardware_status__rosidl_typesupport_fastrtps_c.h
[2.525s] -- Up-to-date: /mnt/d/Programming/ROS2/ROS2_WS/install/my_interface_pkg/include/my_interface_pkg/msg/rosidl_typesupport_fastrtps_c__visibility_control.h
[2.576s] -- Up-to-date: /mnt/d/Programming/ROS2/ROS2_WS/install/my_interface_pkg/lib/libmy_interface_pkg__rosidl_typesupport_fastrtps_c.so
[2.619s] -- Up-to-date: /mnt/d/Programming/ROS2/ROS2_WS/install/my_interface_pkg/include/my_interface_pkg
[2.634s] -- Up-to-date: /mnt/d/Programming/ROS2/ROS2_WS/install/my_interface_pkg/include/my_interface_pkg/msg
[2.657s] -- Up-to-date: /mnt/d/Programming/ROS2/ROS2_WS/install/my_interface_pkg/include/my_interface_pkg/msg/detail
[2.678s] -- Up-to-date: /mnt/d/Programming/ROS2/ROS2_WS/install/my_interface_pkg/include/my_interface_pkg/msg/detail/dds_fastrtps
[2.702s] -- Up-to-date: /mnt/d/Programming/ROS2/ROS2_WS/install/my_interface_pkg/include/my_interface_pkg/msg/detail/hardware_status__rosidl_typesupport_fastrtps_cpp.hpp
[2.725s] -- Up-to-date: /mnt/d/Programming/ROS2/ROS2_WS/install/my_interface_pkg/include/my_interface_pkg/msg/rosidl_typesupport_fastrtps_cpp__visibility_control.h
[2.771s] -- Up-to-date: /mnt/d/Programming/ROS2/ROS2_WS/install/my_interface_pkg/lib/libmy_interface_pkg__rosidl_typesupport_fastrtps_cpp.so
[2.811s] -- Up-to-date: /mnt/d/Programming/ROS2/ROS2_WS/install/my_interface_pkg/include/my_interface_pkg
[2.833s] -- Up-to-date: /mnt/d/Programming/ROS2/ROS2_WS/install/my_interface_pkg/include/my_interface_pkg/msg
[2.862s] -- Up-to-date: /mnt/d/Programming/ROS2/ROS2_WS/install/my_interface_pkg/include/my_interface_pkg/msg/detail
[2.894s] -- Up-to-date: /mnt/d/Programming/ROS2/ROS2_WS/install/my_interface_pkg/include/my_interface_pkg/msg/detail/hardware_status__rosidl_typesupport_introspection_c.h
[2.923s] -- Up-to-date: /mnt/d/Programming/ROS2/ROS2_WS/install/my_interface_pkg/include/my_interface_pkg/msg/detail/hardware_status__type_support.c
[2.945s] -- Up-to-date: /mnt/d/Programming/ROS2/ROS2_WS/install/my_interface_pkg/include/my_interface_pkg/msg/rosidl_typesupport_introspection_c__visibility_control.h
[2.988s] -- Up-to-date: /mnt/d/Programming/ROS2/ROS2_WS/install/my_interface_pkg/lib/libmy_interface_pkg__rosidl_typesupport_introspection_c.so
[3.055s] -- Up-to-date: /mnt/d/Programming/ROS2/ROS2_WS/install/my_interface_pkg/lib/libmy_interface_pkg__rosidl_typesupport_c.so
[3.098s] -- Up-to-date: /mnt/d/Programming/ROS2/ROS2_WS/install/my_interface_pkg/include/my_interface_pkg
[3.116s] -- Up-to-date: /mnt/d/Programming/ROS2/ROS2_WS/install/my_interface_pkg/include/my_interface_pkg/msg
[3.144s] -- Up-to-date: /mnt/d/Programming/ROS2/ROS2_WS/install/my_interface_pkg/include/my_interface_pkg/msg/detail
[3.183s] -- Up-to-date: /mnt/d/Programming/ROS2/ROS2_WS/install/my_interface_pkg/include/my_interface_pkg/msg/detail/hardware_status__builder.hpp
[3.209s] -- Up-to-date: /mnt/d/Programming/ROS2/ROS2_WS/install/my_interface_pkg/include/my_interface_pkg/msg/detail/hardware_status__struct.hpp
[3.235s] -- Up-to-date: /mnt/d/Programming/ROS2/ROS2_WS/install/my_interface_pkg/include/my_interface_pkg/msg/detail/hardware_status__traits.hpp
[3.263s] -- Up-to-date: /mnt/d/Programming/ROS2/ROS2_WS/install/my_interface_pkg/include/my_interface_pkg/msg/hardware_status.hpp
[3.281s] -- Up-to-date: /mnt/d/Programming/ROS2/ROS2_WS/install/my_interface_pkg/include/my_interface_pkg
[3.300s] -- Up-to-date: /mnt/d/Programming/ROS2/ROS2_WS/install/my_interface_pkg/include/my_interface_pkg/msg
[3.325s] -- Up-to-date: /mnt/d/Programming/ROS2/ROS2_WS/install/my_interface_pkg/include/my_interface_pkg/msg/detail
[3.367s] -- Up-to-date: /mnt/d/Programming/ROS2/ROS2_WS/install/my_interface_pkg/include/my_interface_pkg/msg/detail/hardware_status__rosidl_typesupport_introspection_cpp.hpp
[3.392s] -- Up-to-date: /mnt/d/Programming/ROS2/ROS2_WS/install/my_interface_pkg/include/my_interface_pkg/msg/detail/hardware_status__type_support.cpp
[3.438s] -- Up-to-date: /mnt/d/Programming/ROS2/ROS2_WS/install/my_interface_pkg/lib/libmy_interface_pkg__rosidl_typesupport_introspection_cpp.so
[3.503s] -- Up-to-date: /mnt/d/Programming/ROS2/ROS2_WS/install/my_interface_pkg/lib/libmy_interface_pkg__rosidl_typesupport_cpp.so
[3.551s] -- Up-to-date: /mnt/d/Programming/ROS2/ROS2_WS/install/my_interface_pkg/share/my_interface_pkg/environment/pythonpath.sh
[3.577s] -- Up-to-date: /mnt/d/Programming/ROS2/ROS2_WS/install/my_interface_pkg/share/my_interface_pkg/environment/pythonpath.dsv
[3.597s] -- Up-to-date: /mnt/d/Programming/ROS2/ROS2_WS/install/my_interface_pkg/lib/python3.8/site-packages/my_interface_pkg/__init__.py
[3.886s] -- Up-to-date: /mnt/d/Programming/ROS2/ROS2_WS/install/my_interface_pkg/lib/python3.8/site-packages/my_interface_pkg/msg
[3.918s] -- Up-to-date: /mnt/d/Programming/ROS2/ROS2_WS/install/my_interface_pkg/lib/python3.8/site-packages/my_interface_pkg/msg/_hardware_status.py
[3.946s] -- Up-to-date: /mnt/d/Programming/ROS2/ROS2_WS/install/my_interface_pkg/lib/python3.8/site-packages/my_interface_pkg/msg/_hardware_status_s.c
[3.967s] -- Up-to-date: /mnt/d/Programming/ROS2/ROS2_WS/install/my_interface_pkg/lib/python3.8/site-packages/my_interface_pkg/msg/__init__.py
[4.011s] -- Up-to-date: /mnt/d/Programming/ROS2/ROS2_WS/install/my_interface_pkg/lib/python3.8/site-packages/my_interface_pkg/my_interface_pkg_s__rosidl_typesupport_fastrtps_c.cpython-38-x86_64-linux-gnu.so
[4.103s] -- Up-to-date: /mnt/d/Programming/ROS2/ROS2_WS/install/my_interface_pkg/lib/python3.8/site-packages/my_interface_pkg/my_interface_pkg_s__rosidl_typesupport_introspection_c.cpython-38-x86_64-linux-gnu.so
[4.211s] -- Up-to-date: /mnt/d/Programming/ROS2/ROS2_WS/install/my_interface_pkg/lib/python3.8/site-packages/my_interface_pkg/my_interface_pkg_s__rosidl_typesupport_c.cpython-38-x86_64-linux-gnu.so
[4.306s] -- Up-to-date: /mnt/d/Programming/ROS2/ROS2_WS/install/my_interface_pkg/lib/libmy_interface_pkg__python.so
[4.372s] -- Up-to-date: /mnt/d/Programming/ROS2/ROS2_WS/install/my_interface_pkg/share/my_interface_pkg/msg/HardwareStatus.idl
[4.402s] -- Up-to-date: /mnt/d/Programming/ROS2/ROS2_WS/install/my_interface_pkg/share/my_interface_pkg/msg/HardwareStatus.msg
[4.436s] -- Up-to-date: /mnt/d/Programming/ROS2/ROS2_WS/install/my_interface_pkg/share/ament_index/resource_index/package_run_dependencies/my_interface_pkg
[4.472s] -- Up-to-date: /mnt/d/Programming/ROS2/ROS2_WS/install/my_interface_pkg/share/ament_index/resource_index/parent_prefix_path/my_interface_pkg
[4.494s] -- Up-to-date: /mnt/d/Programming/ROS2/ROS2_WS/install/my_interface_pkg/share/my_interface_pkg/environment/ament_prefix_path.sh
[4.513s] -- Up-to-date: /mnt/d/Programming/ROS2/ROS2_WS/install/my_interface_pkg/share/my_interface_pkg/environment/ament_prefix_path.dsv
[4.535s] -- Up-to-date: /mnt/d/Programming/ROS2/ROS2_WS/install/my_interface_pkg/share/my_interface_pkg/environment/path.sh
[4.562s] -- Up-to-date: /mnt/d/Programming/ROS2/ROS2_WS/install/my_interface_pkg/share/my_interface_pkg/environment/path.dsv
[4.582s] -- Up-to-date: /mnt/d/Programming/ROS2/ROS2_WS/install/my_interface_pkg/share/my_interface_pkg/local_setup.bash
[4.598s] -- Up-to-date: /mnt/d/Programming/ROS2/ROS2_WS/install/my_interface_pkg/share/my_interface_pkg/local_setup.sh
[4.619s] -- Up-to-date: /mnt/d/Programming/ROS2/ROS2_WS/install/my_interface_pkg/share/my_interface_pkg/local_setup.zsh
[4.639s] -- Up-to-date: /mnt/d/Programming/ROS2/ROS2_WS/install/my_interface_pkg/share/my_interface_pkg/local_setup.dsv
[4.659s] -- Installing: /mnt/d/Programming/ROS2/ROS2_WS/install/my_interface_pkg/share/my_interface_pkg/package.dsv
[4.741s] -- Up-to-date: /mnt/d/Programming/ROS2/ROS2_WS/install/my_interface_pkg/share/ament_index/resource_index/packages/my_interface_pkg
[4.792s] -- Up-to-date: /mnt/d/Programming/ROS2/ROS2_WS/install/my_interface_pkg/share/my_interface_pkg/cmake/my_interface_pkg__rosidl_generator_cExport.cmake
[4.821s] -- Up-to-date: /mnt/d/Programming/ROS2/ROS2_WS/install/my_interface_pkg/share/my_interface_pkg/cmake/my_interface_pkg__rosidl_generator_cExport-noconfig.cmake
[4.872s] -- Up-to-date: /mnt/d/Programming/ROS2/ROS2_WS/install/my_interface_pkg/share/my_interface_pkg/cmake/my_interface_pkg__rosidl_typesupport_introspection_cExport.cmake
[4.902s] -- Up-to-date: /mnt/d/Programming/ROS2/ROS2_WS/install/my_interface_pkg/share/my_interface_pkg/cmake/my_interface_pkg__rosidl_typesupport_introspection_cExport-noconfig.cmake
[4.956s] -- Up-to-date: /mnt/d/Programming/ROS2/ROS2_WS/install/my_interface_pkg/share/my_interface_pkg/cmake/my_interface_pkg__rosidl_typesupport_cExport.cmake
[4.988s] -- Up-to-date: /mnt/d/Programming/ROS2/ROS2_WS/install/my_interface_pkg/share/my_interface_pkg/cmake/my_interface_pkg__rosidl_typesupport_cExport-noconfig.cmake
[5.041s] -- Up-to-date: /mnt/d/Programming/ROS2/ROS2_WS/install/my_interface_pkg/share/my_interface_pkg/cmake/my_interface_pkg__rosidl_generator_cppExport.cmake
[5.082s] -- Up-to-date: /mnt/d/Programming/ROS2/ROS2_WS/install/my_interface_pkg/share/my_interface_pkg/cmake/my_interface_pkg__rosidl_typesupport_introspection_cppExport.cmake
[5.102s] -- Up-to-date: /mnt/d/Programming/ROS2/ROS2_WS/install/my_interface_pkg/share/my_interface_pkg/cmake/my_interface_pkg__rosidl_typesupport_introspection_cppExport-noconfig.cmake
[5.135s] -- Up-to-date: /mnt/d/Programming/ROS2/ROS2_WS/install/my_interface_pkg/share/my_interface_pkg/cmake/my_interface_pkg__rosidl_typesupport_cppExport.cmake
[5.160s] -- Up-to-date: /mnt/d/Programming/ROS2/ROS2_WS/install/my_interface_pkg/share/my_interface_pkg/cmake/my_interface_pkg__rosidl_typesupport_cppExport-noconfig.cmake
[5.176s] -- Up-to-date: /mnt/d/Programming/ROS2/ROS2_WS/install/my_interface_pkg/share/my_interface_pkg/cmake/rosidl_cmake-extras.cmake
[5.196s] -- Up-to-date: /mnt/d/Programming/ROS2/ROS2_WS/install/my_interface_pkg/share/my_interface_pkg/cmake/ament_cmake_export_dependencies-extras.cmake
[5.222s] -- Up-to-date: /mnt/d/Programming/ROS2/ROS2_WS/install/my_interface_pkg/share/my_interface_pkg/cmake/ament_cmake_export_libraries-extras.cmake
[5.248s] -- Up-to-date: /mnt/d/Programming/ROS2/ROS2_WS/install/my_interface_pkg/share/my_interface_pkg/cmake/ament_cmake_export_targets-extras.cmake
[5.272s] -- Up-to-date: /mnt/d/Programming/ROS2/ROS2_WS/install/my_interface_pkg/share/my_interface_pkg/cmake/ament_cmake_export_include_directories-extras.cmake
[5.295s] -- Up-to-date: /mnt/d/Programming/ROS2/ROS2_WS/install/my_interface_pkg/share/my_interface_pkg/cmake/rosidl_cmake_export_typesupport_libraries-extras.cmake
[5.317s] -- Up-to-date: /mnt/d/Programming/ROS2/ROS2_WS/install/my_interface_pkg/share/my_interface_pkg/cmake/rosidl_cmake_export_typesupport_targets-extras.cmake
[5.340s] -- Up-to-date: /mnt/d/Programming/ROS2/ROS2_WS/install/my_interface_pkg/share/my_interface_pkg/cmake/my_interface_pkgConfig.cmake
[5.359s] -- Up-to-date: /mnt/d/Programming/ROS2/ROS2_WS/install/my_interface_pkg/share/my_interface_pkg/cmake/my_interface_pkgConfig-version.cmake
[5.384s] -- Up-to-date: /mnt/d/Programming/ROS2/ROS2_WS/install/my_interface_pkg/share/my_interface_pkg/package.xml
[5.401s] Invoked command in '/mnt/d/Programming/ROS2/ROS2_WS/build/my_interface_pkg' returned '0': CMAKE_PREFIX_PATH=${CMAKE_PREFIX_PATH}:/mnt/d/Programming/ROS2/ROS2_WS/install/my_python_pkg:/opt/ros/foxy /usr/bin/cmake --install /mnt/d/Programming/ROS2/ROS2_WS/build/my_interface_pkg
