[4.128s] Invoking command in '/mnt/d/Programming/ROS2/ROS2_WS/build/my_python_pkg': CMAKE_PREFIX_PATH=/mnt/d/Programming/ROS2/ROS2_WS/install/my_interface_pkg:/mnt/d/Programming/ROS2/ROS2_WS/install/my_cpp_package PYTHONPATH=/mnt/d/Programming/ROS2/ROS2_WS/install/my_python_pkg/lib/python3.8/site-packages:/mnt/d/Programming/ROS2/ROS2_WS/install/my_interface_pkg/lib/python3.8/site-packages:/mnt/d/programming/ROS2/ROS2_WS/build/my_python_pkg:/mnt/d/Programming/ROS2/ROS2_WS/install/my_python_pkg/lib/python3.8/site-packages:/opt/ros/foxy/lib/python3.8/site-packages /usr/bin/python3 setup.py develop --prefix /mnt/d/Programming/ROS2/ROS2_WS/install/my_python_pkg --editable --build-directory /mnt/d/Programming/ROS2/ROS2_WS/build/my_python_pkg/build --no-deps install_data --install-dir /mnt/d/Programming/ROS2/ROS2_WS/install/my_python_pkg
[5.802s] running develop
[6.165s] running egg_info
[6.167s] writing my_python_pkg.egg-info/PKG-INFO
[6.173s] writing dependency_links to my_python_pkg.egg-info/dependency_links.txt
[6.179s] writing entry points to my_python_pkg.egg-info/entry_points.txt
[6.183s] writing requirements to my_python_pkg.egg-info/requires.txt
[6.186s] writing top-level names to my_python_pkg.egg-info/top_level.txt
[6.322s] reading manifest file 'my_python_pkg.egg-info/SOURCES.txt'
[6.449s] writing manifest file 'my_python_pkg.egg-info/SOURCES.txt'
[6.641s] running build_ext
[6.649s] Creating /mnt/d/Programming/ROS2/ROS2_WS/install/my_python_pkg/lib/python3.8/site-packages/my-python-pkg.egg-link (link to .)
[6.669s] Installing add_two_ints script to /mnt/d/Programming/ROS2/ROS2_WS/install/my_python_pkg/lib/my_python_pkg
[6.695s] Installing add_two_ints_no_oop script to /mnt/d/Programming/ROS2/ROS2_WS/install/my_python_pkg/lib/my_python_pkg
[6.715s] Installing add_two_ints_oop script to /mnt/d/Programming/ROS2/ROS2_WS/install/my_python_pkg/lib/my_python_pkg
[6.737s] Installing hardware_status_publisher script to /mnt/d/Programming/ROS2/ROS2_WS/install/my_python_pkg/lib/my_python_pkg
[6.762s] Installing number_publisher script to /mnt/d/Programming/ROS2/ROS2_WS/install/my_python_pkg/lib/my_python_pkg
[6.785s] Installing publisher script to /mnt/d/Programming/ROS2/ROS2_WS/install/my_python_pkg/lib/my_python_pkg
[6.805s] Installing python_node script to /mnt/d/Programming/ROS2/ROS2_WS/install/my_python_pkg/lib/my_python_pkg
[6.825s] Installing subscriber script to /mnt/d/Programming/ROS2/ROS2_WS/install/my_python_pkg/lib/my_python_pkg
[6.855s] 
[6.856s] Installed /mnt/d/Programming/ROS2/ROS2_WS/build/my_python_pkg
[6.860s] running install_data
[6.928s] Invoked command in '/mnt/d/Programming/ROS2/ROS2_WS/build/my_python_pkg' returned '0': CMAKE_PREFIX_PATH=/mnt/d/Programming/ROS2/ROS2_WS/install/my_interface_pkg:/mnt/d/Programming/ROS2/ROS2_WS/install/my_cpp_package PYTHONPATH=/mnt/d/Programming/ROS2/ROS2_WS/install/my_python_pkg/lib/python3.8/site-packages:/mnt/d/Programming/ROS2/ROS2_WS/install/my_interface_pkg/lib/python3.8/site-packages:/mnt/d/programming/ROS2/ROS2_WS/build/my_python_pkg:/mnt/d/Programming/ROS2/ROS2_WS/install/my_python_pkg/lib/python3.8/site-packages:/opt/ros/foxy/lib/python3.8/site-packages /usr/bin/python3 setup.py develop --prefix /mnt/d/Programming/ROS2/ROS2_WS/install/my_python_pkg --editable --build-directory /mnt/d/Programming/ROS2/ROS2_WS/build/my_python_pkg/build --no-deps install_data --install-dir /mnt/d/Programming/ROS2/ROS2_WS/install/my_python_pkg
