[2.894s] Invoking command in '/mnt/d/programming/ROS2/ROS2_WS/build/my_python_pkg': PYTHONPATH=/mnt/d/programming/ROS2/ROS2_WS/install/my_python_pkg/lib/python3.8/site-packages:${PYTHONPATH} /usr/bin/python3 setup.py develop --prefix /mnt/d/programming/ROS2/ROS2_WS/install/my_python_pkg --uninstall --editable --build-directory /mnt/d/programming/ROS2/ROS2_WS/build/my_python_pkg/build
[4.325s] running develop
[4.837s] Removing /mnt/d/programming/ROS2/ROS2_WS/install/my_python_pkg/lib/python3.8/site-packages/my-python-pkg.egg-link (link to .)
[4.841s] Link points to ['/mnt/d/Programming/ROS2/ROS2_WS/build/my_python_pkg', '.']: uninstall aborted
[4.870s] Invoked command in '/mnt/d/programming/ROS2/ROS2_WS/build/my_python_pkg' returned '0': PYTHONPATH=/mnt/d/programming/ROS2/ROS2_WS/install/my_python_pkg/lib/python3.8/site-packages:${PYTHONPATH} /usr/bin/python3 setup.py develop --prefix /mnt/d/programming/ROS2/ROS2_WS/install/my_python_pkg --uninstall --editable --build-directory /mnt/d/programming/ROS2/ROS2_WS/build/my_python_pkg/build
[4.881s] Invoking command in '/mnt/d/programming/ROS2/ROS2_WS/src/my_python_pkg': PYTHONPATH=/mnt/d/programming/ROS2/ROS2_WS/install/my_python_pkg/lib/python3.8/site-packages:${PYTHONPATH} /usr/bin/python3 setup.py egg_info --egg-base ../../build/my_python_pkg build --build-base /mnt/d/programming/ROS2/ROS2_WS/build/my_python_pkg/build install --prefix /mnt/d/programming/ROS2/ROS2_WS/install/my_python_pkg --record /mnt/d/programming/ROS2/ROS2_WS/build/my_python_pkg/install.log --single-version-externally-managed
[6.151s] running egg_info
[6.158s] writing ../../build/my_python_pkg/my_python_pkg.egg-info/PKG-INFO
[6.168s] writing dependency_links to ../../build/my_python_pkg/my_python_pkg.egg-info/dependency_links.txt
[6.175s] writing entry points to ../../build/my_python_pkg/my_python_pkg.egg-info/entry_points.txt
[6.181s] writing requirements to ../../build/my_python_pkg/my_python_pkg.egg-info/requires.txt
[6.187s] writing top-level names to ../../build/my_python_pkg/my_python_pkg.egg-info/top_level.txt
[6.298s] reading manifest file '../../build/my_python_pkg/my_python_pkg.egg-info/SOURCES.txt'
[6.378s] writing manifest file '../../build/my_python_pkg/my_python_pkg.egg-info/SOURCES.txt'
[6.381s] running build
[6.383s] running build_py
[6.433s] running install
[6.440s] running install_lib
[6.645s] running install_data
[6.678s] running install_egg_info
[6.695s] removing '/mnt/d/programming/ROS2/ROS2_WS/install/my_python_pkg/lib/python3.8/site-packages/my_python_pkg-0.0.0-py3.8.egg-info' (and everything under it)
[6.756s] Copying ../../build/my_python_pkg/my_python_pkg.egg-info to /mnt/d/programming/ROS2/ROS2_WS/install/my_python_pkg/lib/python3.8/site-packages/my_python_pkg-0.0.0-py3.8.egg-info
[7.009s] running install_scripts
[7.081s] Installing publisher script to /mnt/d/programming/ROS2/ROS2_WS/install/my_python_pkg/lib/my_python_pkg
[7.099s] Installing python_node script to /mnt/d/programming/ROS2/ROS2_WS/install/my_python_pkg/lib/my_python_pkg
[7.112s] Installing subscriber script to /mnt/d/programming/ROS2/ROS2_WS/install/my_python_pkg/lib/my_python_pkg
[7.126s] writing list of installed files to '/mnt/d/programming/ROS2/ROS2_WS/build/my_python_pkg/install.log'
[7.146s] Invoked command in '/mnt/d/programming/ROS2/ROS2_WS/src/my_python_pkg' returned '0': PYTHONPATH=/mnt/d/programming/ROS2/ROS2_WS/install/my_python_pkg/lib/python3.8/site-packages:${PYTHONPATH} /usr/bin/python3 setup.py egg_info --egg-base ../../build/my_python_pkg build --build-base /mnt/d/programming/ROS2/ROS2_WS/build/my_python_pkg/build install --prefix /mnt/d/programming/ROS2/ROS2_WS/install/my_python_pkg --record /mnt/d/programming/ROS2/ROS2_WS/build/my_python_pkg/install.log --single-version-externally-managed
