[3.213s] Invoking command in '/mnt/d/programming/ROS2/ROS2_WS/build/my_python_pkg': PYTHONPATH=/mnt/d/programming/ROS2/ROS2_WS/install/my_python_pkg/lib/python3.8/site-packages:${PYTHONPATH} /usr/bin/python3 setup.py develop --prefix /mnt/d/programming/ROS2/ROS2_WS/install/my_python_pkg --uninstall --editable --build-directory /mnt/d/programming/ROS2/ROS2_WS/build/my_python_pkg/build
[4.418s] running develop
[4.824s] Removing /mnt/d/programming/ROS2/ROS2_WS/install/my_python_pkg/lib/python3.8/site-packages/my-python-pkg.egg-link (link to .)
[4.830s] Link points to ['/mnt/d/Programming/ROS2/ROS2_WS/build/my_python_pkg', '.']: uninstall aborted
[4.850s] Invoked command in '/mnt/d/programming/ROS2/ROS2_WS/build/my_python_pkg' returned '0': PYTHONPATH=/mnt/d/programming/ROS2/ROS2_WS/install/my_python_pkg/lib/python3.8/site-packages:${PYTHONPATH} /usr/bin/python3 setup.py develop --prefix /mnt/d/programming/ROS2/ROS2_WS/install/my_python_pkg --uninstall --editable --build-directory /mnt/d/programming/ROS2/ROS2_WS/build/my_python_pkg/build
[4.858s] Invoking command in '/mnt/d/programming/ROS2/ROS2_WS/src/my_python_pkg': PYTHONPATH=/mnt/d/programming/ROS2/ROS2_WS/install/my_python_pkg/lib/python3.8/site-packages:${PYTHONPATH} /usr/bin/python3 setup.py egg_info --egg-base ../../build/my_python_pkg build --build-base /mnt/d/programming/ROS2/ROS2_WS/build/my_python_pkg/build install --prefix /mnt/d/programming/ROS2/ROS2_WS/install/my_python_pkg --record /mnt/d/programming/ROS2/ROS2_WS/build/my_python_pkg/install.log --single-version-externally-managed
[5.816s] running egg_info
[5.824s] writing ../../build/my_python_pkg/my_python_pkg.egg-info/PKG-INFO
[5.834s] writing dependency_links to ../../build/my_python_pkg/my_python_pkg.egg-info/dependency_links.txt
[5.843s] writing entry points to ../../build/my_python_pkg/my_python_pkg.egg-info/entry_points.txt
[5.849s] writing requirements to ../../build/my_python_pkg/my_python_pkg.egg-info/requires.txt
[5.853s] writing top-level names to ../../build/my_python_pkg/my_python_pkg.egg-info/top_level.txt
[5.951s] reading manifest file '../../build/my_python_pkg/my_python_pkg.egg-info/SOURCES.txt'
[6.028s] writing manifest file '../../build/my_python_pkg/my_python_pkg.egg-info/SOURCES.txt'
[6.031s] running build
[6.032s] running build_py
[6.046s] copying my_python_pkg/add_two_ints.py -> /mnt/d/programming/ROS2/ROS2_WS/build/my_python_pkg/build/lib/my_python_pkg
[6.123s] running install
[6.129s] running install_lib
[6.177s] copying /mnt/d/programming/ROS2/ROS2_WS/build/my_python_pkg/build/lib/my_python_pkg/add_two_ints.py -> /mnt/d/programming/ROS2/ROS2_WS/install/my_python_pkg/lib/python3.8/site-packages/my_python_pkg
[6.335s] byte-compiling /mnt/d/programming/ROS2/ROS2_WS/install/my_python_pkg/lib/python3.8/site-packages/my_python_pkg/add_two_ints.py to add_two_ints.cpython-38.pyc
[6.447s] running install_data
[6.472s] running install_egg_info
[6.487s] removing '/mnt/d/programming/ROS2/ROS2_WS/install/my_python_pkg/lib/python3.8/site-packages/my_python_pkg-0.0.0-py3.8.egg-info' (and everything under it)
[6.545s] Copying ../../build/my_python_pkg/my_python_pkg.egg-info to /mnt/d/programming/ROS2/ROS2_WS/install/my_python_pkg/lib/python3.8/site-packages/my_python_pkg-0.0.0-py3.8.egg-info
[6.795s] running install_scripts
[6.857s] Installing add_two_ints script to /mnt/d/programming/ROS2/ROS2_WS/install/my_python_pkg/lib/my_python_pkg
[6.871s] Installing publisher script to /mnt/d/programming/ROS2/ROS2_WS/install/my_python_pkg/lib/my_python_pkg
[6.884s] Installing python_node script to /mnt/d/programming/ROS2/ROS2_WS/install/my_python_pkg/lib/my_python_pkg
[6.899s] Installing subscriber script to /mnt/d/programming/ROS2/ROS2_WS/install/my_python_pkg/lib/my_python_pkg
[6.911s] writing list of installed files to '/mnt/d/programming/ROS2/ROS2_WS/build/my_python_pkg/install.log'
[6.931s] Invoked command in '/mnt/d/programming/ROS2/ROS2_WS/src/my_python_pkg' returned '0': PYTHONPATH=/mnt/d/programming/ROS2/ROS2_WS/install/my_python_pkg/lib/python3.8/site-packages:${PYTHONPATH} /usr/bin/python3 setup.py egg_info --egg-base ../../build/my_python_pkg build --build-base /mnt/d/programming/ROS2/ROS2_WS/build/my_python_pkg/build install --prefix /mnt/d/programming/ROS2/ROS2_WS/install/my_python_pkg --record /mnt/d/programming/ROS2/ROS2_WS/build/my_python_pkg/install.log --single-version-externally-managed
