-- Found ament_cmake: 0.9.9 (/opt/ros/foxy/share/ament_cmake/cmake)
-- Using PYTHON_EXECUTABLE: /usr/bin/python3
-- Found rosidl_default_generators: 1.0.1 (/opt/ros/foxy/share/rosidl_default_generators/cmake)
-- Using all available rosidl_typesupport_c: rosidl_typesupport_fastrtps_c;rosidl_typesupport_introspection_c
-- Found rosidl_adapter: 1.2.1 (/opt/ros/foxy/share/rosidl_adapter/cmake)
-- Using all available rosidl_typesupport_cpp: rosidl_typesupport_fastrtps_cpp;rosidl_typesupport_introspection_cpp
-- Found PythonInterp: /usr/bin/python3 (found version "3.8.10") 
-- Found ament_cmake_ros: 0.9.2 (/opt/ros/foxy/share/ament_cmake_ros/cmake)
-- Using all available rosidl_typesupport_c: rosidl_typesupport_fastrtps_c;rosidl_typesupport_introspection_c
-- Using all available rosidl_typesupport_cpp: rosidl_typesupport_fastrtps_cpp;rosidl_typesupport_introspection_cpp
-- Found PythonInterp: /usr/bin/python3 (found suitable version "3.8.10", minimum required is "3.5") 
-- Found python_cmake_module: 0.8.1 (/opt/ros/foxy/share/python_cmake_module/cmake)
-- Using PYTHON_EXECUTABLE: /usr/bin/python3
-- Using PYTHON_INCLUDE_DIRS: /usr/include/python3.8
-- Using PYTHON_LIBRARIES: /usr/lib/x86_64-linux-gnu/libpython3.8.so
-- Configuring done
-- Generating done
-- Build files have been written to: /mnt/d/Programming/ROS2/ROS2_WS/build/my_interface_pkg
[35m[1mScanning dependencies of target my_interface_pkg__cpp[0m
[  2%] [34m[1mGenerating C code for ROS interfaces[0m
[  5%] [34m[1mGenerating C++ code for ROS interfaces[0m
[35m[1mScanning dependencies of target my_interface_pkg__rosidl_generator_c[0m
[  5%] Built target my_interface_pkg__cpp
[ 10%] [34m[1mGenerating C++ type support dispatch for ROS interfaces[0m
[ 10%] [34m[1mGenerating C++ type support for eProsima Fast-RTPS[0m
[ 12%] [34m[1mGenerating C++ introspection for ROS interfaces[0m
[ 15%] [32mBuilding C object CMakeFiles/my_interface_pkg__rosidl_generator_c.dir/rosidl_generator_c/my_interface_pkg/msg/detail/hardware_status__functions.c.o[0m
[ 17%] [32mBuilding C object CMakeFiles/my_interface_pkg__rosidl_generator_c.dir/rosidl_generator_c/my_interface_pkg/srv/detail/compute_rectangle_area__functions.c.o[0m
[ 20%] [32m[1mLinking C shared library libmy_interface_pkg__rosidl_generator_c.so[0m
[ 20%] Built target my_interface_pkg__rosidl_generator_c
[ 23%] [34m[1mGenerating C type support dispatch for ROS interfaces[0m
[ 25%] [34m[1mGenerating C introspection for ROS interfaces[0m
[35m[1mScanning dependencies of target my_interface_pkg__rosidl_typesupport_cpp[0m
[35m[1mScanning dependencies of target my_interface_pkg__rosidl_typesupport_fastrtps_cpp[0m
[35m[1mScanning dependencies of target my_interface_pkg__rosidl_typesupport_introspection_cpp[0m
[ 28%] [32mBuilding CXX object CMakeFiles/my_interface_pkg__rosidl_typesupport_cpp.dir/rosidl_typesupport_cpp/my_interface_pkg/msg/hardware_status__type_support.cpp.o[0m
[ 30%] [32mBuilding CXX object CMakeFiles/my_interface_pkg__rosidl_typesupport_cpp.dir/rosidl_typesupport_cpp/my_interface_pkg/srv/compute_rectangle_area__type_support.cpp.o[0m
[ 33%] [32mBuilding CXX object CMakeFiles/my_interface_pkg__rosidl_typesupport_introspection_cpp.dir/rosidl_typesupport_introspection_cpp/my_interface_pkg/msg/detail/hardware_status__type_support.cpp.o[0m
[ 35%] [32mBuilding CXX object CMakeFiles/my_interface_pkg__rosidl_typesupport_introspection_cpp.dir/rosidl_typesupport_introspection_cpp/my_interface_pkg/srv/detail/compute_rectangle_area__type_support.cpp.o[0m
[ 38%] [32mBuilding CXX object CMakeFiles/my_interface_pkg__rosidl_typesupport_fastrtps_cpp.dir/rosidl_typesupport_fastrtps_cpp/my_interface_pkg/msg/detail/dds_fastrtps/hardware_status__type_support.cpp.o[0m
[ 41%] [32mBuilding CXX object CMakeFiles/my_interface_pkg__rosidl_typesupport_fastrtps_cpp.dir/rosidl_typesupport_fastrtps_cpp/my_interface_pkg/srv/detail/dds_fastrtps/compute_rectangle_area__type_support.cpp.o[0m
[ 43%] [32m[1mLinking CXX shared library libmy_interface_pkg__rosidl_typesupport_cpp.so[0m
[35m[1mScanning dependencies of target my_interface_pkg__rosidl_typesupport_c[0m
[35m[1mScanning dependencies of target my_interface_pkg__rosidl_typesupport_introspection_c[0m
[ 46%] [32m[1mLinking CXX shared library libmy_interface_pkg__rosidl_typesupport_introspection_cpp.so[0m
[ 46%] Built target my_interface_pkg__rosidl_typesupport_cpp
[ 48%] [32mBuilding CXX object CMakeFiles/my_interface_pkg__rosidl_typesupport_c.dir/rosidl_typesupport_c/my_interface_pkg/msg/hardware_status__type_support.cpp.o[0m
[ 51%] [32mBuilding CXX object CMakeFiles/my_interface_pkg__rosidl_typesupport_c.dir/rosidl_typesupport_c/my_interface_pkg/srv/compute_rectangle_area__type_support.cpp.o[0m
[ 53%] [32m[1mLinking CXX shared library libmy_interface_pkg__rosidl_typesupport_c.so[0m
[ 56%] [32mBuilding C object CMakeFiles/my_interface_pkg__rosidl_typesupport_introspection_c.dir/rosidl_typesupport_introspection_c/my_interface_pkg/msg/detail/hardware_status__type_support.c.o[0m
[ 58%] [32mBuilding C object CMakeFiles/my_interface_pkg__rosidl_typesupport_introspection_c.dir/rosidl_typesupport_introspection_c/my_interface_pkg/srv/detail/compute_rectangle_area__type_support.c.o[0m
[ 58%] Built target my_interface_pkg__rosidl_typesupport_introspection_cpp
[ 61%] [32m[1mLinking CXX shared library libmy_interface_pkg__rosidl_typesupport_fastrtps_cpp.so[0m
[ 61%] Built target my_interface_pkg__rosidl_typesupport_c
[ 64%] [32m[1mLinking C shared library libmy_interface_pkg__rosidl_typesupport_introspection_c.so[0m
[ 64%] Built target my_interface_pkg__rosidl_typesupport_fastrtps_cpp
[ 66%] Built target my_interface_pkg__rosidl_typesupport_introspection_c
[ 66%] [34m[1mGenerating C type support for eProsima Fast-RTPS[0m
[35m[1mScanning dependencies of target my_interface_pkg__rosidl_typesupport_fastrtps_c[0m
[ 69%] [32mBuilding CXX object CMakeFiles/my_interface_pkg__rosidl_typesupport_fastrtps_c.dir/rosidl_typesupport_fastrtps_c/my_interface_pkg/msg/detail/hardware_status__type_support_c.cpp.o[0m
[ 71%] [32mBuilding CXX object CMakeFiles/my_interface_pkg__rosidl_typesupport_fastrtps_c.dir/rosidl_typesupport_fastrtps_c/my_interface_pkg/srv/detail/compute_rectangle_area__type_support_c.cpp.o[0m
[ 74%] [32m[1mLinking CXX shared library libmy_interface_pkg__rosidl_typesupport_fastrtps_c.so[0m
[ 74%] Built target my_interface_pkg__rosidl_typesupport_fastrtps_c
[ 74%] Built target my_interface_pkg
[35m[1mScanning dependencies of target my_interface_pkg__py[0m
[ 76%] [34m[1mGenerating Python code for ROS interfaces[0m
[ 76%] Built target my_interface_pkg__py
[35m[1mScanning dependencies of target my_interface_pkg__python[0m
[ 79%] [32mBuilding C object CMakeFiles/my_interface_pkg__python.dir/rosidl_generator_py/my_interface_pkg/msg/_hardware_status_s.c.o[0m
[ 82%] [32mBuilding C object CMakeFiles/my_interface_pkg__python.dir/rosidl_generator_py/my_interface_pkg/srv/_compute_rectangle_area_s.c.o[0m
[ 84%] [32m[1mLinking C shared library rosidl_generator_py/my_interface_pkg/libmy_interface_pkg__python.so[0m
[ 84%] Built target my_interface_pkg__python
[35m[1mScanning dependencies of target my_interface_pkg__rosidl_typesupport_fastrtps_c__pyext[0m
[35m[1mScanning dependencies of target my_interface_pkg__rosidl_typesupport_c__pyext[0m
[35m[1mScanning dependencies of target my_interface_pkg__rosidl_typesupport_introspection_c__pyext[0m
[ 87%] [32mBuilding C object CMakeFiles/my_interface_pkg__rosidl_typesupport_c__pyext.dir/rosidl_generator_py/my_interface_pkg/_my_interface_pkg_s.ep.rosidl_typesupport_c.c.o[0m
[ 89%] [32mBuilding C object CMakeFiles/my_interface_pkg__rosidl_typesupport_fastrtps_c__pyext.dir/rosidl_generator_py/my_interface_pkg/_my_interface_pkg_s.ep.rosidl_typesupport_fastrtps_c.c.o[0m
[ 92%] [32mBuilding C object CMakeFiles/my_interface_pkg__rosidl_typesupport_introspection_c__pyext.dir/rosidl_generator_py/my_interface_pkg/_my_interface_pkg_s.ep.rosidl_typesupport_introspection_c.c.o[0m
[ 94%] [32m[1mLinking C shared library rosidl_generator_py/my_interface_pkg/my_interface_pkg_s__rosidl_typesupport_c.cpython-38-x86_64-linux-gnu.so[0m
[ 97%] [32m[1mLinking C shared library rosidl_generator_py/my_interface_pkg/my_interface_pkg_s__rosidl_typesupport_introspection_c.cpython-38-x86_64-linux-gnu.so[0m
[100%] [32m[1mLinking CXX shared library rosidl_generator_py/my_interface_pkg/my_interface_pkg_s__rosidl_typesupport_fastrtps_c.cpython-38-x86_64-linux-gnu.so[0m
[100%] Built target my_interface_pkg__rosidl_typesupport_c__pyext
[100%] Built target my_interface_pkg__rosidl_typesupport_introspection_c__pyext
[100%] Built target my_interface_pkg__rosidl_typesupport_fastrtps_c__pyext
-- Install configuration: ""
-- Installing: /mnt/d/Programming/ROS2/ROS2_WS/install/my_interface_pkg/share/ament_index/resource_index/rosidl_interfaces/my_interface_pkg
-- Up-to-date: /mnt/d/Programming/ROS2/ROS2_WS/install/my_interface_pkg/include/my_interface_pkg
-- Up-to-date: /mnt/d/Programming/ROS2/ROS2_WS/install/my_interface_pkg/include/my_interface_pkg/msg
-- Up-to-date: /mnt/d/Programming/ROS2/ROS2_WS/install/my_interface_pkg/include/my_interface_pkg/msg/detail
-- Installing: /mnt/d/Programming/ROS2/ROS2_WS/install/my_interface_pkg/include/my_interface_pkg/msg/detail/hardware_status__functions.c
-- Installing: /mnt/d/Programming/ROS2/ROS2_WS/install/my_interface_pkg/include/my_interface_pkg/msg/detail/hardware_status__functions.h
-- Installing: /mnt/d/Programming/ROS2/ROS2_WS/install/my_interface_pkg/include/my_interface_pkg/msg/detail/hardware_status__struct.h
-- Installing: /mnt/d/Programming/ROS2/ROS2_WS/install/my_interface_pkg/include/my_interface_pkg/msg/detail/hardware_status__type_support.h
-- Installing: /mnt/d/Programming/ROS2/ROS2_WS/install/my_interface_pkg/include/my_interface_pkg/msg/hardware_status.h
-- Up-to-date: /mnt/d/Programming/ROS2/ROS2_WS/install/my_interface_pkg/include/my_interface_pkg/msg/rosidl_generator_c__visibility_control.h
-- Installing: /mnt/d/Programming/ROS2/ROS2_WS/install/my_interface_pkg/include/my_interface_pkg/srv
-- Installing: /mnt/d/Programming/ROS2/ROS2_WS/install/my_interface_pkg/include/my_interface_pkg/srv/compute_rectangle_area.h
-- Installing: /mnt/d/Programming/ROS2/ROS2_WS/install/my_interface_pkg/include/my_interface_pkg/srv/detail
-- Installing: /mnt/d/Programming/ROS2/ROS2_WS/install/my_interface_pkg/include/my_interface_pkg/srv/detail/compute_rectangle_area__functions.c
-- Installing: /mnt/d/Programming/ROS2/ROS2_WS/install/my_interface_pkg/include/my_interface_pkg/srv/detail/compute_rectangle_area__functions.h
-- Installing: /mnt/d/Programming/ROS2/ROS2_WS/install/my_interface_pkg/include/my_interface_pkg/srv/detail/compute_rectangle_area__struct.h
-- Installing: /mnt/d/Programming/ROS2/ROS2_WS/install/my_interface_pkg/include/my_interface_pkg/srv/detail/compute_rectangle_area__type_support.h
-- Up-to-date: /mnt/d/Programming/ROS2/ROS2_WS/install/my_interface_pkg/share/my_interface_pkg/environment/library_path.sh
-- Installing: /mnt/d/Programming/ROS2/ROS2_WS/install/my_interface_pkg/share/my_interface_pkg/environment/library_path.dsv
-- Installing: /mnt/d/Programming/ROS2/ROS2_WS/install/my_interface_pkg/lib/libmy_interface_pkg__rosidl_generator_c.so
-- Set runtime path of "/mnt/d/Programming/ROS2/ROS2_WS/install/my_interface_pkg/lib/libmy_interface_pkg__rosidl_generator_c.so" to ""
-- Up-to-date: /mnt/d/Programming/ROS2/ROS2_WS/install/my_interface_pkg/include/my_interface_pkg
-- Up-to-date: /mnt/d/Programming/ROS2/ROS2_WS/install/my_interface_pkg/include/my_interface_pkg/msg
-- Up-to-date: /mnt/d/Programming/ROS2/ROS2_WS/install/my_interface_pkg/include/my_interface_pkg/msg/detail
-- Installing: /mnt/d/Programming/ROS2/ROS2_WS/install/my_interface_pkg/include/my_interface_pkg/msg/detail/hardware_status__rosidl_typesupport_fastrtps_c.h
-- Up-to-date: /mnt/d/Programming/ROS2/ROS2_WS/install/my_interface_pkg/include/my_interface_pkg/msg/rosidl_typesupport_fastrtps_c__visibility_control.h
-- Up-to-date: /mnt/d/Programming/ROS2/ROS2_WS/install/my_interface_pkg/include/my_interface_pkg/srv
-- Up-to-date: /mnt/d/Programming/ROS2/ROS2_WS/install/my_interface_pkg/include/my_interface_pkg/srv/detail
-- Installing: /mnt/d/Programming/ROS2/ROS2_WS/install/my_interface_pkg/include/my_interface_pkg/srv/detail/compute_rectangle_area__rosidl_typesupport_fastrtps_c.h
-- Installing: /mnt/d/Programming/ROS2/ROS2_WS/install/my_interface_pkg/lib/libmy_interface_pkg__rosidl_typesupport_fastrtps_c.so
-- Set runtime path of "/mnt/d/Programming/ROS2/ROS2_WS/install/my_interface_pkg/lib/libmy_interface_pkg__rosidl_typesupport_fastrtps_c.so" to ""
-- Up-to-date: /mnt/d/Programming/ROS2/ROS2_WS/install/my_interface_pkg/include/my_interface_pkg
-- Up-to-date: /mnt/d/Programming/ROS2/ROS2_WS/install/my_interface_pkg/include/my_interface_pkg/msg
-- Up-to-date: /mnt/d/Programming/ROS2/ROS2_WS/install/my_interface_pkg/include/my_interface_pkg/msg/detail
-- Up-to-date: /mnt/d/Programming/ROS2/ROS2_WS/install/my_interface_pkg/include/my_interface_pkg/msg/detail/dds_fastrtps
-- Installing: /mnt/d/Programming/ROS2/ROS2_WS/install/my_interface_pkg/include/my_interface_pkg/msg/detail/hardware_status__rosidl_typesupport_fastrtps_cpp.hpp
-- Up-to-date: /mnt/d/Programming/ROS2/ROS2_WS/install/my_interface_pkg/include/my_interface_pkg/msg/rosidl_typesupport_fastrtps_cpp__visibility_control.h
-- Up-to-date: /mnt/d/Programming/ROS2/ROS2_WS/install/my_interface_pkg/include/my_interface_pkg/srv
-- Up-to-date: /mnt/d/Programming/ROS2/ROS2_WS/install/my_interface_pkg/include/my_interface_pkg/srv/detail
-- Installing: /mnt/d/Programming/ROS2/ROS2_WS/install/my_interface_pkg/include/my_interface_pkg/srv/detail/compute_rectangle_area__rosidl_typesupport_fastrtps_cpp.hpp
-- Installing: /mnt/d/Programming/ROS2/ROS2_WS/install/my_interface_pkg/include/my_interface_pkg/srv/detail/dds_fastrtps
-- Installing: /mnt/d/Programming/ROS2/ROS2_WS/install/my_interface_pkg/lib/libmy_interface_pkg__rosidl_typesupport_fastrtps_cpp.so
-- Set runtime path of "/mnt/d/Programming/ROS2/ROS2_WS/install/my_interface_pkg/lib/libmy_interface_pkg__rosidl_typesupport_fastrtps_cpp.so" to ""
-- Up-to-date: /mnt/d/Programming/ROS2/ROS2_WS/install/my_interface_pkg/include/my_interface_pkg
-- Up-to-date: /mnt/d/Programming/ROS2/ROS2_WS/install/my_interface_pkg/include/my_interface_pkg/msg
-- Up-to-date: /mnt/d/Programming/ROS2/ROS2_WS/install/my_interface_pkg/include/my_interface_pkg/msg/detail
-- Installing: /mnt/d/Programming/ROS2/ROS2_WS/install/my_interface_pkg/include/my_interface_pkg/msg/detail/hardware_status__rosidl_typesupport_introspection_c.h
-- Installing: /mnt/d/Programming/ROS2/ROS2_WS/install/my_interface_pkg/include/my_interface_pkg/msg/detail/hardware_status__type_support.c
-- Up-to-date: /mnt/d/Programming/ROS2/ROS2_WS/install/my_interface_pkg/include/my_interface_pkg/msg/rosidl_typesupport_introspection_c__visibility_control.h
-- Up-to-date: /mnt/d/Programming/ROS2/ROS2_WS/install/my_interface_pkg/include/my_interface_pkg/srv
-- Up-to-date: /mnt/d/Programming/ROS2/ROS2_WS/install/my_interface_pkg/include/my_interface_pkg/srv/detail
-- Installing: /mnt/d/Programming/ROS2/ROS2_WS/install/my_interface_pkg/include/my_interface_pkg/srv/detail/compute_rectangle_area__rosidl_typesupport_introspection_c.h
-- Installing: /mnt/d/Programming/ROS2/ROS2_WS/install/my_interface_pkg/include/my_interface_pkg/srv/detail/compute_rectangle_area__type_support.c
-- Installing: /mnt/d/Programming/ROS2/ROS2_WS/install/my_interface_pkg/lib/libmy_interface_pkg__rosidl_typesupport_introspection_c.so
-- Set runtime path of "/mnt/d/Programming/ROS2/ROS2_WS/install/my_interface_pkg/lib/libmy_interface_pkg__rosidl_typesupport_introspection_c.so" to ""
-- Installing: /mnt/d/Programming/ROS2/ROS2_WS/install/my_interface_pkg/lib/libmy_interface_pkg__rosidl_typesupport_c.so
-- Set runtime path of "/mnt/d/Programming/ROS2/ROS2_WS/install/my_interface_pkg/lib/libmy_interface_pkg__rosidl_typesupport_c.so" to ""
-- Up-to-date: /mnt/d/Programming/ROS2/ROS2_WS/install/my_interface_pkg/include/my_interface_pkg
-- Up-to-date: /mnt/d/Programming/ROS2/ROS2_WS/install/my_interface_pkg/include/my_interface_pkg/msg
-- Up-to-date: /mnt/d/Programming/ROS2/ROS2_WS/install/my_interface_pkg/include/my_interface_pkg/msg/detail
-- Installing: /mnt/d/Programming/ROS2/ROS2_WS/install/my_interface_pkg/include/my_interface_pkg/msg/detail/hardware_status__builder.hpp
-- Installing: /mnt/d/Programming/ROS2/ROS2_WS/install/my_interface_pkg/include/my_interface_pkg/msg/detail/hardware_status__struct.hpp
-- Installing: /mnt/d/Programming/ROS2/ROS2_WS/install/my_interface_pkg/include/my_interface_pkg/msg/detail/hardware_status__traits.hpp
-- Installing: /mnt/d/Programming/ROS2/ROS2_WS/install/my_interface_pkg/include/my_interface_pkg/msg/hardware_status.hpp
-- Up-to-date: /mnt/d/Programming/ROS2/ROS2_WS/install/my_interface_pkg/include/my_interface_pkg/srv
-- Installing: /mnt/d/Programming/ROS2/ROS2_WS/install/my_interface_pkg/include/my_interface_pkg/srv/compute_rectangle_area.hpp
-- Up-to-date: /mnt/d/Programming/ROS2/ROS2_WS/install/my_interface_pkg/include/my_interface_pkg/srv/detail
-- Installing: /mnt/d/Programming/ROS2/ROS2_WS/install/my_interface_pkg/include/my_interface_pkg/srv/detail/compute_rectangle_area__builder.hpp
-- Installing: /mnt/d/Programming/ROS2/ROS2_WS/install/my_interface_pkg/include/my_interface_pkg/srv/detail/compute_rectangle_area__struct.hpp
-- Installing: /mnt/d/Programming/ROS2/ROS2_WS/install/my_interface_pkg/include/my_interface_pkg/srv/detail/compute_rectangle_area__traits.hpp
-- Up-to-date: /mnt/d/Programming/ROS2/ROS2_WS/install/my_interface_pkg/include/my_interface_pkg
-- Up-to-date: /mnt/d/Programming/ROS2/ROS2_WS/install/my_interface_pkg/include/my_interface_pkg/msg
-- Up-to-date: /mnt/d/Programming/ROS2/ROS2_WS/install/my_interface_pkg/include/my_interface_pkg/msg/detail
-- Installing: /mnt/d/Programming/ROS2/ROS2_WS/install/my_interface_pkg/include/my_interface_pkg/msg/detail/hardware_status__rosidl_typesupport_introspection_cpp.hpp
-- Installing: /mnt/d/Programming/ROS2/ROS2_WS/install/my_interface_pkg/include/my_interface_pkg/msg/detail/hardware_status__type_support.cpp
-- Up-to-date: /mnt/d/Programming/ROS2/ROS2_WS/install/my_interface_pkg/include/my_interface_pkg/srv
-- Up-to-date: /mnt/d/Programming/ROS2/ROS2_WS/install/my_interface_pkg/include/my_interface_pkg/srv/detail
-- Installing: /mnt/d/Programming/ROS2/ROS2_WS/install/my_interface_pkg/include/my_interface_pkg/srv/detail/compute_rectangle_area__rosidl_typesupport_introspection_cpp.hpp
-- Installing: /mnt/d/Programming/ROS2/ROS2_WS/install/my_interface_pkg/include/my_interface_pkg/srv/detail/compute_rectangle_area__type_support.cpp
-- Installing: /mnt/d/Programming/ROS2/ROS2_WS/install/my_interface_pkg/lib/libmy_interface_pkg__rosidl_typesupport_introspection_cpp.so
-- Set runtime path of "/mnt/d/Programming/ROS2/ROS2_WS/install/my_interface_pkg/lib/libmy_interface_pkg__rosidl_typesupport_introspection_cpp.so" to ""
-- Installing: /mnt/d/Programming/ROS2/ROS2_WS/install/my_interface_pkg/lib/libmy_interface_pkg__rosidl_typesupport_cpp.so
-- Set runtime path of "/mnt/d/Programming/ROS2/ROS2_WS/install/my_interface_pkg/lib/libmy_interface_pkg__rosidl_typesupport_cpp.so" to ""
-- Up-to-date: /mnt/d/Programming/ROS2/ROS2_WS/install/my_interface_pkg/share/my_interface_pkg/environment/pythonpath.sh
-- Installing: /mnt/d/Programming/ROS2/ROS2_WS/install/my_interface_pkg/share/my_interface_pkg/environment/pythonpath.dsv
-- Installing: /mnt/d/Programming/ROS2/ROS2_WS/install/my_interface_pkg/lib/python3.8/site-packages/my_interface_pkg/__init__.py
Compiling '/mnt/d/Programming/ROS2/ROS2_WS/install/my_interface_pkg/lib/python3.8/site-packages/my_interface_pkg/__init__.py'...
-- Up-to-date: /mnt/d/Programming/ROS2/ROS2_WS/install/my_interface_pkg/lib/python3.8/site-packages/my_interface_pkg/msg
-- Installing: /mnt/d/Programming/ROS2/ROS2_WS/install/my_interface_pkg/lib/python3.8/site-packages/my_interface_pkg/msg/_hardware_status.py
-- Installing: /mnt/d/Programming/ROS2/ROS2_WS/install/my_interface_pkg/lib/python3.8/site-packages/my_interface_pkg/msg/_hardware_status_s.c
-- Installing: /mnt/d/Programming/ROS2/ROS2_WS/install/my_interface_pkg/lib/python3.8/site-packages/my_interface_pkg/msg/__init__.py
-- Installing: /mnt/d/Programming/ROS2/ROS2_WS/install/my_interface_pkg/lib/python3.8/site-packages/my_interface_pkg/srv
-- Installing: /mnt/d/Programming/ROS2/ROS2_WS/install/my_interface_pkg/lib/python3.8/site-packages/my_interface_pkg/srv/_compute_rectangle_area.py
-- Installing: /mnt/d/Programming/ROS2/ROS2_WS/install/my_interface_pkg/lib/python3.8/site-packages/my_interface_pkg/srv/_compute_rectangle_area_s.c
-- Installing: /mnt/d/Programming/ROS2/ROS2_WS/install/my_interface_pkg/lib/python3.8/site-packages/my_interface_pkg/srv/__init__.py
-- Installing: /mnt/d/Programming/ROS2/ROS2_WS/install/my_interface_pkg/lib/python3.8/site-packages/my_interface_pkg/my_interface_pkg_s__rosidl_typesupport_fastrtps_c.cpython-38-x86_64-linux-gnu.so
-- Set runtime path of "/mnt/d/Programming/ROS2/ROS2_WS/install/my_interface_pkg/lib/python3.8/site-packages/my_interface_pkg/my_interface_pkg_s__rosidl_typesupport_fastrtps_c.cpython-38-x86_64-linux-gnu.so" to ""
-- Installing: /mnt/d/Programming/ROS2/ROS2_WS/install/my_interface_pkg/lib/python3.8/site-packages/my_interface_pkg/my_interface_pkg_s__rosidl_typesupport_introspection_c.cpython-38-x86_64-linux-gnu.so
-- Set runtime path of "/mnt/d/Programming/ROS2/ROS2_WS/install/my_interface_pkg/lib/python3.8/site-packages/my_interface_pkg/my_interface_pkg_s__rosidl_typesupport_introspection_c.cpython-38-x86_64-linux-gnu.so" to ""
-- Installing: /mnt/d/Programming/ROS2/ROS2_WS/install/my_interface_pkg/lib/python3.8/site-packages/my_interface_pkg/my_interface_pkg_s__rosidl_typesupport_c.cpython-38-x86_64-linux-gnu.so
-- Set runtime path of "/mnt/d/Programming/ROS2/ROS2_WS/install/my_interface_pkg/lib/python3.8/site-packages/my_interface_pkg/my_interface_pkg_s__rosidl_typesupport_c.cpython-38-x86_64-linux-gnu.so" to ""
-- Installing: /mnt/d/Programming/ROS2/ROS2_WS/install/my_interface_pkg/lib/libmy_interface_pkg__python.so
-- Set runtime path of "/mnt/d/Programming/ROS2/ROS2_WS/install/my_interface_pkg/lib/libmy_interface_pkg__python.so" to ""
-- Up-to-date: /mnt/d/Programming/ROS2/ROS2_WS/install/my_interface_pkg/share/my_interface_pkg/msg/HardwareStatus.idl
-- Installing: /mnt/d/Programming/ROS2/ROS2_WS/install/my_interface_pkg/share/my_interface_pkg/srv/ComputeRectangleArea.idl
-- Up-to-date: /mnt/d/Programming/ROS2/ROS2_WS/install/my_interface_pkg/share/my_interface_pkg/msg/HardwareStatus.msg
-- Installing: /mnt/d/Programming/ROS2/ROS2_WS/install/my_interface_pkg/share/my_interface_pkg/srv/ComputeRectangleArea.srv
-- Installing: /mnt/d/Programming/ROS2/ROS2_WS/install/my_interface_pkg/share/my_interface_pkg/srv/ComputeRectangleArea_Request.msg
-- Installing: /mnt/d/Programming/ROS2/ROS2_WS/install/my_interface_pkg/share/my_interface_pkg/srv/ComputeRectangleArea_Response.msg
-- Up-to-date: /mnt/d/Programming/ROS2/ROS2_WS/install/my_interface_pkg/share/ament_index/resource_index/package_run_dependencies/my_interface_pkg
-- Installing: /mnt/d/Programming/ROS2/ROS2_WS/install/my_interface_pkg/share/ament_index/resource_index/parent_prefix_path/my_interface_pkg
-- Up-to-date: /mnt/d/Programming/ROS2/ROS2_WS/install/my_interface_pkg/share/my_interface_pkg/environment/ament_prefix_path.sh
-- Installing: /mnt/d/Programming/ROS2/ROS2_WS/install/my_interface_pkg/share/my_interface_pkg/environment/ament_prefix_path.dsv
-- Up-to-date: /mnt/d/Programming/ROS2/ROS2_WS/install/my_interface_pkg/share/my_interface_pkg/environment/path.sh
-- Installing: /mnt/d/Programming/ROS2/ROS2_WS/install/my_interface_pkg/share/my_interface_pkg/environment/path.dsv
-- Up-to-date: /mnt/d/Programming/ROS2/ROS2_WS/install/my_interface_pkg/share/my_interface_pkg/local_setup.bash
-- Up-to-date: /mnt/d/Programming/ROS2/ROS2_WS/install/my_interface_pkg/share/my_interface_pkg/local_setup.sh
-- Up-to-date: /mnt/d/Programming/ROS2/ROS2_WS/install/my_interface_pkg/share/my_interface_pkg/local_setup.zsh
-- Installing: /mnt/d/Programming/ROS2/ROS2_WS/install/my_interface_pkg/share/my_interface_pkg/local_setup.dsv
-- Installing: /mnt/d/Programming/ROS2/ROS2_WS/install/my_interface_pkg/share/my_interface_pkg/package.dsv
-- Up-to-date: /mnt/d/Programming/ROS2/ROS2_WS/install/my_interface_pkg/share/ament_index/resource_index/packages/my_interface_pkg
-- Up-to-date: /mnt/d/Programming/ROS2/ROS2_WS/install/my_interface_pkg/share/my_interface_pkg/cmake/my_interface_pkg__rosidl_generator_cExport.cmake
-- Installing: /mnt/d/Programming/ROS2/ROS2_WS/install/my_interface_pkg/share/my_interface_pkg/cmake/my_interface_pkg__rosidl_generator_cExport-noconfig.cmake
-- Up-to-date: /mnt/d/Programming/ROS2/ROS2_WS/install/my_interface_pkg/share/my_interface_pkg/cmake/my_interface_pkg__rosidl_typesupport_introspection_cExport.cmake
-- Installing: /mnt/d/Programming/ROS2/ROS2_WS/install/my_interface_pkg/share/my_interface_pkg/cmake/my_interface_pkg__rosidl_typesupport_introspection_cExport-noconfig.cmake
-- Up-to-date: /mnt/d/Programming/ROS2/ROS2_WS/install/my_interface_pkg/share/my_interface_pkg/cmake/my_interface_pkg__rosidl_typesupport_cExport.cmake
-- Installing: /mnt/d/Programming/ROS2/ROS2_WS/install/my_interface_pkg/share/my_interface_pkg/cmake/my_interface_pkg__rosidl_typesupport_cExport-noconfig.cmake
-- Up-to-date: /mnt/d/Programming/ROS2/ROS2_WS/install/my_interface_pkg/share/my_interface_pkg/cmake/my_interface_pkg__rosidl_generator_cppExport.cmake
-- Up-to-date: /mnt/d/Programming/ROS2/ROS2_WS/install/my_interface_pkg/share/my_interface_pkg/cmake/my_interface_pkg__rosidl_typesupport_introspection_cppExport.cmake
-- Installing: /mnt/d/Programming/ROS2/ROS2_WS/install/my_interface_pkg/share/my_interface_pkg/cmake/my_interface_pkg__rosidl_typesupport_introspection_cppExport-noconfig.cmake
-- Up-to-date: /mnt/d/Programming/ROS2/ROS2_WS/install/my_interface_pkg/share/my_interface_pkg/cmake/my_interface_pkg__rosidl_typesupport_cppExport.cmake
-- Installing: /mnt/d/Programming/ROS2/ROS2_WS/install/my_interface_pkg/share/my_interface_pkg/cmake/my_interface_pkg__rosidl_typesupport_cppExport-noconfig.cmake
-- Installing: /mnt/d/Programming/ROS2/ROS2_WS/install/my_interface_pkg/share/my_interface_pkg/cmake/rosidl_cmake-extras.cmake
-- Up-to-date: /mnt/d/Programming/ROS2/ROS2_WS/install/my_interface_pkg/share/my_interface_pkg/cmake/ament_cmake_export_dependencies-extras.cmake
-- Up-to-date: /mnt/d/Programming/ROS2/ROS2_WS/install/my_interface_pkg/share/my_interface_pkg/cmake/ament_cmake_export_libraries-extras.cmake
-- Up-to-date: /mnt/d/Programming/ROS2/ROS2_WS/install/my_interface_pkg/share/my_interface_pkg/cmake/ament_cmake_export_targets-extras.cmake
-- Up-to-date: /mnt/d/Programming/ROS2/ROS2_WS/install/my_interface_pkg/share/my_interface_pkg/cmake/ament_cmake_export_include_directories-extras.cmake
-- Up-to-date: /mnt/d/Programming/ROS2/ROS2_WS/install/my_interface_pkg/share/my_interface_pkg/cmake/rosidl_cmake_export_typesupport_libraries-extras.cmake
-- Up-to-date: /mnt/d/Programming/ROS2/ROS2_WS/install/my_interface_pkg/share/my_interface_pkg/cmake/rosidl_cmake_export_typesupport_targets-extras.cmake
-- Up-to-date: /mnt/d/Programming/ROS2/ROS2_WS/install/my_interface_pkg/share/my_interface_pkg/cmake/my_interface_pkgConfig.cmake
-- Up-to-date: /mnt/d/Programming/ROS2/ROS2_WS/install/my_interface_pkg/share/my_interface_pkg/cmake/my_interface_pkgConfig-version.cmake
-- Up-to-date: /mnt/d/Programming/ROS2/ROS2_WS/install/my_interface_pkg/share/my_interface_pkg/package.xml
