[4.286s] Invoking command in '/mnt/d/Programming/ROS2/ROS2_WS/build/my_python_pkg': CMAKE_PREFIX_PATH=/mnt/d/Programming/ROS2/ROS2_WS/install/my_interface_pkg:/mnt/d/Programming/ROS2/ROS2_WS/install/my_cpp_package PYTHONPATH=/mnt/d/Programming/ROS2/ROS2_WS/install/my_python_pkg/lib/python3.8/site-packages:/mnt/d/Programming/ROS2/ROS2_WS/install/my_interface_pkg/lib/python3.8/site-packages:/mnt/d/programming/ROS2/ROS2_WS/build/my_python_pkg:/mnt/d/Programming/ROS2/ROS2_WS/install/my_python_pkg/lib/python3.8/site-packages:/opt/ros/foxy/lib/python3.8/site-packages /usr/bin/python3 setup.py develop --prefix /mnt/d/Programming/ROS2/ROS2_WS/install/my_python_pkg --editable --build-directory /mnt/d/Programming/ROS2/ROS2_WS/build/my_python_pkg/build --no-deps install_data --install-dir /mnt/d/Programming/ROS2/ROS2_WS/install/my_python_pkg
[6.273s] running develop
[6.740s] running egg_info
[6.743s] writing my_python_pkg.egg-info/PKG-INFO
[6.756s] writing dependency_links to my_python_pkg.egg-info/dependency_links.txt
[6.766s] writing entry points to my_python_pkg.egg-info/entry_points.txt
[6.773s] writing requirements to my_python_pkg.egg-info/requires.txt
[6.781s] writing top-level names to my_python_pkg.egg-info/top_level.txt
[6.994s] reading manifest file 'my_python_pkg.egg-info/SOURCES.txt'
[7.164s] writing manifest file 'my_python_pkg.egg-info/SOURCES.txt'
[7.409s] running build_ext
[7.422s] Creating /mnt/d/Programming/ROS2/ROS2_WS/install/my_python_pkg/lib/python3.8/site-packages/my-python-pkg.egg-link (link to .)
[7.443s] Installing add_two_ints script to /mnt/d/Programming/ROS2/ROS2_WS/install/my_python_pkg/lib/my_python_pkg
[7.468s] Installing add_two_ints_no_oop script to /mnt/d/Programming/ROS2/ROS2_WS/install/my_python_pkg/lib/my_python_pkg
[7.498s] Installing add_two_ints_oop script to /mnt/d/Programming/ROS2/ROS2_WS/install/my_python_pkg/lib/my_python_pkg
[7.523s] Installing hardware_status_publisher script to /mnt/d/Programming/ROS2/ROS2_WS/install/my_python_pkg/lib/my_python_pkg
[7.551s] Installing number_publisher script to /mnt/d/Programming/ROS2/ROS2_WS/install/my_python_pkg/lib/my_python_pkg
[7.575s] Installing publisher script to /mnt/d/Programming/ROS2/ROS2_WS/install/my_python_pkg/lib/my_python_pkg
[7.600s] Installing python_node script to /mnt/d/Programming/ROS2/ROS2_WS/install/my_python_pkg/lib/my_python_pkg
[7.625s] Installing subscriber script to /mnt/d/Programming/ROS2/ROS2_WS/install/my_python_pkg/lib/my_python_pkg
[7.654s] 
[7.655s] Installed /mnt/d/Programming/ROS2/ROS2_WS/build/my_python_pkg
[7.658s] running install_data
[7.735s] Invoked command in '/mnt/d/Programming/ROS2/ROS2_WS/build/my_python_pkg' returned '0': CMAKE_PREFIX_PATH=/mnt/d/Programming/ROS2/ROS2_WS/install/my_interface_pkg:/mnt/d/Programming/ROS2/ROS2_WS/install/my_cpp_package PYTHONPATH=/mnt/d/Programming/ROS2/ROS2_WS/install/my_python_pkg/lib/python3.8/site-packages:/mnt/d/Programming/ROS2/ROS2_WS/install/my_interface_pkg/lib/python3.8/site-packages:/mnt/d/programming/ROS2/ROS2_WS/build/my_python_pkg:/mnt/d/Programming/ROS2/ROS2_WS/install/my_python_pkg/lib/python3.8/site-packages:/opt/ros/foxy/lib/python3.8/site-packages /usr/bin/python3 setup.py develop --prefix /mnt/d/Programming/ROS2/ROS2_WS/install/my_python_pkg --editable --build-directory /mnt/d/Programming/ROS2/ROS2_WS/build/my_python_pkg/build --no-deps install_data --install-dir /mnt/d/Programming/ROS2/ROS2_WS/install/my_python_pkg
