[2.413s] Invoking command in '/mnt/d/Programming/ROS2/ROS2_WS/build/my_python_pkg': PYTHONPATH=/mnt/d/Programming/ROS2/ROS2_WS/install/my_python_pkg/lib/python3.8/site-packages:${PYTHONPATH} /usr/bin/python3 setup.py develop --prefix /mnt/d/Programming/ROS2/ROS2_WS/install/my_python_pkg --editable --build-directory /mnt/d/Programming/ROS2/ROS2_WS/build/my_python_pkg/build --no-deps install_data --install-dir /mnt/d/Programming/ROS2/ROS2_WS/install/my_python_pkg
[3.294s] running develop
[3.537s] running egg_info
[3.539s] writing my_python_pkg.egg-info/PKG-INFO
[3.544s] writing dependency_links to my_python_pkg.egg-info/dependency_links.txt
[3.547s] writing entry points to my_python_pkg.egg-info/entry_points.txt
[3.552s] writing requirements to my_python_pkg.egg-info/requires.txt
[3.555s] writing top-level names to my_python_pkg.egg-info/top_level.txt
[3.660s] reading manifest file 'my_python_pkg.egg-info/SOURCES.txt'
[3.747s] writing manifest file 'my_python_pkg.egg-info/SOURCES.txt'
[3.865s] running build_ext
[3.874s] Creating /mnt/d/Programming/ROS2/ROS2_WS/install/my_python_pkg/lib/python3.8/site-packages/my-python-pkg.egg-link (link to .)
[3.891s] Installing add_two_ints script to /mnt/d/Programming/ROS2/ROS2_WS/install/my_python_pkg/lib/my_python_pkg
[3.906s] Installing add_two_ints_no_oop script to /mnt/d/Programming/ROS2/ROS2_WS/install/my_python_pkg/lib/my_python_pkg
[3.921s] Installing add_two_ints_oop script to /mnt/d/Programming/ROS2/ROS2_WS/install/my_python_pkg/lib/my_python_pkg
[3.939s] Installing publisher script to /mnt/d/Programming/ROS2/ROS2_WS/install/my_python_pkg/lib/my_python_pkg
[3.955s] Installing python_node script to /mnt/d/Programming/ROS2/ROS2_WS/install/my_python_pkg/lib/my_python_pkg
[3.972s] Installing subscriber script to /mnt/d/Programming/ROS2/ROS2_WS/install/my_python_pkg/lib/my_python_pkg
[3.988s] 
[3.989s] Installed /mnt/d/Programming/ROS2/ROS2_WS/build/my_python_pkg
[3.992s] running install_data
[4.057s] Invoked command in '/mnt/d/Programming/ROS2/ROS2_WS/build/my_python_pkg' returned '0': PYTHONPATH=/mnt/d/Programming/ROS2/ROS2_WS/install/my_python_pkg/lib/python3.8/site-packages:${PYTHONPATH} /usr/bin/python3 setup.py develop --prefix /mnt/d/Programming/ROS2/ROS2_WS/install/my_python_pkg --editable --build-directory /mnt/d/Programming/ROS2/ROS2_WS/build/my_python_pkg/build --no-deps install_data --install-dir /mnt/d/Programming/ROS2/ROS2_WS/install/my_python_pkg
