[4.440s] Invoking command in '/mnt/d/Programming/ROS2/ROS2_WS/build/my_python_pkg': PYTHONPATH=/mnt/d/Programming/ROS2/ROS2_WS/install/my_python_pkg/lib/python3.8/site-packages:${PYTHONPATH} /usr/bin/python3 setup.py develop --prefix /mnt/d/Programming/ROS2/ROS2_WS/install/my_python_pkg --editable --build-directory /mnt/d/Programming/ROS2/ROS2_WS/build/my_python_pkg/build --no-deps install_data --install-dir /mnt/d/Programming/ROS2/ROS2_WS/install/my_python_pkg
[5.878s] running develop
[6.444s] running egg_info
[6.448s] writing my_python_pkg.egg-info/PKG-INFO
[6.466s] writing dependency_links to my_python_pkg.egg-info/dependency_links.txt
[6.476s] writing entry points to my_python_pkg.egg-info/entry_points.txt
[6.485s] writing requirements to my_python_pkg.egg-info/requires.txt
[6.495s] writing top-level names to my_python_pkg.egg-info/top_level.txt
[6.733s] reading manifest file 'my_python_pkg.egg-info/SOURCES.txt'
[6.966s] writing manifest file 'my_python_pkg.egg-info/SOURCES.txt'
[7.207s] running build_ext
[7.235s] Creating /mnt/d/Programming/ROS2/ROS2_WS/install/my_python_pkg/lib/python3.8/site-packages/my-python-pkg.egg-link (link to .)
[7.294s] Installing add_two_ints script to /mnt/d/Programming/ROS2/ROS2_WS/install/my_python_pkg/lib/my_python_pkg
[7.355s] Installing add_two_ints_no_oop script to /mnt/d/Programming/ROS2/ROS2_WS/install/my_python_pkg/lib/my_python_pkg
[7.419s] Installing add_two_ints_oop script to /mnt/d/Programming/ROS2/ROS2_WS/install/my_python_pkg/lib/my_python_pkg
[7.465s] Installing publisher script to /mnt/d/Programming/ROS2/ROS2_WS/install/my_python_pkg/lib/my_python_pkg
[7.518s] Installing python_node script to /mnt/d/Programming/ROS2/ROS2_WS/install/my_python_pkg/lib/my_python_pkg
[7.549s] Installing subscriber script to /mnt/d/Programming/ROS2/ROS2_WS/install/my_python_pkg/lib/my_python_pkg
[7.588s] 
[7.589s] Installed /mnt/d/Programming/ROS2/ROS2_WS/build/my_python_pkg
[7.594s] running install_data
[7.711s] Invoked command in '/mnt/d/Programming/ROS2/ROS2_WS/build/my_python_pkg' returned '0': PYTHONPATH=/mnt/d/Programming/ROS2/ROS2_WS/install/my_python_pkg/lib/python3.8/site-packages:${PYTHONPATH} /usr/bin/python3 setup.py develop --prefix /mnt/d/Programming/ROS2/ROS2_WS/install/my_python_pkg --editable --build-directory /mnt/d/Programming/ROS2/ROS2_WS/build/my_python_pkg/build --no-deps install_data --install-dir /mnt/d/Programming/ROS2/ROS2_WS/install/my_python_pkg
