[0.343s] Invoking command in '/mnt/d/Programming/ROS2/ROS2_WS/build/my_cpp_package': AMENT_PREFIX_PATH=/mnt/d/Programming/ROS2/ROS2_WS/install/my_interface_pkg:${AMENT_PREFIX_PATH} CMAKE_PREFIX_PATH=/mnt/d/Programming/ROS2/ROS2_WS/install/my_interface_pkg:/mnt/d/Programming/ROS2/ROS2_WS/install/my_cpp_package:/mnt/d/Programming/ROS2/ROS2_WS/install/my_python_pkg:/opt/ros/foxy LD_LIBRARY_PATH=/mnt/d/Programming/ROS2/ROS2_WS/install/my_interface_pkg/lib:${LD_LIBRARY_PATH} PYTHONPATH=/mnt/d/Programming/ROS2/ROS2_WS/install/my_interface_pkg/lib/python3.8/site-packages:${PYTHONPATH} /usr/bin/cmake --build /mnt/d/Programming/ROS2/ROS2_WS/build/my_cpp_package -- -j12 -l12
[0.552s] -- Found ament_cmake: 0.9.9 (/opt/ros/foxy/share/ament_cmake/cmake)
[0.770s] -- Using PYTHON_EXECUTABLE: /usr/bin/python3
[1.490s] -- Found rclcpp: 2.4.0 (/opt/ros/foxy/share/rclcpp/cmake)
[1.753s] -- Using all available rosidl_typesupport_c: rosidl_typesupport_fastrtps_c;rosidl_typesupport_introspection_c
[1.758s] -- Found rosidl_adapter: 1.2.1 (/opt/ros/foxy/share/rosidl_adapter/cmake)
[7.972s] -- Using all available rosidl_typesupport_cpp: rosidl_typesupport_fastrtps_cpp;rosidl_typesupport_introspection_cpp
[8.095s] -- Found rmw_implementation_cmake: 1.0.3 (/opt/ros/foxy/share/rmw_implementation_cmake/cmake)
[8.112s] -- Using RMW implementation 'rmw_fastrtps_cpp' as default
[8.385s] -- Found example_interfaces: 0.9.1 (/opt/ros/foxy/share/example_interfaces/cmake)
[8.663s] -- Found my_interface_pkg: 0.0.0 (/mnt/d/Programming/ROS2/ROS2_WS/install/my_interface_pkg/share/my_interface_pkg/cmake)
[9.493s] -- Configuring done
[10.351s] -- Generating done
[10.498s] -- Build files have been written to: /mnt/d/Programming/ROS2/ROS2_WS/build/my_cpp_package
[10.839s] [35m[1mScanning dependencies of target hw_status_check_cpp[0m
[10.935s] [35m[1mScanning dependencies of target add_two_ints_client_oop[0m
[11.178s] [ 28%] Built target cpp_node
[11.185s] [ 28%] Built target subscriber
[11.200s] [ 42%] Built target add_two_ints_server
[11.214s] [ 57%] Built target add_two_ints_client_no_oop
[11.253s] [ 71%] Built target publisher
[12.556s] [ 78%] [32mBuilding CXX object CMakeFiles/add_two_ints_client_oop.dir/src/add_two_ints_client_oop.cpp.o[0m
[12.908s] [ 85%] [32mBuilding CXX object CMakeFiles/hw_status_check_cpp.dir/src/hw_status_check_cpp.cpp.o[0m
[16.386s] [ 92%] [32m[1mLinking CXX executable add_two_ints_client_oop[0m
[18.066s] [ 92%] Built target add_two_ints_client_oop
[18.871s] [100%] [32m[1mLinking CXX executable hw_status_check_cpp[0m
[21.060s] [100%] Built target hw_status_check_cpp
[21.135s] Invoked command in '/mnt/d/Programming/ROS2/ROS2_WS/build/my_cpp_package' returned '0': AMENT_PREFIX_PATH=/mnt/d/Programming/ROS2/ROS2_WS/install/my_interface_pkg:${AMENT_PREFIX_PATH} CMAKE_PREFIX_PATH=/mnt/d/Programming/ROS2/ROS2_WS/install/my_interface_pkg:/mnt/d/Programming/ROS2/ROS2_WS/install/my_cpp_package:/mnt/d/Programming/ROS2/ROS2_WS/install/my_python_pkg:/opt/ros/foxy LD_LIBRARY_PATH=/mnt/d/Programming/ROS2/ROS2_WS/install/my_interface_pkg/lib:${LD_LIBRARY_PATH} PYTHONPATH=/mnt/d/Programming/ROS2/ROS2_WS/install/my_interface_pkg/lib/python3.8/site-packages:${PYTHONPATH} /usr/bin/cmake --build /mnt/d/Programming/ROS2/ROS2_WS/build/my_cpp_package -- -j12 -l12
[21.226s] Invoking command in '/mnt/d/Programming/ROS2/ROS2_WS/build/my_cpp_package': AMENT_PREFIX_PATH=/mnt/d/Programming/ROS2/ROS2_WS/install/my_interface_pkg:${AMENT_PREFIX_PATH} CMAKE_PREFIX_PATH=/mnt/d/Programming/ROS2/ROS2_WS/install/my_interface_pkg:/mnt/d/Programming/ROS2/ROS2_WS/install/my_cpp_package:/mnt/d/Programming/ROS2/ROS2_WS/install/my_python_pkg:/opt/ros/foxy LD_LIBRARY_PATH=/mnt/d/Programming/ROS2/ROS2_WS/install/my_interface_pkg/lib:${LD_LIBRARY_PATH} PYTHONPATH=/mnt/d/Programming/ROS2/ROS2_WS/install/my_interface_pkg/lib/python3.8/site-packages:${PYTHONPATH} /usr/bin/cmake --install /mnt/d/Programming/ROS2/ROS2_WS/build/my_cpp_package
[21.250s] -- Install configuration: ""
[21.278s] -- Up-to-date: /mnt/d/Programming/ROS2/ROS2_WS/install/my_cpp_package/lib/my_cpp_package/cpp_node
[21.330s] -- Up-to-date: /mnt/d/Programming/ROS2/ROS2_WS/install/my_cpp_package/lib/my_cpp_package/publisher
[21.374s] -- Up-to-date: /mnt/d/Programming/ROS2/ROS2_WS/install/my_cpp_package/lib/my_cpp_package/subscriber
[21.425s] -- Up-to-date: /mnt/d/Programming/ROS2/ROS2_WS/install/my_cpp_package/lib/my_cpp_package/add_two_ints_server
[21.473s] -- Up-to-date: /mnt/d/Programming/ROS2/ROS2_WS/install/my_cpp_package/lib/my_cpp_package/add_two_ints_client_no_oop
[21.519s] -- Installing: /mnt/d/Programming/ROS2/ROS2_WS/install/my_cpp_package/lib/my_cpp_package/add_two_ints_client_oop
[21.592s] -- Set runtime path of "/mnt/d/Programming/ROS2/ROS2_WS/install/my_cpp_package/lib/my_cpp_package/add_two_ints_client_oop" to ""
[21.601s] -- Installing: /mnt/d/Programming/ROS2/ROS2_WS/install/my_cpp_package/lib/my_cpp_package/hw_status_check_cpp
[21.682s] -- Set runtime path of "/mnt/d/Programming/ROS2/ROS2_WS/install/my_cpp_package/lib/my_cpp_package/hw_status_check_cpp" to ""
[21.703s] -- Installing: /mnt/d/Programming/ROS2/ROS2_WS/install/my_cpp_package/share/ament_index/resource_index/package_run_dependencies/my_cpp_package
[21.771s] -- Installing: /mnt/d/Programming/ROS2/ROS2_WS/install/my_cpp_package/share/ament_index/resource_index/parent_prefix_path/my_cpp_package
[21.824s] -- Up-to-date: /mnt/d/Programming/ROS2/ROS2_WS/install/my_cpp_package/share/my_cpp_package/environment/ament_prefix_path.sh
[21.838s] -- Installing: /mnt/d/Programming/ROS2/ROS2_WS/install/my_cpp_package/share/my_cpp_package/environment/ament_prefix_path.dsv
[21.881s] -- Up-to-date: /mnt/d/Programming/ROS2/ROS2_WS/install/my_cpp_package/share/my_cpp_package/environment/path.sh
[21.897s] -- Installing: /mnt/d/Programming/ROS2/ROS2_WS/install/my_cpp_package/share/my_cpp_package/environment/path.dsv
[21.939s] -- Up-to-date: /mnt/d/Programming/ROS2/ROS2_WS/install/my_cpp_package/share/my_cpp_package/local_setup.bash
[21.951s] -- Up-to-date: /mnt/d/Programming/ROS2/ROS2_WS/install/my_cpp_package/share/my_cpp_package/local_setup.sh
[21.963s] -- Up-to-date: /mnt/d/Programming/ROS2/ROS2_WS/install/my_cpp_package/share/my_cpp_package/local_setup.zsh
[21.980s] -- Installing: /mnt/d/Programming/ROS2/ROS2_WS/install/my_cpp_package/share/my_cpp_package/local_setup.dsv
[22.018s] -- Installing: /mnt/d/Programming/ROS2/ROS2_WS/install/my_cpp_package/share/my_cpp_package/package.dsv
[22.065s] -- Up-to-date: /mnt/d/Programming/ROS2/ROS2_WS/install/my_cpp_package/share/ament_index/resource_index/packages/my_cpp_package
[22.082s] -- Up-to-date: /mnt/d/Programming/ROS2/ROS2_WS/install/my_cpp_package/share/my_cpp_package/cmake/my_cpp_packageConfig.cmake
[22.091s] -- Up-to-date: /mnt/d/Programming/ROS2/ROS2_WS/install/my_cpp_package/share/my_cpp_package/cmake/my_cpp_packageConfig-version.cmake
[22.105s] -- Installing: /mnt/d/Programming/ROS2/ROS2_WS/install/my_cpp_package/share/my_cpp_package/package.xml
[22.142s] Invoked command in '/mnt/d/Programming/ROS2/ROS2_WS/build/my_cpp_package' returned '0': AMENT_PREFIX_PATH=/mnt/d/Programming/ROS2/ROS2_WS/install/my_interface_pkg:${AMENT_PREFIX_PATH} CMAKE_PREFIX_PATH=/mnt/d/Programming/ROS2/ROS2_WS/install/my_interface_pkg:/mnt/d/Programming/ROS2/ROS2_WS/install/my_cpp_package:/mnt/d/Programming/ROS2/ROS2_WS/install/my_python_pkg:/opt/ros/foxy LD_LIBRARY_PATH=/mnt/d/Programming/ROS2/ROS2_WS/install/my_interface_pkg/lib:${LD_LIBRARY_PATH} PYTHONPATH=/mnt/d/Programming/ROS2/ROS2_WS/install/my_interface_pkg/lib/python3.8/site-packages:${PYTHONPATH} /usr/bin/cmake --install /mnt/d/Programming/ROS2/ROS2_WS/build/my_cpp_package
