[0.447s] DEBUG:colcon:Command line arguments: ['/usr/bin/colcon', 'build', '--packages-select', 'my_launch_pkg', '--symlink-install']
[0.448s] DEBUG:colcon:Parsed command line arguments: Namespace(allow_overriding=[], ament_cmake_args=None, base_paths=['.'], build_base='build', catkin_cmake_args=None, catkin_skip_building_tests=False, cmake_args=None, cmake_clean_cache=False, cmake_clean_first=False, cmake_force_configure=False, cmake_target=None, cmake_target_skip_unavailable=False, continue_on_error=False, event_handlers=None, executor='parallel', ignore_user_meta=False, install_base='install', log_base=None, log_level=None, main=<bound method BuildVerb.main of <colcon_core.verb.build.BuildVerb object at 0x7f5150db9e80>>, merge_install=False, metas=['./colcon.meta'], packages_above=None, packages_above_and_dependencies=None, packages_above_depth=None, packages_end=None, packages_ignore=None, packages_ignore_regex=None, packages_select=['my_launch_pkg'], packages_select_build_failed=False, packages_select_by_dep=None, packages_select_regex=None, packages_select_test_failures=False, packages_skip=None, packages_skip_build_finished=False, packages_skip_by_dep=None, packages_skip_regex=None, packages_skip_test_passed=False, packages_skip_up_to=None, packages_start=None, packages_up_to=None, packages_up_to_regex=None, parallel_workers=12, paths=None, symlink_install=True, test_result_base=None, verb_extension=<colcon_core.verb.build.BuildVerb object at 0x7f5150db9e80>, verb_name='build', verb_parser=<colcon_defaults.argument_parser.defaults.DefaultArgumentsDecorator object at 0x7f5150d43430>)
[0.471s] Level 1:colcon.colcon_core.package_discovery:discover_packages(colcon_meta) check parameters
[0.471s] Level 1:colcon.colcon_core.package_discovery:discover_packages(recursive) check parameters
[0.471s] Level 1:colcon.colcon_core.package_discovery:discover_packages(ignore) check parameters
[0.471s] Level 1:colcon.colcon_core.package_discovery:discover_packages(path) check parameters
[0.472s] Level 1:colcon.colcon_core.package_discovery:discover_packages(colcon_meta) discover
[0.472s] Level 1:colcon.colcon_core.package_discovery:discover_packages(recursive) discover
[0.473s] INFO:colcon.colcon_core.package_discovery:Crawling recursively for packages in '/mnt/d/programming/ROS2/ROS2_WS'
[0.474s] Level 1:colcon.colcon_core.package_identification:_identify(.) by extensions ['ignore', 'ignore_ament_install']
[0.474s] Level 1:colcon.colcon_core.package_identification:_identify(.) by extension 'ignore'
[0.474s] Level 1:colcon.colcon_core.package_identification:_identify(.) by extension 'ignore_ament_install'
[0.475s] Level 1:colcon.colcon_core.package_identification:_identify(.) by extensions ['colcon_pkg']
[0.475s] Level 1:colcon.colcon_core.package_identification:_identify(.) by extension 'colcon_pkg'
[0.475s] Level 1:colcon.colcon_core.package_identification:_identify(.) by extensions ['colcon_meta']
[0.475s] Level 1:colcon.colcon_core.package_identification:_identify(.) by extension 'colcon_meta'
[0.476s] Level 1:colcon.colcon_core.package_identification:_identify(.) by extensions ['ros']
[0.476s] Level 1:colcon.colcon_core.package_identification:_identify(.) by extension 'ros'
[0.490s] Level 1:colcon.colcon_core.package_identification:_identify(.) by extensions ['cmake', 'python']
[0.490s] Level 1:colcon.colcon_core.package_identification:_identify(.) by extension 'cmake'
[0.491s] Level 1:colcon.colcon_core.package_identification:_identify(.) by extension 'python'
[0.491s] Level 1:colcon.colcon_core.package_identification:_identify(.) by extensions ['python_setup_py']
[0.492s] Level 1:colcon.colcon_core.package_identification:_identify(.) by extension 'python_setup_py'
[0.495s] Level 1:colcon.colcon_core.package_identification:_identify(build) by extensions ['ignore', 'ignore_ament_install']
[0.495s] Level 1:colcon.colcon_core.package_identification:_identify(build) by extension 'ignore'
[0.497s] Level 1:colcon.colcon_core.package_identification:_identify(build) ignored
[0.499s] Level 1:colcon.colcon_core.package_identification:_identify(install) by extensions ['ignore', 'ignore_ament_install']
[0.500s] Level 1:colcon.colcon_core.package_identification:_identify(install) by extension 'ignore'
[0.501s] Level 1:colcon.colcon_core.package_identification:_identify(install) ignored
[0.504s] Level 1:colcon.colcon_core.package_identification:_identify(log) by extensions ['ignore', 'ignore_ament_install']
[0.505s] Level 1:colcon.colcon_core.package_identification:_identify(log) by extension 'ignore'
[0.505s] Level 1:colcon.colcon_core.package_identification:_identify(log) ignored
[0.507s] Level 1:colcon.colcon_core.package_identification:_identify(src) by extensions ['ignore', 'ignore_ament_install']
[0.507s] Level 1:colcon.colcon_core.package_identification:_identify(src) by extension 'ignore'
[0.508s] Level 1:colcon.colcon_core.package_identification:_identify(src) by extension 'ignore_ament_install'
[0.509s] Level 1:colcon.colcon_core.package_identification:_identify(src) by extensions ['colcon_pkg']
[0.509s] Level 1:colcon.colcon_core.package_identification:_identify(src) by extension 'colcon_pkg'
[0.509s] Level 1:colcon.colcon_core.package_identification:_identify(src) by extensions ['colcon_meta']
[0.510s] Level 1:colcon.colcon_core.package_identification:_identify(src) by extension 'colcon_meta'
[0.510s] Level 1:colcon.colcon_core.package_identification:_identify(src) by extensions ['ros']
[0.510s] Level 1:colcon.colcon_core.package_identification:_identify(src) by extension 'ros'
[0.513s] Level 1:colcon.colcon_core.package_identification:_identify(src) by extensions ['cmake', 'python']
[0.513s] Level 1:colcon.colcon_core.package_identification:_identify(src) by extension 'cmake'
[0.514s] Level 1:colcon.colcon_core.package_identification:_identify(src) by extension 'python'
[0.515s] Level 1:colcon.colcon_core.package_identification:_identify(src) by extensions ['python_setup_py']
[0.515s] Level 1:colcon.colcon_core.package_identification:_identify(src) by extension 'python_setup_py'
[0.518s] Level 1:colcon.colcon_core.package_identification:_identify(src/my_cpp_package) by extensions ['ignore', 'ignore_ament_install']
[0.519s] Level 1:colcon.colcon_core.package_identification:_identify(src/my_cpp_package) by extension 'ignore'
[0.519s] Level 1:colcon.colcon_core.package_identification:_identify(src/my_cpp_package) by extension 'ignore_ament_install'
[0.522s] Level 1:colcon.colcon_core.package_identification:_identify(src/my_cpp_package) by extensions ['colcon_pkg']
[0.522s] Level 1:colcon.colcon_core.package_identification:_identify(src/my_cpp_package) by extension 'colcon_pkg'
[0.523s] Level 1:colcon.colcon_core.package_identification:_identify(src/my_cpp_package) by extensions ['colcon_meta']
[0.524s] Level 1:colcon.colcon_core.package_identification:_identify(src/my_cpp_package) by extension 'colcon_meta'
[0.525s] Level 1:colcon.colcon_core.package_identification:_identify(src/my_cpp_package) by extensions ['ros']
[0.525s] Level 1:colcon.colcon_core.package_identification:_identify(src/my_cpp_package) by extension 'ros'
[0.536s] DEBUG:colcon.colcon_core.package_identification:Package 'src/my_cpp_package' with type 'ros.ament_cmake' and name 'my_cpp_package'
[0.540s] Level 1:colcon.colcon_core.package_identification:_identify(src/my_interface_pkg) by extensions ['ignore', 'ignore_ament_install']
[0.540s] Level 1:colcon.colcon_core.package_identification:_identify(src/my_interface_pkg) by extension 'ignore'
[0.541s] Level 1:colcon.colcon_core.package_identification:_identify(src/my_interface_pkg) by extension 'ignore_ament_install'
[0.543s] Level 1:colcon.colcon_core.package_identification:_identify(src/my_interface_pkg) by extensions ['colcon_pkg']
[0.543s] Level 1:colcon.colcon_core.package_identification:_identify(src/my_interface_pkg) by extension 'colcon_pkg'
[0.544s] Level 1:colcon.colcon_core.package_identification:_identify(src/my_interface_pkg) by extensions ['colcon_meta']
[0.544s] Level 1:colcon.colcon_core.package_identification:_identify(src/my_interface_pkg) by extension 'colcon_meta'
[0.546s] Level 1:colcon.colcon_core.package_identification:_identify(src/my_interface_pkg) by extensions ['ros']
[0.546s] Level 1:colcon.colcon_core.package_identification:_identify(src/my_interface_pkg) by extension 'ros'
[0.555s] DEBUG:colcon.colcon_core.package_identification:Package 'src/my_interface_pkg' with type 'ros.ament_cmake' and name 'my_interface_pkg'
[0.558s] Level 1:colcon.colcon_core.package_identification:_identify(src/my_launch_pkg) by extensions ['ignore', 'ignore_ament_install']
[0.558s] Level 1:colcon.colcon_core.package_identification:_identify(src/my_launch_pkg) by extension 'ignore'
[0.560s] Level 1:colcon.colcon_core.package_identification:_identify(src/my_launch_pkg) by extension 'ignore_ament_install'
[0.563s] Level 1:colcon.colcon_core.package_identification:_identify(src/my_launch_pkg) by extensions ['colcon_pkg']
[0.563s] Level 1:colcon.colcon_core.package_identification:_identify(src/my_launch_pkg) by extension 'colcon_pkg'
[0.564s] Level 1:colcon.colcon_core.package_identification:_identify(src/my_launch_pkg) by extensions ['colcon_meta']
[0.564s] Level 1:colcon.colcon_core.package_identification:_identify(src/my_launch_pkg) by extension 'colcon_meta'
[0.566s] Level 1:colcon.colcon_core.package_identification:_identify(src/my_launch_pkg) by extensions ['ros']
[0.566s] Level 1:colcon.colcon_core.package_identification:_identify(src/my_launch_pkg) by extension 'ros'
[0.575s] DEBUG:colcon.colcon_core.package_identification:Package 'src/my_launch_pkg' with type 'ros.ament_cmake' and name 'my_launch_pkg'
[0.577s] Level 1:colcon.colcon_core.package_identification:_identify(src/my_python_pkg) by extensions ['ignore', 'ignore_ament_install']
[0.577s] Level 1:colcon.colcon_core.package_identification:_identify(src/my_python_pkg) by extension 'ignore'
[0.578s] Level 1:colcon.colcon_core.package_identification:_identify(src/my_python_pkg) by extension 'ignore_ament_install'
[0.580s] Level 1:colcon.colcon_core.package_identification:_identify(src/my_python_pkg) by extensions ['colcon_pkg']
[0.580s] Level 1:colcon.colcon_core.package_identification:_identify(src/my_python_pkg) by extension 'colcon_pkg'
[0.581s] Level 1:colcon.colcon_core.package_identification:_identify(src/my_python_pkg) by extensions ['colcon_meta']
[0.581s] Level 1:colcon.colcon_core.package_identification:_identify(src/my_python_pkg) by extension 'colcon_meta'
[0.582s] Level 1:colcon.colcon_core.package_identification:_identify(src/my_python_pkg) by extensions ['ros']
[0.583s] Level 1:colcon.colcon_core.package_identification:_identify(src/my_python_pkg) by extension 'ros'
[0.591s] DEBUG:colcon.colcon_core.package_identification:Package 'src/my_python_pkg' with type 'ros.ament_python' and name 'my_python_pkg'
[0.594s] Level 1:colcon.colcon_core.package_identification:_identify(src/src) by extensions ['ignore', 'ignore_ament_install']
[0.594s] Level 1:colcon.colcon_core.package_identification:_identify(src/src) by extension 'ignore'
[0.595s] Level 1:colcon.colcon_core.package_identification:_identify(src/src) by extension 'ignore_ament_install'
[0.597s] Level 1:colcon.colcon_core.package_identification:_identify(src/src) by extensions ['colcon_pkg']
[0.597s] Level 1:colcon.colcon_core.package_identification:_identify(src/src) by extension 'colcon_pkg'
[0.598s] Level 1:colcon.colcon_core.package_identification:_identify(src/src) by extensions ['colcon_meta']
[0.598s] Level 1:colcon.colcon_core.package_identification:_identify(src/src) by extension 'colcon_meta'
[0.599s] Level 1:colcon.colcon_core.package_identification:_identify(src/src) by extensions ['ros']
[0.599s] Level 1:colcon.colcon_core.package_identification:_identify(src/src) by extension 'ros'
[0.603s] Level 1:colcon.colcon_core.package_identification:_identify(src/src) by extensions ['cmake', 'python']
[0.603s] Level 1:colcon.colcon_core.package_identification:_identify(src/src) by extension 'cmake'
[0.604s] Level 1:colcon.colcon_core.package_identification:_identify(src/src) by extension 'python'
[0.605s] Level 1:colcon.colcon_core.package_identification:_identify(src/src) by extensions ['python_setup_py']
[0.605s] Level 1:colcon.colcon_core.package_identification:_identify(src/src) by extension 'python_setup_py'
[0.606s] Level 1:colcon.colcon_core.package_discovery:discover_packages(recursive) using defaults
[0.606s] Level 1:colcon.colcon_core.package_discovery:discover_packages(ignore) discover
[0.606s] Level 1:colcon.colcon_core.package_discovery:discover_packages(ignore) using defaults
[0.606s] Level 1:colcon.colcon_core.package_discovery:discover_packages(path) discover
[0.606s] Level 1:colcon.colcon_core.package_discovery:discover_packages(path) using defaults
[0.698s] INFO:colcon.colcon_core.package_selection:Skipping not selected package 'my_interface_pkg' in 'src/my_interface_pkg'
[0.698s] INFO:colcon.colcon_core.package_selection:Skipping not selected package 'my_cpp_package' in 'src/my_cpp_package'
[0.698s] INFO:colcon.colcon_core.package_selection:Skipping not selected package 'my_python_pkg' in 'src/my_python_pkg'
[0.699s] Level 5:colcon.colcon_core.verb:set package 'my_launch_pkg' build argument 'cmake_args' from command line to 'None'
[0.699s] Level 5:colcon.colcon_core.verb:set package 'my_launch_pkg' build argument 'cmake_target' from command line to 'None'
[0.699s] Level 5:colcon.colcon_core.verb:set package 'my_launch_pkg' build argument 'cmake_target_skip_unavailable' from command line to 'False'
[0.699s] Level 5:colcon.colcon_core.verb:set package 'my_launch_pkg' build argument 'cmake_clean_cache' from command line to 'False'
[0.700s] Level 5:colcon.colcon_core.verb:set package 'my_launch_pkg' build argument 'cmake_clean_first' from command line to 'False'
[0.700s] Level 5:colcon.colcon_core.verb:set package 'my_launch_pkg' build argument 'cmake_force_configure' from command line to 'False'
[0.700s] Level 5:colcon.colcon_core.verb:set package 'my_launch_pkg' build argument 'ament_cmake_args' from command line to 'None'
[0.700s] Level 5:colcon.colcon_core.verb:set package 'my_launch_pkg' build argument 'catkin_cmake_args' from command line to 'None'
[0.700s] Level 5:colcon.colcon_core.verb:set package 'my_launch_pkg' build argument 'catkin_skip_building_tests' from command line to 'False'
[0.700s] DEBUG:colcon.colcon_core.verb:Building package 'my_launch_pkg' with the following arguments: {'ament_cmake_args': None, 'build_base': '/mnt/d/programming/ROS2/ROS2_WS/build/my_launch_pkg', 'catkin_cmake_args': None, 'catkin_skip_building_tests': False, 'cmake_args': None, 'cmake_clean_cache': False, 'cmake_clean_first': False, 'cmake_force_configure': False, 'cmake_target': None, 'cmake_target_skip_unavailable': False, 'install_base': '/mnt/d/programming/ROS2/ROS2_WS/install/my_launch_pkg', 'merge_install': False, 'path': '/mnt/d/programming/ROS2/ROS2_WS/src/my_launch_pkg', 'symlink_install': True, 'test_result_base': None}
[0.750s] INFO:colcon.colcon_core.executor:Executing jobs using 'parallel' executor
[0.751s] DEBUG:colcon.colcon_parallel_executor.executor.parallel:run_until_complete
[0.752s] INFO:colcon.colcon_ros.task.ament_cmake.build:Building ROS package in '/mnt/d/programming/ROS2/ROS2_WS/src/my_launch_pkg' with build type 'ament_cmake'
[0.752s] INFO:colcon.colcon_cmake.task.cmake.build:Building CMake package in '/mnt/d/programming/ROS2/ROS2_WS/src/my_launch_pkg'
[0.773s] INFO:colcon.colcon_core.plugin_system:Skipping extension 'colcon_core.shell.bat': Not used on non-Windows systems
[0.773s] INFO:colcon.colcon_core.shell:Skip shell extension 'powershell' for command environment: Not usable outside of PowerShell
[0.774s] DEBUG:colcon.colcon_core.shell:Skip shell extension 'dsv' for command environment
[0.910s] DEBUG:colcon.colcon_core.event_handler.log_command:Invoking command in '/mnt/d/programming/ROS2/ROS2_WS/build/my_launch_pkg': CMAKE_PREFIX_PATH=${CMAKE_PREFIX_PATH}:/mnt/d/Programming/ROS2/ROS2_WS/install/my_python_pkg:/opt/ros/foxy /usr/bin/cmake /mnt/d/programming/ROS2/ROS2_WS/src/my_launch_pkg -DAMENT_CMAKE_SYMLINK_INSTALL=1 -DCMAKE_INSTALL_PREFIX=/mnt/d/programming/ROS2/ROS2_WS/install/my_launch_pkg
[10.880s] DEBUG:colcon.colcon_core.event_handler.log_command:Invoked command in '/mnt/d/programming/ROS2/ROS2_WS/build/my_launch_pkg' returned '0': CMAKE_PREFIX_PATH=${CMAKE_PREFIX_PATH}:/mnt/d/Programming/ROS2/ROS2_WS/install/my_python_pkg:/opt/ros/foxy /usr/bin/cmake /mnt/d/programming/ROS2/ROS2_WS/src/my_launch_pkg -DAMENT_CMAKE_SYMLINK_INSTALL=1 -DCMAKE_INSTALL_PREFIX=/mnt/d/programming/ROS2/ROS2_WS/install/my_launch_pkg
[10.893s] DEBUG:colcon.colcon_core.event_handler.log_command:Invoking command in '/mnt/d/programming/ROS2/ROS2_WS/build/my_launch_pkg': CMAKE_PREFIX_PATH=${CMAKE_PREFIX_PATH}:/mnt/d/Programming/ROS2/ROS2_WS/install/my_python_pkg:/opt/ros/foxy /usr/bin/cmake --build /mnt/d/programming/ROS2/ROS2_WS/build/my_launch_pkg -- -j12 -l12
[11.412s] DEBUG:colcon.colcon_core.event_handler.log_command:Invoked command in '/mnt/d/programming/ROS2/ROS2_WS/build/my_launch_pkg' returned '0': CMAKE_PREFIX_PATH=${CMAKE_PREFIX_PATH}:/mnt/d/Programming/ROS2/ROS2_WS/install/my_python_pkg:/opt/ros/foxy /usr/bin/cmake --build /mnt/d/programming/ROS2/ROS2_WS/build/my_launch_pkg -- -j12 -l12
[11.952s] DEBUG:colcon.colcon_core.event_handler.log_command:Invoking command in '/mnt/d/programming/ROS2/ROS2_WS/build/my_launch_pkg': CMAKE_PREFIX_PATH=${CMAKE_PREFIX_PATH}:/mnt/d/Programming/ROS2/ROS2_WS/install/my_python_pkg:/opt/ros/foxy /usr/bin/cmake --install /mnt/d/programming/ROS2/ROS2_WS/build/my_launch_pkg
[14.229s] Level 1:colcon.colcon_core.environment:create_environment_scripts_only(my_launch_pkg)
[14.231s] DEBUG:colcon.colcon_core.event_handler.log_command:Invoked command in '/mnt/d/programming/ROS2/ROS2_WS/build/my_launch_pkg' returned '0': CMAKE_PREFIX_PATH=${CMAKE_PREFIX_PATH}:/mnt/d/Programming/ROS2/ROS2_WS/install/my_python_pkg:/opt/ros/foxy /usr/bin/cmake --install /mnt/d/programming/ROS2/ROS2_WS/build/my_launch_pkg
[14.254s] Level 1:colcon.colcon_core.environment:checking '/mnt/d/programming/ROS2/ROS2_WS/install/my_launch_pkg' for CMake module files
[14.327s] Level 1:colcon.colcon_core.environment:checking '/mnt/d/programming/ROS2/ROS2_WS/install/my_launch_pkg' for CMake config files
[14.398s] Level 1:colcon.colcon_core.shell:create_environment_hook('my_launch_pkg', 'cmake_prefix_path')
[14.399s] INFO:colcon.colcon_core.shell:Creating environment hook '/mnt/d/programming/ROS2/ROS2_WS/install/my_launch_pkg/share/my_launch_pkg/hook/cmake_prefix_path.ps1'
[14.410s] INFO:colcon.colcon_core.shell:Creating environment descriptor '/mnt/d/programming/ROS2/ROS2_WS/install/my_launch_pkg/share/my_launch_pkg/hook/cmake_prefix_path.dsv'
[14.422s] INFO:colcon.colcon_core.shell:Creating environment hook '/mnt/d/programming/ROS2/ROS2_WS/install/my_launch_pkg/share/my_launch_pkg/hook/cmake_prefix_path.sh'
[14.438s] Level 1:colcon.colcon_core.environment:checking '/mnt/d/programming/ROS2/ROS2_WS/install/my_launch_pkg/bin'
[14.440s] Level 1:colcon.colcon_core.environment:checking '/mnt/d/programming/ROS2/ROS2_WS/install/my_launch_pkg/lib/pkgconfig/my_launch_pkg.pc'
[14.441s] Level 1:colcon.colcon_core.environment:checking '/mnt/d/programming/ROS2/ROS2_WS/install/my_launch_pkg/lib/python3.8/site-packages'
[14.443s] INFO:colcon.colcon_core.shell:Creating package script '/mnt/d/programming/ROS2/ROS2_WS/install/my_launch_pkg/share/my_launch_pkg/package.ps1'
[14.453s] INFO:colcon.colcon_core.shell:Creating package descriptor '/mnt/d/programming/ROS2/ROS2_WS/install/my_launch_pkg/share/my_launch_pkg/package.dsv'
[14.466s] INFO:colcon.colcon_core.shell:Creating package script '/mnt/d/programming/ROS2/ROS2_WS/install/my_launch_pkg/share/my_launch_pkg/package.sh'
[14.475s] INFO:colcon.colcon_core.shell:Creating package script '/mnt/d/programming/ROS2/ROS2_WS/install/my_launch_pkg/share/my_launch_pkg/package.bash'
[14.485s] INFO:colcon.colcon_core.shell:Creating package script '/mnt/d/programming/ROS2/ROS2_WS/install/my_launch_pkg/share/my_launch_pkg/package.zsh'
[14.496s] Level 1:colcon.colcon_core.environment:create_file_with_runtime_dependencies(/mnt/d/programming/ROS2/ROS2_WS/install/my_launch_pkg/share/colcon-core/packages/my_launch_pkg)
[14.919s] Level 1:colcon.colcon_core.environment:create_environment_scripts_only(my_launch_pkg)
[14.920s] Level 1:colcon.colcon_core.environment:checking '/mnt/d/programming/ROS2/ROS2_WS/install/my_launch_pkg' for CMake module files
[15.008s] Level 1:colcon.colcon_core.environment:checking '/mnt/d/programming/ROS2/ROS2_WS/install/my_launch_pkg' for CMake config files
[15.087s] Level 1:colcon.colcon_core.shell:create_environment_hook('my_launch_pkg', 'cmake_prefix_path')
[15.088s] INFO:colcon.colcon_core.shell:Creating environment hook '/mnt/d/programming/ROS2/ROS2_WS/install/my_launch_pkg/share/my_launch_pkg/hook/cmake_prefix_path.ps1'
[15.101s] INFO:colcon.colcon_core.shell:Creating environment descriptor '/mnt/d/programming/ROS2/ROS2_WS/install/my_launch_pkg/share/my_launch_pkg/hook/cmake_prefix_path.dsv'
[15.113s] INFO:colcon.colcon_core.shell:Creating environment hook '/mnt/d/programming/ROS2/ROS2_WS/install/my_launch_pkg/share/my_launch_pkg/hook/cmake_prefix_path.sh'
[15.129s] Level 1:colcon.colcon_core.environment:checking '/mnt/d/programming/ROS2/ROS2_WS/install/my_launch_pkg/bin'
[15.131s] Level 1:colcon.colcon_core.environment:checking '/mnt/d/programming/ROS2/ROS2_WS/install/my_launch_pkg/lib/pkgconfig/my_launch_pkg.pc'
[15.132s] Level 1:colcon.colcon_core.environment:checking '/mnt/d/programming/ROS2/ROS2_WS/install/my_launch_pkg/lib/python3.8/site-packages'
[15.134s] INFO:colcon.colcon_core.shell:Creating package script '/mnt/d/programming/ROS2/ROS2_WS/install/my_launch_pkg/share/my_launch_pkg/package.ps1'
[15.147s] INFO:colcon.colcon_core.shell:Creating package descriptor '/mnt/d/programming/ROS2/ROS2_WS/install/my_launch_pkg/share/my_launch_pkg/package.dsv'
[15.158s] INFO:colcon.colcon_core.shell:Creating package script '/mnt/d/programming/ROS2/ROS2_WS/install/my_launch_pkg/share/my_launch_pkg/package.sh'
[15.169s] INFO:colcon.colcon_core.shell:Creating package script '/mnt/d/programming/ROS2/ROS2_WS/install/my_launch_pkg/share/my_launch_pkg/package.bash'
[15.178s] INFO:colcon.colcon_core.shell:Creating package script '/mnt/d/programming/ROS2/ROS2_WS/install/my_launch_pkg/share/my_launch_pkg/package.zsh'
[15.188s] Level 1:colcon.colcon_core.environment:create_file_with_runtime_dependencies(/mnt/d/programming/ROS2/ROS2_WS/install/my_launch_pkg/share/colcon-core/packages/my_launch_pkg)
[15.195s] DEBUG:colcon.colcon_parallel_executor.executor.parallel:closing loop
[15.196s] DEBUG:colcon.colcon_parallel_executor.executor.parallel:loop closed
[15.196s] DEBUG:colcon.colcon_parallel_executor.executor.parallel:run_until_complete finished with '0'
[15.196s] DEBUG:colcon.colcon_core.event_reactor:joining thread
[15.254s] INFO:colcon.colcon_core.plugin_system:Skipping extension 'colcon_notification.desktop_notification.terminal_notifier': Not used on non-Darwin systems
[15.254s] INFO:colcon.colcon_core.plugin_system:Skipping extension 'colcon_notification.desktop_notification.win32': Not used on non-Windows systems
[15.254s] INFO:colcon.colcon_notification.desktop_notification:Sending desktop notification using 'notify2'
[146.456s] DEBUG:colcon.colcon_notification.desktop_notification.notify2:Failed to initialize notify2: org.freedesktop.DBus.Error.Spawn.ExecFailed: /usr/bin/dbus-launch terminated abnormally with the following error: Autolaunch error: X11 initialization failed.

[146.457s] DEBUG:colcon.colcon_core.event_reactor:joined thread
[146.458s] INFO:colcon.colcon_core.shell:Creating prefix script '/mnt/d/programming/ROS2/ROS2_WS/install/local_setup.ps1'
[146.468s] INFO:colcon.colcon_core.shell:Creating prefix util module '/mnt/d/programming/ROS2/ROS2_WS/install/_local_setup_util_ps1.py'
[146.475s] INFO:colcon.colcon_core.shell:Creating prefix chain script '/mnt/d/programming/ROS2/ROS2_WS/install/setup.ps1'
[146.501s] INFO:colcon.colcon_core.shell:Creating prefix script '/mnt/d/programming/ROS2/ROS2_WS/install/local_setup.sh'
[146.506s] INFO:colcon.colcon_core.shell:Creating prefix util module '/mnt/d/programming/ROS2/ROS2_WS/install/_local_setup_util_sh.py'
[146.510s] INFO:colcon.colcon_core.shell:Creating prefix chain script '/mnt/d/programming/ROS2/ROS2_WS/install/setup.sh'
[146.537s] INFO:colcon.colcon_core.shell:Creating prefix script '/mnt/d/programming/ROS2/ROS2_WS/install/local_setup.bash'
[146.542s] INFO:colcon.colcon_core.shell:Creating prefix chain script '/mnt/d/programming/ROS2/ROS2_WS/install/setup.bash'
[146.566s] INFO:colcon.colcon_core.shell:Creating prefix script '/mnt/d/programming/ROS2/ROS2_WS/install/local_setup.zsh'
[146.572s] INFO:colcon.colcon_core.shell:Creating prefix chain script '/mnt/d/programming/ROS2/ROS2_WS/install/setup.zsh'
