[4.570s] Invoking command in '/mnt/d/Programming/ROS2/ROS2_WS/src/my_python_pkg': PYTHONPATH=/mnt/d/Programming/ROS2/ROS2_WS/install/my_python_pkg/lib/python3.8/site-packages:${PYTHONPATH} /usr/bin/python3 setup.py egg_info --egg-base ../../build/my_python_pkg build --build-base /mnt/d/Programming/ROS2/ROS2_WS/build/my_python_pkg/build install --prefix /mnt/d/Programming/ROS2/ROS2_WS/install/my_python_pkg --record /mnt/d/Programming/ROS2/ROS2_WS/build/my_python_pkg/install.log --single-version-externally-managed
[6.102s] running egg_info
[6.112s] writing ../../build/my_python_pkg/my_python_pkg.egg-info/PKG-INFO
[6.124s] writing dependency_links to ../../build/my_python_pkg/my_python_pkg.egg-info/dependency_links.txt
[6.135s] writing entry points to ../../build/my_python_pkg/my_python_pkg.egg-info/entry_points.txt
[6.143s] writing requirements to ../../build/my_python_pkg/my_python_pkg.egg-info/requires.txt
[6.148s] writing top-level names to ../../build/my_python_pkg/my_python_pkg.egg-info/top_level.txt
[6.304s] reading manifest file '../../build/my_python_pkg/my_python_pkg.egg-info/SOURCES.txt'
[6.407s] writing manifest file '../../build/my_python_pkg/my_python_pkg.egg-info/SOURCES.txt'
[6.411s] running build
[6.413s] running build_py
[6.467s] running install
[6.482s] running install_lib
[6.621s] running install_data
[6.655s] running install_egg_info
[6.675s] removing '/mnt/d/Programming/ROS2/ROS2_WS/install/my_python_pkg/lib/python3.8/site-packages/my_python_pkg-0.0.0-py3.8.egg-info' (and everything under it)
[6.749s] Copying ../../build/my_python_pkg/my_python_pkg.egg-info to /mnt/d/Programming/ROS2/ROS2_WS/install/my_python_pkg/lib/python3.8/site-packages/my_python_pkg-0.0.0-py3.8.egg-info
[7.099s] running install_scripts
[7.239s] Installing python_node script to /mnt/d/Programming/ROS2/ROS2_WS/install/my_python_pkg/lib/my_python_pkg
[7.260s] writing list of installed files to '/mnt/d/Programming/ROS2/ROS2_WS/build/my_python_pkg/install.log'
[7.298s] Invoked command in '/mnt/d/Programming/ROS2/ROS2_WS/src/my_python_pkg' returned '0': PYTHONPATH=/mnt/d/Programming/ROS2/ROS2_WS/install/my_python_pkg/lib/python3.8/site-packages:${PYTHONPATH} /usr/bin/python3 setup.py egg_info --egg-base ../../build/my_python_pkg build --build-base /mnt/d/Programming/ROS2/ROS2_WS/build/my_python_pkg/build install --prefix /mnt/d/Programming/ROS2/ROS2_WS/install/my_python_pkg --record /mnt/d/Programming/ROS2/ROS2_WS/build/my_python_pkg/install.log --single-version-externally-managed
