[0.100s] Invoking command in '/mnt/d/Programming/ROS2/ROS2_WS/build/my_cpp_package': CMAKE_PREFIX_PATH=${CMAKE_PREFIX_PATH}:/mnt/d/Programming/ROS2/ROS2_WS/install/my_python_pkg:/opt/ros/foxy /usr/bin/cmake --build /mnt/d/Programming/ROS2/ROS2_WS/build/my_cpp_package -- -j12 -l12
[0.270s] [35m[1mScanning dependencies of target cpp_node[0m
[1.148s] [ 50%] [32mBuilding CXX object CMakeFiles/cpp_node.dir/src/my_first_cpp_node.cpp.o[0m
[3.097s] [100%] [32m[1mLinking CXX executable cpp_node[0m
[3.768s] [100%] Built target cpp_node
[3.805s] Invoked command in '/mnt/d/Programming/ROS2/ROS2_WS/build/my_cpp_package' returned '0': CMAKE_PREFIX_PATH=${CMAKE_PREFIX_PATH}:/mnt/d/Programming/ROS2/ROS2_WS/install/my_python_pkg:/opt/ros/foxy /usr/bin/cmake --build /mnt/d/Programming/ROS2/ROS2_WS/build/my_cpp_package -- -j12 -l12
[3.886s] Invoking command in '/mnt/d/Programming/ROS2/ROS2_WS/build/my_cpp_package': CMAKE_PREFIX_PATH=${CMAKE_PREFIX_PATH}:/mnt/d/Programming/ROS2/ROS2_WS/install/my_python_pkg:/opt/ros/foxy /usr/bin/cmake --install /mnt/d/Programming/ROS2/ROS2_WS/build/my_cpp_package
[3.899s] -- Install configuration: ""
[3.936s] -- Installing: /mnt/d/Programming/ROS2/ROS2_WS/install/my_cpp_package/lib/my_cpp_package/cpp_node
[4.018s] -- Set runtime path of "/mnt/d/Programming/ROS2/ROS2_WS/install/my_cpp_package/lib/my_cpp_package/cpp_node" to ""
[4.045s] -- Up-to-date: /mnt/d/Programming/ROS2/ROS2_WS/install/my_cpp_package/share/ament_index/resource_index/package_run_dependencies/my_cpp_package
[4.079s] -- Up-to-date: /mnt/d/Programming/ROS2/ROS2_WS/install/my_cpp_package/share/ament_index/resource_index/parent_prefix_path/my_cpp_package
[4.090s] -- Up-to-date: /mnt/d/Programming/ROS2/ROS2_WS/install/my_cpp_package/share/my_cpp_package/environment/ament_prefix_path.sh
[4.112s] -- Up-to-date: /mnt/d/Programming/ROS2/ROS2_WS/install/my_cpp_package/share/my_cpp_package/environment/ament_prefix_path.dsv
[4.124s] -- Up-to-date: /mnt/d/Programming/ROS2/ROS2_WS/install/my_cpp_package/share/my_cpp_package/environment/path.sh
[4.148s] -- Up-to-date: /mnt/d/Programming/ROS2/ROS2_WS/install/my_cpp_package/share/my_cpp_package/environment/path.dsv
[4.168s] -- Up-to-date: /mnt/d/Programming/ROS2/ROS2_WS/install/my_cpp_package/share/my_cpp_package/local_setup.bash
[4.189s] -- Up-to-date: /mnt/d/Programming/ROS2/ROS2_WS/install/my_cpp_package/share/my_cpp_package/local_setup.sh
[4.206s] -- Up-to-date: /mnt/d/Programming/ROS2/ROS2_WS/install/my_cpp_package/share/my_cpp_package/local_setup.zsh
[4.224s] -- Up-to-date: /mnt/d/Programming/ROS2/ROS2_WS/install/my_cpp_package/share/my_cpp_package/local_setup.dsv
[4.243s] -- Installing: /mnt/d/Programming/ROS2/ROS2_WS/install/my_cpp_package/share/my_cpp_package/package.dsv
[4.313s] -- Up-to-date: /mnt/d/Programming/ROS2/ROS2_WS/install/my_cpp_package/share/ament_index/resource_index/packages/my_cpp_package
[4.327s] -- Up-to-date: /mnt/d/Programming/ROS2/ROS2_WS/install/my_cpp_package/share/my_cpp_package/cmake/my_cpp_packageConfig.cmake
[4.342s] -- Up-to-date: /mnt/d/Programming/ROS2/ROS2_WS/install/my_cpp_package/share/my_cpp_package/cmake/my_cpp_packageConfig-version.cmake
[4.358s] -- Up-to-date: /mnt/d/Programming/ROS2/ROS2_WS/install/my_cpp_package/share/my_cpp_package/package.xml
[4.368s] Invoked command in '/mnt/d/Programming/ROS2/ROS2_WS/build/my_cpp_package' returned '0': CMAKE_PREFIX_PATH=${CMAKE_PREFIX_PATH}:/mnt/d/Programming/ROS2/ROS2_WS/install/my_python_pkg:/opt/ros/foxy /usr/bin/cmake --install /mnt/d/Programming/ROS2/ROS2_WS/build/my_cpp_package
