[0.098s] Invoking command in '/mnt/d/Programming/ROS2/ROS2_WS/build/my_cpp_package': CMAKE_PREFIX_PATH=/opt/ros/foxy /usr/bin/cmake --build /mnt/d/Programming/ROS2/ROS2_WS/build/my_cpp_package -- -j12 -l12
[0.213s] Invoked command in '/mnt/d/Programming/ROS2/ROS2_WS/build/my_cpp_package' returned '0': CMAKE_PREFIX_PATH=/opt/ros/foxy /usr/bin/cmake --build /mnt/d/Programming/ROS2/ROS2_WS/build/my_cpp_package -- -j12 -l12
[0.271s] Invoking command in '/mnt/d/Programming/ROS2/ROS2_WS/build/my_cpp_package': CMAKE_PREFIX_PATH=/opt/ros/foxy /usr/bin/cmake --install /mnt/d/Programming/ROS2/ROS2_WS/build/my_cpp_package
[0.282s] -- Install configuration: ""
[0.300s] -- Up-to-date: /mnt/d/Programming/ROS2/ROS2_WS/install/my_cpp_package/share/ament_index/resource_index/package_run_dependencies/my_cpp_package
[0.328s] -- Up-to-date: /mnt/d/Programming/ROS2/ROS2_WS/install/my_cpp_package/share/ament_index/resource_index/parent_prefix_path/my_cpp_package
[0.343s] -- Up-to-date: /mnt/d/Programming/ROS2/ROS2_WS/install/my_cpp_package/share/my_cpp_package/environment/ament_prefix_path.sh
[0.358s] -- Up-to-date: /mnt/d/Programming/ROS2/ROS2_WS/install/my_cpp_package/share/my_cpp_package/environment/ament_prefix_path.dsv
[0.368s] -- Up-to-date: /mnt/d/Programming/ROS2/ROS2_WS/install/my_cpp_package/share/my_cpp_package/environment/path.sh
[0.384s] -- Up-to-date: /mnt/d/Programming/ROS2/ROS2_WS/install/my_cpp_package/share/my_cpp_package/environment/path.dsv
[0.397s] -- Up-to-date: /mnt/d/Programming/ROS2/ROS2_WS/install/my_cpp_package/share/my_cpp_package/local_setup.bash
[0.412s] -- Up-to-date: /mnt/d/Programming/ROS2/ROS2_WS/install/my_cpp_package/share/my_cpp_package/local_setup.sh
[0.428s] -- Up-to-date: /mnt/d/Programming/ROS2/ROS2_WS/install/my_cpp_package/share/my_cpp_package/local_setup.zsh
[0.442s] -- Up-to-date: /mnt/d/Programming/ROS2/ROS2_WS/install/my_cpp_package/share/my_cpp_package/local_setup.dsv
[0.455s] -- Installing: /mnt/d/Programming/ROS2/ROS2_WS/install/my_cpp_package/share/my_cpp_package/package.dsv
[0.506s] -- Up-to-date: /mnt/d/Programming/ROS2/ROS2_WS/install/my_cpp_package/share/ament_index/resource_index/packages/my_cpp_package
[0.523s] -- Up-to-date: /mnt/d/Programming/ROS2/ROS2_WS/install/my_cpp_package/share/my_cpp_package/cmake/my_cpp_packageConfig.cmake
[0.538s] -- Up-to-date: /mnt/d/Programming/ROS2/ROS2_WS/install/my_cpp_package/share/my_cpp_package/cmake/my_cpp_packageConfig-version.cmake
[0.553s] -- Up-to-date: /mnt/d/Programming/ROS2/ROS2_WS/install/my_cpp_package/share/my_cpp_package/package.xml
[0.562s] Invoked command in '/mnt/d/Programming/ROS2/ROS2_WS/build/my_cpp_package' returned '0': CMAKE_PREFIX_PATH=/opt/ros/foxy /usr/bin/cmake --install /mnt/d/Programming/ROS2/ROS2_WS/build/my_cpp_package
