[35m[1mScanning dependencies of target publisher[0m
[ 50%] Built target cpp_node
[ 75%] [32mBuilding CXX object CMakeFiles/publisher.dir/src/publisher.cpp.o[0m
[100%] [32m[1mLinking CXX executable publisher[0m
[100%] Built target publisher
-- Install configuration: ""
-- Up-to-date: /mnt/d/Programming/ROS2/ROS2_WS/install/my_cpp_package/lib/my_cpp_package/cpp_node
-- Installing: /mnt/d/Programming/ROS2/ROS2_WS/install/my_cpp_package/lib/my_cpp_package/publisher
-- Set runtime path of "/mnt/d/Programming/ROS2/ROS2_WS/install/my_cpp_package/lib/my_cpp_package/publisher" to ""
-- Up-to-date: /mnt/d/Programming/ROS2/ROS2_WS/install/my_cpp_package/share/ament_index/resource_index/package_run_dependencies/my_cpp_package
-- Up-to-date: /mnt/d/Programming/ROS2/ROS2_WS/install/my_cpp_package/share/ament_index/resource_index/parent_prefix_path/my_cpp_package
-- Up-to-date: /mnt/d/Programming/ROS2/ROS2_WS/install/my_cpp_package/share/my_cpp_package/environment/ament_prefix_path.sh
-- Up-to-date: /mnt/d/Programming/ROS2/ROS2_WS/install/my_cpp_package/share/my_cpp_package/environment/ament_prefix_path.dsv
-- Up-to-date: /mnt/d/Programming/ROS2/ROS2_WS/install/my_cpp_package/share/my_cpp_package/environment/path.sh
-- Up-to-date: /mnt/d/Programming/ROS2/ROS2_WS/install/my_cpp_package/share/my_cpp_package/environment/path.dsv
-- Up-to-date: /mnt/d/Programming/ROS2/ROS2_WS/install/my_cpp_package/share/my_cpp_package/local_setup.bash
-- Up-to-date: /mnt/d/Programming/ROS2/ROS2_WS/install/my_cpp_package/share/my_cpp_package/local_setup.sh
-- Up-to-date: /mnt/d/Programming/ROS2/ROS2_WS/install/my_cpp_package/share/my_cpp_package/local_setup.zsh
-- Up-to-date: /mnt/d/Programming/ROS2/ROS2_WS/install/my_cpp_package/share/my_cpp_package/local_setup.dsv
-- Installing: /mnt/d/Programming/ROS2/ROS2_WS/install/my_cpp_package/share/my_cpp_package/package.dsv
-- Up-to-date: /mnt/d/Programming/ROS2/ROS2_WS/install/my_cpp_package/share/ament_index/resource_index/packages/my_cpp_package
-- Up-to-date: /mnt/d/Programming/ROS2/ROS2_WS/install/my_cpp_package/share/my_cpp_package/cmake/my_cpp_packageConfig.cmake
-- Up-to-date: /mnt/d/Programming/ROS2/ROS2_WS/install/my_cpp_package/share/my_cpp_package/cmake/my_cpp_packageConfig-version.cmake
-- Up-to-date: /mnt/d/Programming/ROS2/ROS2_WS/install/my_cpp_package/share/my_cpp_package/package.xml
