[1.375s] Invoking command in '/mnt/d/programming/ROS2/ROS2_WS/src/my_python_pkg': PYTHONPATH=/mnt/d/programming/ROS2/ROS2_WS/install/my_python_pkg/lib/python3.8/site-packages:${PYTHONPATH} /usr/bin/python3 setup.py egg_info --egg-base ../../build/my_python_pkg build --build-base /mnt/d/programming/ROS2/ROS2_WS/build/my_python_pkg/build install --prefix /mnt/d/programming/ROS2/ROS2_WS/install/my_python_pkg --record /mnt/d/programming/ROS2/ROS2_WS/build/my_python_pkg/install.log --single-version-externally-managed
[1.922s] running egg_info
[1.933s] writing ../../build/my_python_pkg/my_python_pkg.egg-info/PKG-INFO
[1.942s] writing dependency_links to ../../build/my_python_pkg/my_python_pkg.egg-info/dependency_links.txt
[1.951s] writing entry points to ../../build/my_python_pkg/my_python_pkg.egg-info/entry_points.txt
[1.958s] writing requirements to ../../build/my_python_pkg/my_python_pkg.egg-info/requires.txt
[1.963s] writing top-level names to ../../build/my_python_pkg/my_python_pkg.egg-info/top_level.txt
[2.053s] reading manifest file '../../build/my_python_pkg/my_python_pkg.egg-info/SOURCES.txt'
[2.125s] writing manifest file '../../build/my_python_pkg/my_python_pkg.egg-info/SOURCES.txt'
[2.130s] running build
[2.131s] running build_py
[2.143s] copying my_python_pkg/my_first_python_node.py -> /mnt/d/programming/ROS2/ROS2_WS/build/my_python_pkg/build/lib/my_python_pkg
[2.172s] running install
[2.175s] running install_lib
[2.207s] copying /mnt/d/programming/ROS2/ROS2_WS/build/my_python_pkg/build/lib/my_python_pkg/my_first_python_node.py -> /mnt/d/programming/ROS2/ROS2_WS/install/my_python_pkg/lib/python3.8/site-packages/my_python_pkg
[2.267s] byte-compiling /mnt/d/programming/ROS2/ROS2_WS/install/my_python_pkg/lib/python3.8/site-packages/my_python_pkg/my_first_python_node.py to my_first_python_node.cpython-38.pyc
[2.310s] running install_data
[2.339s] running install_egg_info
[2.349s] removing '/mnt/d/programming/ROS2/ROS2_WS/install/my_python_pkg/lib/python3.8/site-packages/my_python_pkg-0.0.0-py3.8.egg-info' (and everything under it)
[2.402s] Copying ../../build/my_python_pkg/my_python_pkg.egg-info to /mnt/d/programming/ROS2/ROS2_WS/install/my_python_pkg/lib/python3.8/site-packages/my_python_pkg-0.0.0-py3.8.egg-info
[2.639s] running install_scripts
[2.678s] Installing python_node script to /mnt/d/programming/ROS2/ROS2_WS/install/my_python_pkg/lib/my_python_pkg
[2.692s] writing list of installed files to '/mnt/d/programming/ROS2/ROS2_WS/build/my_python_pkg/install.log'
[2.713s] Invoked command in '/mnt/d/programming/ROS2/ROS2_WS/src/my_python_pkg' returned '0': PYTHONPATH=/mnt/d/programming/ROS2/ROS2_WS/install/my_python_pkg/lib/python3.8/site-packages:${PYTHONPATH} /usr/bin/python3 setup.py egg_info --egg-base ../../build/my_python_pkg build --build-base /mnt/d/programming/ROS2/ROS2_WS/build/my_python_pkg/build install --prefix /mnt/d/programming/ROS2/ROS2_WS/install/my_python_pkg --record /mnt/d/programming/ROS2/ROS2_WS/build/my_python_pkg/install.log --single-version-externally-managed
