-- The C compiler identification is GNU 10.3.0
-- The CXX compiler identification is GNU 10.3.0
-- Check for working C compiler: /usr/bin/cc
-- Check for working C compiler: /usr/bin/cc -- works
-- Detecting C compiler ABI info
-- Detecting C compiler ABI info - done
-- Detecting C compile features
-- Detecting C compile features - done
-- Check for working CXX compiler: /usr/bin/c++
-- Check for working CXX compiler: /usr/bin/c++ -- works
-- Detecting CXX compiler ABI info
-- Detecting CXX compiler ABI info - done
-- Detecting CXX compile features
-- Detecting CXX compile features - done
-- Found ament_cmake: 0.9.9 (/opt/ros/foxy/share/ament_cmake/cmake)
-- Found PythonInterp: /usr/bin/python3 (found suitable version "3.8.10", minimum required is "3") 
-- Using PYTHON_EXECUTABLE: /usr/bin/python3
-- Override CMake install command with custom implementation using symlinks instead of copying resources
-- Configuring done
-- Generating done
-- Build files have been written to: /mnt/d/programming/ROS2/ROS2_WS/build/my_launch_pkg
-- Install configuration: ""
-- Execute custom install script
-- Symlinking: /mnt/d/programming/ROS2/ROS2_WS/install/my_launch_pkg/share/my_launch_pkg/launch/number_app.launch.py
-- Symlinking: /mnt/d/programming/ROS2/ROS2_WS/install/my_launch_pkg/share/ament_index/resource_index/package_run_dependencies/my_launch_pkg
-- Symlinking: /mnt/d/programming/ROS2/ROS2_WS/install/my_launch_pkg/share/ament_index/resource_index/parent_prefix_path/my_launch_pkg
-- Symlinking: /mnt/d/programming/ROS2/ROS2_WS/install/my_launch_pkg/share/my_launch_pkg/environment/ament_prefix_path.sh
-- Symlinking: /mnt/d/programming/ROS2/ROS2_WS/install/my_launch_pkg/share/my_launch_pkg/environment/ament_prefix_path.dsv
-- Symlinking: /mnt/d/programming/ROS2/ROS2_WS/install/my_launch_pkg/share/my_launch_pkg/environment/path.sh
-- Symlinking: /mnt/d/programming/ROS2/ROS2_WS/install/my_launch_pkg/share/my_launch_pkg/environment/path.dsv
-- Symlinking: /mnt/d/programming/ROS2/ROS2_WS/install/my_launch_pkg/share/my_launch_pkg/local_setup.bash
-- Symlinking: /mnt/d/programming/ROS2/ROS2_WS/install/my_launch_pkg/share/my_launch_pkg/local_setup.sh
-- Symlinking: /mnt/d/programming/ROS2/ROS2_WS/install/my_launch_pkg/share/my_launch_pkg/local_setup.zsh
-- Symlinking: /mnt/d/programming/ROS2/ROS2_WS/install/my_launch_pkg/share/my_launch_pkg/local_setup.dsv
-- Symlinking: /mnt/d/programming/ROS2/ROS2_WS/install/my_launch_pkg/share/my_launch_pkg/package.dsv
-- Symlinking: /mnt/d/programming/ROS2/ROS2_WS/install/my_launch_pkg/share/ament_index/resource_index/packages/my_launch_pkg
-- Symlinking: /mnt/d/programming/ROS2/ROS2_WS/install/my_launch_pkg/share/my_launch_pkg/cmake/my_launch_pkgConfig.cmake
-- Symlinking: /mnt/d/programming/ROS2/ROS2_WS/install/my_launch_pkg/share/my_launch_pkg/cmake/my_launch_pkgConfig-version.cmake
-- Symlinking: /mnt/d/programming/ROS2/ROS2_WS/install/my_launch_pkg/share/my_launch_pkg/package.xml
