[3.134s] Invoking command in '/mnt/d/Programming/ROS2/ROS2_WS/src/my_python_pkg': PYTHONPATH=/mnt/d/Programming/ROS2/ROS2_WS/install/my_python_pkg/lib/python3.8/site-packages:${PYTHONPATH} /usr/bin/python3 setup.py egg_info --egg-base ../../build/my_python_pkg build --build-base /mnt/d/Programming/ROS2/ROS2_WS/build/my_python_pkg/build install --prefix /mnt/d/Programming/ROS2/ROS2_WS/install/my_python_pkg --record /mnt/d/Programming/ROS2/ROS2_WS/build/my_python_pkg/install.log --single-version-externally-managed
[4.094s] running egg_info
[4.099s] writing ../../build/my_python_pkg/my_python_pkg.egg-info/PKG-INFO
[4.106s] writing dependency_links to ../../build/my_python_pkg/my_python_pkg.egg-info/dependency_links.txt
[4.114s] writing entry points to ../../build/my_python_pkg/my_python_pkg.egg-info/entry_points.txt
[4.118s] writing requirements to ../../build/my_python_pkg/my_python_pkg.egg-info/requires.txt
[4.122s] writing top-level names to ../../build/my_python_pkg/my_python_pkg.egg-info/top_level.txt
[4.213s] reading manifest file '../../build/my_python_pkg/my_python_pkg.egg-info/SOURCES.txt'
[4.270s] writing manifest file '../../build/my_python_pkg/my_python_pkg.egg-info/SOURCES.txt'
[4.274s] running build
[4.276s] running build_py
[4.287s] copying my_python_pkg/my_first_python_node.py -> /mnt/d/Programming/ROS2/ROS2_WS/build/my_python_pkg/build/lib/my_python_pkg
[4.312s] running install
[4.317s] running install_lib
[4.356s] copying /mnt/d/Programming/ROS2/ROS2_WS/build/my_python_pkg/build/lib/my_python_pkg/my_first_python_node.py -> /mnt/d/Programming/ROS2/ROS2_WS/install/my_python_pkg/lib/python3.8/site-packages/my_python_pkg
[4.403s] byte-compiling /mnt/d/Programming/ROS2/ROS2_WS/install/my_python_pkg/lib/python3.8/site-packages/my_python_pkg/my_first_python_node.py to my_first_python_node.cpython-38.pyc
[4.444s] running install_data
[4.475s] running install_egg_info
[4.486s] removing '/mnt/d/Programming/ROS2/ROS2_WS/install/my_python_pkg/lib/python3.8/site-packages/my_python_pkg-0.0.0-py3.8.egg-info' (and everything under it)
[4.541s] Copying ../../build/my_python_pkg/my_python_pkg.egg-info to /mnt/d/Programming/ROS2/ROS2_WS/install/my_python_pkg/lib/python3.8/site-packages/my_python_pkg-0.0.0-py3.8.egg-info
[4.720s] running install_scripts
[4.791s] Installing python_node script to /mnt/d/Programming/ROS2/ROS2_WS/install/my_python_pkg/lib/my_python_pkg
[4.802s] writing list of installed files to '/mnt/d/Programming/ROS2/ROS2_WS/build/my_python_pkg/install.log'
[4.822s] Invoked command in '/mnt/d/Programming/ROS2/ROS2_WS/src/my_python_pkg' returned '0': PYTHONPATH=/mnt/d/Programming/ROS2/ROS2_WS/install/my_python_pkg/lib/python3.8/site-packages:${PYTHONPATH} /usr/bin/python3 setup.py egg_info --egg-base ../../build/my_python_pkg build --build-base /mnt/d/Programming/ROS2/ROS2_WS/build/my_python_pkg/build install --prefix /mnt/d/Programming/ROS2/ROS2_WS/install/my_python_pkg --record /mnt/d/Programming/ROS2/ROS2_WS/build/my_python_pkg/install.log --single-version-externally-managed
