[1.763s] Invoking command in '/mnt/d/programming/ROS2/ROS2_WS/build/my_python_pkg': PYTHONPATH=/mnt/d/programming/ROS2/ROS2_WS/install/my_python_pkg/lib/python3.8/site-packages:${PYTHONPATH} /usr/bin/python3 setup.py develop --prefix /mnt/d/programming/ROS2/ROS2_WS/install/my_python_pkg --editable --build-directory /mnt/d/programming/ROS2/ROS2_WS/build/my_python_pkg/build --no-deps install_data --install-dir /mnt/d/programming/ROS2/ROS2_WS/install/my_python_pkg
[2.578s] running develop
[2.820s] running egg_info
[2.822s] writing my_python_pkg.egg-info/PKG-INFO
[2.828s] writing dependency_links to my_python_pkg.egg-info/dependency_links.txt
[2.833s] writing entry points to my_python_pkg.egg-info/entry_points.txt
[2.837s] writing requirements to my_python_pkg.egg-info/requires.txt
[2.841s] writing top-level names to my_python_pkg.egg-info/top_level.txt
[2.930s] reading manifest file 'my_python_pkg.egg-info/SOURCES.txt'
[3.011s] writing manifest file 'my_python_pkg.egg-info/SOURCES.txt'
[3.141s] running build_ext
[3.148s] Creating /mnt/d/programming/ROS2/ROS2_WS/install/my_python_pkg/lib/python3.8/site-packages/my-python-pkg.egg-link (link to .)
[3.163s] Installing add_two_ints script to /mnt/d/programming/ROS2/ROS2_WS/install/my_python_pkg/lib/my_python_pkg
[3.178s] Installing add_two_ints_no_oop script to /mnt/d/programming/ROS2/ROS2_WS/install/my_python_pkg/lib/my_python_pkg
[3.192s] Installing publisher script to /mnt/d/programming/ROS2/ROS2_WS/install/my_python_pkg/lib/my_python_pkg
[3.207s] Installing python_node script to /mnt/d/programming/ROS2/ROS2_WS/install/my_python_pkg/lib/my_python_pkg
[3.224s] Installing subscriber script to /mnt/d/programming/ROS2/ROS2_WS/install/my_python_pkg/lib/my_python_pkg
[3.243s] 
[3.244s] Installed /mnt/d/programming/ROS2/ROS2_WS/build/my_python_pkg
[3.246s] running install_data
[3.297s] Invoked command in '/mnt/d/programming/ROS2/ROS2_WS/build/my_python_pkg' returned '0': PYTHONPATH=/mnt/d/programming/ROS2/ROS2_WS/install/my_python_pkg/lib/python3.8/site-packages:${PYTHONPATH} /usr/bin/python3 setup.py develop --prefix /mnt/d/programming/ROS2/ROS2_WS/install/my_python_pkg --editable --build-directory /mnt/d/programming/ROS2/ROS2_WS/build/my_python_pkg/build --no-deps install_data --install-dir /mnt/d/programming/ROS2/ROS2_WS/install/my_python_pkg
